<?xml version="1.0" encoding="UTF-8"?>
<testsuite name="org.apache.kafka.common.network.SslTransportLayerTest" tests="104" skipped="0" failures="0" errors="0" timestamp="2022-09-03T10:37:46" hostname="LAPTOP-FH01OFOM" time="168.265">
  <properties/>
  <testcase name="testCustomClientAndServerSslEngineFactory[tlsProtocol=TLSv1.2, useInlinePem=false]" classname="org.apache.kafka.common.network.SslTransportLayerTest" time="5.905"/>
  <testcase name="testListenerConfigOverride[tlsProtocol=TLSv1.2, useInlinePem=false]" classname="org.apache.kafka.common.network.SslTransportLayerTest" time="1.445"/>
  <testcase name="testValidEndpointIdentificationCN[tlsProtocol=TLSv1.2, useInlinePem=false]" classname="org.apache.kafka.common.network.SslTransportLayerTest" time="2.782"/>
  <testcase name="testNetworkThreadTimeRecorded[tlsProtocol=TLSv1.2, useInlinePem=false]" classname="org.apache.kafka.common.network.SslTransportLayerTest" time="2.655"/>
  <testcase name="testClientAuthenticationRequestedValidProvided[tlsProtocol=TLSv1.2, useInlinePem=false]" classname="org.apache.kafka.common.network.SslTransportLayerTest" time="1.421"/>
  <testcase name="testClientEndpointNotValidated[tlsProtocol=TLSv1.2, useInlinePem=false]" classname="org.apache.kafka.common.network.SslTransportLayerTest" time="2.63"/>
  <testcase name="testUnsupportedCiphers[tlsProtocol=TLSv1.2, useInlinePem=false]" classname="org.apache.kafka.common.network.SslTransportLayerTest" time="0.539"/>
  <testcase name="testUnsupportedTLSVersion[tlsProtocol=TLSv1.2, useInlinePem=false]" classname="org.apache.kafka.common.network.SslTransportLayerTest" time="0.345"/>
  <testcase name="testIOExceptionsDuringHandshakeRead[tlsProtocol=TLSv1.2, useInlinePem=false]" classname="org.apache.kafka.common.network.SslTransportLayerTest" time="2.958"/>
  <testcase name="testClientAuthenticationRequiredNotProvided[tlsProtocol=TLSv1.2, useInlinePem=false]" classname="org.apache.kafka.common.network.SslTransportLayerTest" time="0.669"/>
  <testcase name="testGracefulRemoteCloseDuringHandshakeWrite[tlsProtocol=TLSv1.2, useInlinePem=false]" classname="org.apache.kafka.common.network.SslTransportLayerTest" time="3.334"/>
  <testcase name="testClientAuthenticationRequestedNotProvided[tlsProtocol=TLSv1.2, useInlinePem=false]" classname="org.apache.kafka.common.network.SslTransportLayerTest" time="0.779"/>
  <testcase name="testIOExceptionsDuringHandshakeWrite[tlsProtocol=TLSv1.2, useInlinePem=false]" classname="org.apache.kafka.common.network.SslTransportLayerTest" time="2.847"/>
  <testcase name="testInvalidKeystorePassword[tlsProtocol=TLSv1.2, useInlinePem=false]" classname="org.apache.kafka.common.network.SslTransportLayerTest" time="0.433"/>
  <testcase name="testClientAuthenticationDisabledNotProvided[tlsProtocol=TLSv1.2, useInlinePem=false]" classname="org.apache.kafka.common.network.SslTransportLayerTest" time="1.147"/>
  <testcase name="testCustomClientSslEngineFactory[tlsProtocol=TLSv1.2, useInlinePem=false]" classname="org.apache.kafka.common.network.SslTransportLayerTest" time="0.717"/>
  <testcase name="testValidEndpointIdentificationSanDns[tlsProtocol=TLSv1.2, useInlinePem=false]" classname="org.apache.kafka.common.network.SslTransportLayerTest" time="0.373"/>
  <testcase name="testEndpointIdentificationNoReverseLookup[tlsProtocol=TLSv1.2, useInlinePem=false]" classname="org.apache.kafka.common.network.SslTransportLayerTest" time="0.717"/>
  <testcase name="testUngracefulRemoteCloseDuringHandshakeWrite[tlsProtocol=TLSv1.2, useInlinePem=false]" classname="org.apache.kafka.common.network.SslTransportLayerTest" time="1.912"/>
  <testcase name="testGracefulRemoteCloseDuringHandshakeRead[tlsProtocol=TLSv1.2, useInlinePem=false]" classname="org.apache.kafka.common.network.SslTransportLayerTest" time="3.477"/>
  <testcase name="testInvalidSecureRandomImplementation[tlsProtocol=TLSv1.2, useInlinePem=false]" classname="org.apache.kafka.common.network.SslTransportLayerTest" time="0.406"/>
  <testcase name="testInvalidEndpointIdentification[tlsProtocol=TLSv1.2, useInlinePem=false]" classname="org.apache.kafka.common.network.SslTransportLayerTest" time="0.76"/>
  <testcase name="testValidEndpointIdentificationSanIp[tlsProtocol=TLSv1.2, useInlinePem=false]" classname="org.apache.kafka.common.network.SslTransportLayerTest" time="0.704"/>
  <testcase name="testEndpointIdentificationDisabled[tlsProtocol=TLSv1.2, useInlinePem=false]" classname="org.apache.kafka.common.network.SslTransportLayerTest" time="0.882"/>
  <testcase name="testInterBrokerSslConfigValidation[tlsProtocol=TLSv1.2, useInlinePem=false]" classname="org.apache.kafka.common.network.SslTransportLayerTest" time="0.757"/>
  <testcase name="testServerTruststoreDynamicUpdate[tlsProtocol=TLSv1.2, useInlinePem=false]" classname="org.apache.kafka.common.network.SslTransportLayerTest" time="1.109"/>
  <testcase name="testPemFilesWithoutServerKeyPassword[tlsProtocol=TLSv1.2, useInlinePem=false]" classname="org.apache.kafka.common.network.SslTransportLayerTest" time="0.595"/>
  <testcase name="testInvalidSslEngineFactory[tlsProtocol=TLSv1.2, useInlinePem=false]" classname="org.apache.kafka.common.network.SslTransportLayerTest" time="0.323"/>
  <testcase name="testNullTruststorePassword[tlsProtocol=TLSv1.2, useInlinePem=false]" classname="org.apache.kafka.common.network.SslTransportLayerTest" time="0.479"/>
  <testcase name="testECKeyPair[tlsProtocol=TLSv1.2, useInlinePem=false]" classname="org.apache.kafka.common.network.SslTransportLayerTest" time="0.762"/>
  <testcase name="testUngracefulRemoteCloseDuringHandshakeRead[tlsProtocol=TLSv1.2, useInlinePem=false]" classname="org.apache.kafka.common.network.SslTransportLayerTest" time="1.605"/>
  <testcase name="testClientAuthenticationRequiredUntrustedProvided[tlsProtocol=TLSv1.2, useInlinePem=false]" classname="org.apache.kafka.common.network.SslTransportLayerTest" time="0.392"/>
  <testcase name="testClientAuthenticationDisabledUntrustedProvided[tlsProtocol=TLSv1.2, useInlinePem=false]" classname="org.apache.kafka.common.network.SslTransportLayerTest" time="0.794"/>
  <testcase name="testSelectorPollReadSize[tlsProtocol=TLSv1.2, useInlinePem=false]" classname="org.apache.kafka.common.network.SslTransportLayerTest" time="1.102"/>
  <testcase name="testNetReadBufferResize[tlsProtocol=TLSv1.2, useInlinePem=false]" classname="org.apache.kafka.common.network.SslTransportLayerTest" time="0.232"/>
  <testcase name="testNetWriteBufferResize[tlsProtocol=TLSv1.2, useInlinePem=false]" classname="org.apache.kafka.common.network.SslTransportLayerTest" time="0.276"/>
  <testcase name="testCustomServerSslEngineFactory[tlsProtocol=TLSv1.2, useInlinePem=false]" classname="org.apache.kafka.common.network.SslTransportLayerTest" time="0.267"/>
  <testcase name="testInvalidTruststorePassword[tlsProtocol=TLSv1.2, useInlinePem=false]" classname="org.apache.kafka.common.network.SslTransportLayerTest" time="0.226"/>
  <testcase name="testServerRequestMetrics[tlsProtocol=TLSv1.2, useInlinePem=false]" classname="org.apache.kafka.common.network.SslTransportLayerTest" time="0.651"/>
  <testcase name="testPeerNotifiedOfHandshakeFailure[tlsProtocol=TLSv1.2, useInlinePem=false]" classname="org.apache.kafka.common.network.SslTransportLayerTest" time="0.462"/>
  <testcase name="testTlsDefaults[tlsProtocol=TLSv1.2, useInlinePem=false]" classname="org.apache.kafka.common.network.SslTransportLayerTest" time="1.074"/>
  <testcase name="testApplicationBufferResize[tlsProtocol=TLSv1.2, useInlinePem=false]" classname="org.apache.kafka.common.network.SslTransportLayerTest" time="0.384"/>
  <testcase name="testClosePlaintext[tlsProtocol=TLSv1.2, useInlinePem=false]" classname="org.apache.kafka.common.network.SslTransportLayerTest" time="0.725"/>
  <testcase name="testPemFiles[tlsProtocol=TLSv1.2, useInlinePem=false]" classname="org.apache.kafka.common.network.SslTransportLayerTest" time="0.521"/>
  <testcase name="testServerKeystoreDynamicUpdate[tlsProtocol=TLSv1.2, useInlinePem=false]" classname="org.apache.kafka.common.network.SslTransportLayerTest" time="1.586"/>
  <testcase name="testClientAuthenticationRequiredValidProvided[tlsProtocol=TLSv1.2, useInlinePem=false]" classname="org.apache.kafka.common.network.SslTransportLayerTest" time="0.698"/>
  <testcase name="testInvalidKeyPassword[tlsProtocol=TLSv1.2, useInlinePem=false]" classname="org.apache.kafka.common.network.SslTransportLayerTest" time="0.488"/>
  <testcase name="testCloseSsl[tlsProtocol=TLSv1.2, useInlinePem=false]" classname="org.apache.kafka.common.network.SslTransportLayerTest" time="0.715"/>
  <testcase name="testDsaKeyPair[tlsProtocol=TLSv1.2, useInlinePem=false]" classname="org.apache.kafka.common.network.SslTransportLayerTest" time="0.347"/>
  <testcase name="testInterBrokerSslConfigValidationFailure[tlsProtocol=TLSv1.2, useInlinePem=false]" classname="org.apache.kafka.common.network.SslTransportLayerTest" time="0.423"/>
  <testcase name="testPemFilesWithoutClientKeyPassword[tlsProtocol=TLSv1.2, useInlinePem=false]" classname="org.apache.kafka.common.network.SslTransportLayerTest" time="0.235"/>
  <testcase name="testServerKeystoreDynamicUpdateWithNewSubjectAltName[tlsProtocol=TLSv1.2, useInlinePem=false]" classname="org.apache.kafka.common.network.SslTransportLayerTest" time="1.859"/>
  <testcase name="testCustomClientAndServerSslEngineFactory[tlsProtocol=TLSv1.2, useInlinePem=true]" classname="org.apache.kafka.common.network.SslTransportLayerTest" time="0.719"/>
  <testcase name="testListenerConfigOverride[tlsProtocol=TLSv1.2, useInlinePem=true]" classname="org.apache.kafka.common.network.SslTransportLayerTest" time="1.44"/>
  <testcase name="testValidEndpointIdentificationCN[tlsProtocol=TLSv1.2, useInlinePem=true]" classname="org.apache.kafka.common.network.SslTransportLayerTest" time="1.778"/>
  <testcase name="testNetworkThreadTimeRecorded[tlsProtocol=TLSv1.2, useInlinePem=true]" classname="org.apache.kafka.common.network.SslTransportLayerTest" time="1.732"/>
  <testcase name="testClientAuthenticationRequestedValidProvided[tlsProtocol=TLSv1.2, useInlinePem=true]" classname="org.apache.kafka.common.network.SslTransportLayerTest" time="1.022"/>
  <testcase name="testClientEndpointNotValidated[tlsProtocol=TLSv1.2, useInlinePem=true]" classname="org.apache.kafka.common.network.SslTransportLayerTest" time="1.502"/>
  <testcase name="testUnsupportedCiphers[tlsProtocol=TLSv1.2, useInlinePem=true]" classname="org.apache.kafka.common.network.SslTransportLayerTest" time="0.828"/>
  <testcase name="testUnsupportedTLSVersion[tlsProtocol=TLSv1.2, useInlinePem=true]" classname="org.apache.kafka.common.network.SslTransportLayerTest" time="0.747"/>
  <testcase name="testIOExceptionsDuringHandshakeRead[tlsProtocol=TLSv1.2, useInlinePem=true]" classname="org.apache.kafka.common.network.SslTransportLayerTest" time="10.851"/>
  <testcase name="testClientAuthenticationRequiredNotProvided[tlsProtocol=TLSv1.2, useInlinePem=true]" classname="org.apache.kafka.common.network.SslTransportLayerTest" time="0.418"/>
  <testcase name="testGracefulRemoteCloseDuringHandshakeWrite[tlsProtocol=TLSv1.2, useInlinePem=true]" classname="org.apache.kafka.common.network.SslTransportLayerTest" time="10.773"/>
  <testcase name="testClientAuthenticationRequestedNotProvided[tlsProtocol=TLSv1.2, useInlinePem=true]" classname="org.apache.kafka.common.network.SslTransportLayerTest" time="0.896"/>
  <testcase name="testIOExceptionsDuringHandshakeWrite[tlsProtocol=TLSv1.2, useInlinePem=true]" classname="org.apache.kafka.common.network.SslTransportLayerTest" time="10.02"/>
  <testcase name="testInvalidKeystorePassword[tlsProtocol=TLSv1.2, useInlinePem=true]" classname="org.apache.kafka.common.network.SslTransportLayerTest" time="0.211"/>
  <testcase name="testClientAuthenticationDisabledNotProvided[tlsProtocol=TLSv1.2, useInlinePem=true]" classname="org.apache.kafka.common.network.SslTransportLayerTest" time="0.485"/>
  <testcase name="testCustomClientSslEngineFactory[tlsProtocol=TLSv1.2, useInlinePem=true]" classname="org.apache.kafka.common.network.SslTransportLayerTest" time="0.675"/>
  <testcase name="testValidEndpointIdentificationSanDns[tlsProtocol=TLSv1.2, useInlinePem=true]" classname="org.apache.kafka.common.network.SslTransportLayerTest" time="0.746"/>
  <testcase name="testEndpointIdentificationNoReverseLookup[tlsProtocol=TLSv1.2, useInlinePem=true]" classname="org.apache.kafka.common.network.SslTransportLayerTest" time="0.65"/>
  <testcase name="testUngracefulRemoteCloseDuringHandshakeWrite[tlsProtocol=TLSv1.2, useInlinePem=true]" classname="org.apache.kafka.common.network.SslTransportLayerTest" time="10.558"/>
  <testcase name="testGracefulRemoteCloseDuringHandshakeRead[tlsProtocol=TLSv1.2, useInlinePem=true]" classname="org.apache.kafka.common.network.SslTransportLayerTest" time="12.386"/>
  <testcase name="testInvalidSecureRandomImplementation[tlsProtocol=TLSv1.2, useInlinePem=true]" classname="org.apache.kafka.common.network.SslTransportLayerTest" time="0.479"/>
  <testcase name="testInvalidEndpointIdentification[tlsProtocol=TLSv1.2, useInlinePem=true]" classname="org.apache.kafka.common.network.SslTransportLayerTest" time="0.935"/>
  <testcase name="testValidEndpointIdentificationSanIp[tlsProtocol=TLSv1.2, useInlinePem=true]" classname="org.apache.kafka.common.network.SslTransportLayerTest" time="1.13"/>
  <testcase name="testEndpointIdentificationDisabled[tlsProtocol=TLSv1.2, useInlinePem=true]" classname="org.apache.kafka.common.network.SslTransportLayerTest" time="1.421"/>
  <testcase name="testInterBrokerSslConfigValidation[tlsProtocol=TLSv1.2, useInlinePem=true]" classname="org.apache.kafka.common.network.SslTransportLayerTest" time="1.008"/>
  <testcase name="testServerTruststoreDynamicUpdate[tlsProtocol=TLSv1.2, useInlinePem=true]" classname="org.apache.kafka.common.network.SslTransportLayerTest" time="1.985"/>
  <testcase name="testPemFilesWithoutServerKeyPassword[tlsProtocol=TLSv1.2, useInlinePem=true]" classname="org.apache.kafka.common.network.SslTransportLayerTest" time="0.569"/>
  <testcase name="testInvalidSslEngineFactory[tlsProtocol=TLSv1.2, useInlinePem=true]" classname="org.apache.kafka.common.network.SslTransportLayerTest" time="0.285"/>
  <testcase name="testNullTruststorePassword[tlsProtocol=TLSv1.2, useInlinePem=true]" classname="org.apache.kafka.common.network.SslTransportLayerTest" time="0.808"/>
  <testcase name="testECKeyPair[tlsProtocol=TLSv1.2, useInlinePem=true]" classname="org.apache.kafka.common.network.SslTransportLayerTest" time="0.92"/>
  <testcase name="testUngracefulRemoteCloseDuringHandshakeRead[tlsProtocol=TLSv1.2, useInlinePem=true]" classname="org.apache.kafka.common.network.SslTransportLayerTest" time="10.435"/>
  <testcase name="testClientAuthenticationRequiredUntrustedProvided[tlsProtocol=TLSv1.2, useInlinePem=true]" classname="org.apache.kafka.common.network.SslTransportLayerTest" time="0.705"/>
  <testcase name="testClientAuthenticationDisabledUntrustedProvided[tlsProtocol=TLSv1.2, useInlinePem=true]" classname="org.apache.kafka.common.network.SslTransportLayerTest" time="0.594"/>
  <testcase name="testSelectorPollReadSize[tlsProtocol=TLSv1.2, useInlinePem=true]" classname="org.apache.kafka.common.network.SslTransportLayerTest" time="1.19"/>
  <testcase name="testNetReadBufferResize[tlsProtocol=TLSv1.2, useInlinePem=true]" classname="org.apache.kafka.common.network.SslTransportLayerTest" time="0.785"/>
  <testcase name="testNetWriteBufferResize[tlsProtocol=TLSv1.2, useInlinePem=true]" classname="org.apache.kafka.common.network.SslTransportLayerTest" time="0.896"/>
  <testcase name="testCustomServerSslEngineFactory[tlsProtocol=TLSv1.2, useInlinePem=true]" classname="org.apache.kafka.common.network.SslTransportLayerTest" time="1.222"/>
  <testcase name="testInvalidTruststorePassword[tlsProtocol=TLSv1.2, useInlinePem=true]" classname="org.apache.kafka.common.network.SslTransportLayerTest" time="0.498"/>
  <testcase name="testServerRequestMetrics[tlsProtocol=TLSv1.2, useInlinePem=true]" classname="org.apache.kafka.common.network.SslTransportLayerTest" time="0.62"/>
  <testcase name="testPeerNotifiedOfHandshakeFailure[tlsProtocol=TLSv1.2, useInlinePem=true]" classname="org.apache.kafka.common.network.SslTransportLayerTest" time="0.891"/>
  <testcase name="testTlsDefaults[tlsProtocol=TLSv1.2, useInlinePem=true]" classname="org.apache.kafka.common.network.SslTransportLayerTest" time="2.096"/>
  <testcase name="testApplicationBufferResize[tlsProtocol=TLSv1.2, useInlinePem=true]" classname="org.apache.kafka.common.network.SslTransportLayerTest" time="0.552"/>
  <testcase name="testClosePlaintext[tlsProtocol=TLSv1.2, useInlinePem=true]" classname="org.apache.kafka.common.network.SslTransportLayerTest" time="0.958"/>
  <testcase name="testPemFiles[tlsProtocol=TLSv1.2, useInlinePem=true]" classname="org.apache.kafka.common.network.SslTransportLayerTest" time="0.776"/>
  <testcase name="testServerKeystoreDynamicUpdate[tlsProtocol=TLSv1.2, useInlinePem=true]" classname="org.apache.kafka.common.network.SslTransportLayerTest" time="2.538"/>
  <testcase name="testClientAuthenticationRequiredValidProvided[tlsProtocol=TLSv1.2, useInlinePem=true]" classname="org.apache.kafka.common.network.SslTransportLayerTest" time="0.573"/>
  <testcase name="testInvalidKeyPassword[tlsProtocol=TLSv1.2, useInlinePem=true]" classname="org.apache.kafka.common.network.SslTransportLayerTest" time="0.382"/>
  <testcase name="testCloseSsl[tlsProtocol=TLSv1.2, useInlinePem=true]" classname="org.apache.kafka.common.network.SslTransportLayerTest" time="0.809"/>
  <testcase name="testDsaKeyPair[tlsProtocol=TLSv1.2, useInlinePem=true]" classname="org.apache.kafka.common.network.SslTransportLayerTest" time="0.579"/>
  <testcase name="testInterBrokerSslConfigValidationFailure[tlsProtocol=TLSv1.2, useInlinePem=true]" classname="org.apache.kafka.common.network.SslTransportLayerTest" time="0.783"/>
  <testcase name="testPemFilesWithoutClientKeyPassword[tlsProtocol=TLSv1.2, useInlinePem=true]" classname="org.apache.kafka.common.network.SslTransportLayerTest" time="1.237"/>
  <testcase name="testServerKeystoreDynamicUpdateWithNewSubjectAltName[tlsProtocol=TLSv1.2, useInlinePem=true]" classname="org.apache.kafka.common.network.SslTransportLayerTest" time="2.238"/>
  <system-out><![CDATA[[2022-09-03 18:38:27,951] ERROR Modification time of key store could not be obtained: some.truststore.path (org.apache.kafka.common.security.ssl.DefaultSslEngineFactory:385)
java.nio.file.NoSuchFileException: some.truststore.path
	at sun.nio.fs.WindowsException.translateToIOException(WindowsException.java:79)
	at sun.nio.fs.WindowsException.rethrowAsIOException(WindowsException.java:97)
	at sun.nio.fs.WindowsException.rethrowAsIOException(WindowsException.java:102)
	at sun.nio.fs.WindowsFileAttributeViews$Basic.readAttributes(WindowsFileAttributeViews.java:53)
	at sun.nio.fs.WindowsFileAttributeViews$Basic.readAttributes(WindowsFileAttributeViews.java:38)
	at sun.nio.fs.WindowsFileSystemProvider.readAttributes(WindowsFileSystemProvider.java:193)
	at java.nio.file.Files.readAttributes(Files.java:1737)
	at java.nio.file.Files.getLastModifiedTime(Files.java:2266)
	at org.apache.kafka.common.security.ssl.DefaultSslEngineFactory$FileBasedStore.lastModifiedMs(DefaultSslEngineFactory.java:383)
	at org.apache.kafka.common.security.ssl.DefaultSslEngineFactory$FileBasedStore.<init>(DefaultSslEngineFactory.java:348)
	at org.apache.kafka.common.security.ssl.DefaultSslEngineFactory.createTruststore(DefaultSslEngineFactory.java:322)
	at org.apache.kafka.common.security.ssl.DefaultSslEngineFactory.configure(DefaultSslEngineFactory.java:168)
	at org.apache.kafka.common.security.ssl.SslFactory.instantiateSslEngineFactory(SslFactory.java:136)
	at org.apache.kafka.common.security.ssl.SslFactory.createNewSslEngineFactory(SslFactory.java:154)
	at org.apache.kafka.common.security.ssl.SslFactory.validateReconfiguration(SslFactory.java:112)
	at org.apache.kafka.common.network.SslChannelBuilder.validateReconfiguration(SslChannelBuilder.java:87)
	at org.apache.kafka.common.network.SslTransportLayerTest.verifyInvalidReconfigure(SslTransportLayerTest.java:1232)
	at org.apache.kafka.common.network.SslTransportLayerTest.testServerTruststoreDynamicUpdate(SslTransportLayerTest.java:1185)
	at sun.reflect.NativeMethodAccessorImpl.invoke0(Native Method)
	at sun.reflect.NativeMethodAccessorImpl.invoke(NativeMethodAccessorImpl.java:62)
	at sun.reflect.DelegatingMethodAccessorImpl.invoke(DelegatingMethodAccessorImpl.java:43)
	at java.lang.reflect.Method.invoke(Method.java:498)
	at org.junit.runners.model.FrameworkMethod$1.runReflectiveCall(FrameworkMethod.java:59)
	at org.junit.internal.runners.model.ReflectiveCallable.run(ReflectiveCallable.java:12)
	at org.junit.runners.model.FrameworkMethod.invokeExplosively(FrameworkMethod.java:56)
	at org.junit.internal.runners.statements.InvokeMethod.evaluate(InvokeMethod.java:17)
	at org.junit.internal.runners.statements.RunBefores.evaluate(RunBefores.java:26)
	at org.junit.internal.runners.statements.RunAfters.evaluate(RunAfters.java:27)
	at org.junit.runners.ParentRunner$3.evaluate(ParentRunner.java:306)
	at org.junit.runners.BlockJUnit4ClassRunner$1.evaluate(BlockJUnit4ClassRunner.java:100)
	at org.junit.runners.ParentRunner.runLeaf(ParentRunner.java:366)
	at org.junit.runners.BlockJUnit4ClassRunner.runChild(BlockJUnit4ClassRunner.java:103)
	at org.junit.runners.BlockJUnit4ClassRunner.runChild(BlockJUnit4ClassRunner.java:63)
	at org.junit.runners.ParentRunner$4.run(ParentRunner.java:331)
	at org.junit.runners.ParentRunner$1.schedule(ParentRunner.java:79)
	at org.junit.runners.ParentRunner.runChildren(ParentRunner.java:329)
	at org.junit.runners.ParentRunner.access$100(ParentRunner.java:66)
	at org.junit.runners.ParentRunner$2.evaluate(ParentRunner.java:293)
	at org.junit.runners.ParentRunner.run(ParentRunner.java:413)
	at org.junit.runners.Suite.runChild(Suite.java:128)
	at org.junit.runners.Suite.runChild(Suite.java:27)
	at org.junit.runners.ParentRunner$4.run(ParentRunner.java:331)
	at org.junit.runners.ParentRunner$1.schedule(ParentRunner.java:79)
	at org.junit.runners.ParentRunner.runChildren(ParentRunner.java:329)
	at org.junit.runners.ParentRunner.access$100(ParentRunner.java:66)
	at org.junit.runners.ParentRunner$2.evaluate(ParentRunner.java:293)
	at org.junit.runners.ParentRunner$3.evaluate(ParentRunner.java:306)
	at org.junit.runners.ParentRunner.run(ParentRunner.java:413)
	at org.gradle.api.internal.tasks.testing.junit.JUnitTestClassExecutor.runTestClass(JUnitTestClassExecutor.java:110)
	at org.gradle.api.internal.tasks.testing.junit.JUnitTestClassExecutor.execute(JUnitTestClassExecutor.java:58)
	at org.gradle.api.internal.tasks.testing.junit.JUnitTestClassExecutor.execute(JUnitTestClassExecutor.java:38)
	at org.gradle.api.internal.tasks.testing.junit.AbstractJUnitTestClassProcessor.processTestClass(AbstractJUnitTestClassProcessor.java:62)
	at org.gradle.api.internal.tasks.testing.SuiteTestClassProcessor.processTestClass(SuiteTestClassProcessor.java:51)
	at sun.reflect.NativeMethodAccessorImpl.invoke0(Native Method)
	at sun.reflect.NativeMethodAccessorImpl.invoke(NativeMethodAccessorImpl.java:62)
	at sun.reflect.DelegatingMethodAccessorImpl.invoke(DelegatingMethodAccessorImpl.java:43)
	at java.lang.reflect.Method.invoke(Method.java:498)
	at org.gradle.internal.dispatch.ReflectionDispatch.dispatch(ReflectionDispatch.java:36)
	at org.gradle.internal.dispatch.ReflectionDispatch.dispatch(ReflectionDispatch.java:24)
	at org.gradle.internal.dispatch.ContextClassLoaderDispatch.dispatch(ContextClassLoaderDispatch.java:33)
	at org.gradle.internal.dispatch.ProxyDispatchAdapter$DispatchingInvocationHandler.invoke(ProxyDispatchAdapter.java:94)
	at com.sun.proxy.$Proxy2.processTestClass(Unknown Source)
	at org.gradle.api.internal.tasks.testing.worker.TestWorker.processTestClass(TestWorker.java:119)
	at sun.reflect.NativeMethodAccessorImpl.invoke0(Native Method)
	at sun.reflect.NativeMethodAccessorImpl.invoke(NativeMethodAccessorImpl.java:62)
	at sun.reflect.DelegatingMethodAccessorImpl.invoke(DelegatingMethodAccessorImpl.java:43)
	at java.lang.reflect.Method.invoke(Method.java:498)
	at org.gradle.internal.dispatch.ReflectionDispatch.dispatch(ReflectionDispatch.java:36)
	at org.gradle.internal.dispatch.ReflectionDispatch.dispatch(ReflectionDispatch.java:24)
	at org.gradle.internal.remote.internal.hub.MessageHubBackedObjectConnection$DispatchWrapper.dispatch(MessageHubBackedObjectConnection.java:182)
	at org.gradle.internal.remote.internal.hub.MessageHubBackedObjectConnection$DispatchWrapper.dispatch(MessageHubBackedObjectConnection.java:164)
	at org.gradle.internal.remote.internal.hub.MessageHub$Handler.run(MessageHub.java:414)
	at org.gradle.internal.concurrent.ExecutorPolicy$CatchAndRecordFailures.onExecute(ExecutorPolicy.java:64)
	at org.gradle.internal.concurrent.ManagedExecutorImpl$1.run(ManagedExecutorImpl.java:48)
	at java.util.concurrent.ThreadPoolExecutor.runWorker(ThreadPoolExecutor.java:1149)
	at java.util.concurrent.ThreadPoolExecutor$Worker.run(ThreadPoolExecutor.java:624)
	at org.gradle.internal.concurrent.ThreadFactoryImpl$ManagedThreadRunnable.run(ThreadFactoryImpl.java:56)
	at java.lang.Thread.run(Thread.java:748)
[2022-09-03 18:38:27,962] ERROR Modification time of key store could not be obtained: some.truststore.path (org.apache.kafka.common.security.ssl.DefaultSslEngineFactory:385)
java.nio.file.NoSuchFileException: some.truststore.path
	at sun.nio.fs.WindowsException.translateToIOException(WindowsException.java:79)
	at sun.nio.fs.WindowsException.rethrowAsIOException(WindowsException.java:97)
	at sun.nio.fs.WindowsException.rethrowAsIOException(WindowsException.java:102)
	at sun.nio.fs.WindowsFileAttributeViews$Basic.readAttributes(WindowsFileAttributeViews.java:53)
	at sun.nio.fs.WindowsFileAttributeViews$Basic.readAttributes(WindowsFileAttributeViews.java:38)
	at sun.nio.fs.WindowsFileSystemProvider.readAttributes(WindowsFileSystemProvider.java:193)
	at java.nio.file.Files.readAttributes(Files.java:1737)
	at java.nio.file.Files.getLastModifiedTime(Files.java:2266)
	at org.apache.kafka.common.security.ssl.DefaultSslEngineFactory$FileBasedStore.lastModifiedMs(DefaultSslEngineFactory.java:383)
	at org.apache.kafka.common.security.ssl.DefaultSslEngineFactory$FileBasedStore.<init>(DefaultSslEngineFactory.java:348)
	at org.apache.kafka.common.security.ssl.DefaultSslEngineFactory.createTruststore(DefaultSslEngineFactory.java:322)
	at org.apache.kafka.common.security.ssl.DefaultSslEngineFactory.configure(DefaultSslEngineFactory.java:168)
	at org.apache.kafka.common.security.ssl.SslFactory.instantiateSslEngineFactory(SslFactory.java:136)
	at org.apache.kafka.common.security.ssl.SslFactory.createNewSslEngineFactory(SslFactory.java:154)
	at org.apache.kafka.common.security.ssl.SslFactory.reconfigure(SslFactory.java:117)
	at org.apache.kafka.common.network.SslChannelBuilder.reconfigure(SslChannelBuilder.java:92)
	at org.apache.kafka.common.network.SslTransportLayerTest.verifyInvalidReconfigure(SslTransportLayerTest.java:1238)
	at org.apache.kafka.common.network.SslTransportLayerTest.testServerTruststoreDynamicUpdate(SslTransportLayerTest.java:1185)
	at sun.reflect.NativeMethodAccessorImpl.invoke0(Native Method)
	at sun.reflect.NativeMethodAccessorImpl.invoke(NativeMethodAccessorImpl.java:62)
	at sun.reflect.DelegatingMethodAccessorImpl.invoke(DelegatingMethodAccessorImpl.java:43)
	at java.lang.reflect.Method.invoke(Method.java:498)
	at org.junit.runners.model.FrameworkMethod$1.runReflectiveCall(FrameworkMethod.java:59)
	at org.junit.internal.runners.model.ReflectiveCallable.run(ReflectiveCallable.java:12)
	at org.junit.runners.model.FrameworkMethod.invokeExplosively(FrameworkMethod.java:56)
	at org.junit.internal.runners.statements.InvokeMethod.evaluate(InvokeMethod.java:17)
	at org.junit.internal.runners.statements.RunBefores.evaluate(RunBefores.java:26)
	at org.junit.internal.runners.statements.RunAfters.evaluate(RunAfters.java:27)
	at org.junit.runners.ParentRunner$3.evaluate(ParentRunner.java:306)
	at org.junit.runners.BlockJUnit4ClassRunner$1.evaluate(BlockJUnit4ClassRunner.java:100)
	at org.junit.runners.ParentRunner.runLeaf(ParentRunner.java:366)
	at org.junit.runners.BlockJUnit4ClassRunner.runChild(BlockJUnit4ClassRunner.java:103)
	at org.junit.runners.BlockJUnit4ClassRunner.runChild(BlockJUnit4ClassRunner.java:63)
	at org.junit.runners.ParentRunner$4.run(ParentRunner.java:331)
	at org.junit.runners.ParentRunner$1.schedule(ParentRunner.java:79)
	at org.junit.runners.ParentRunner.runChildren(ParentRunner.java:329)
	at org.junit.runners.ParentRunner.access$100(ParentRunner.java:66)
	at org.junit.runners.ParentRunner$2.evaluate(ParentRunner.java:293)
	at org.junit.runners.ParentRunner.run(ParentRunner.java:413)
	at org.junit.runners.Suite.runChild(Suite.java:128)
	at org.junit.runners.Suite.runChild(Suite.java:27)
	at org.junit.runners.ParentRunner$4.run(ParentRunner.java:331)
	at org.junit.runners.ParentRunner$1.schedule(ParentRunner.java:79)
	at org.junit.runners.ParentRunner.runChildren(ParentRunner.java:329)
	at org.junit.runners.ParentRunner.access$100(ParentRunner.java:66)
	at org.junit.runners.ParentRunner$2.evaluate(ParentRunner.java:293)
	at org.junit.runners.ParentRunner$3.evaluate(ParentRunner.java:306)
	at org.junit.runners.ParentRunner.run(ParentRunner.java:413)
	at org.gradle.api.internal.tasks.testing.junit.JUnitTestClassExecutor.runTestClass(JUnitTestClassExecutor.java:110)
	at org.gradle.api.internal.tasks.testing.junit.JUnitTestClassExecutor.execute(JUnitTestClassExecutor.java:58)
	at org.gradle.api.internal.tasks.testing.junit.JUnitTestClassExecutor.execute(JUnitTestClassExecutor.java:38)
	at org.gradle.api.internal.tasks.testing.junit.AbstractJUnitTestClassProcessor.processTestClass(AbstractJUnitTestClassProcessor.java:62)
	at org.gradle.api.internal.tasks.testing.SuiteTestClassProcessor.processTestClass(SuiteTestClassProcessor.java:51)
	at sun.reflect.NativeMethodAccessorImpl.invoke0(Native Method)
	at sun.reflect.NativeMethodAccessorImpl.invoke(NativeMethodAccessorImpl.java:62)
	at sun.reflect.DelegatingMethodAccessorImpl.invoke(DelegatingMethodAccessorImpl.java:43)
	at java.lang.reflect.Method.invoke(Method.java:498)
	at org.gradle.internal.dispatch.ReflectionDispatch.dispatch(ReflectionDispatch.java:36)
	at org.gradle.internal.dispatch.ReflectionDispatch.dispatch(ReflectionDispatch.java:24)
	at org.gradle.internal.dispatch.ContextClassLoaderDispatch.dispatch(ContextClassLoaderDispatch.java:33)
	at org.gradle.internal.dispatch.ProxyDispatchAdapter$DispatchingInvocationHandler.invoke(ProxyDispatchAdapter.java:94)
	at com.sun.proxy.$Proxy2.processTestClass(Unknown Source)
	at org.gradle.api.internal.tasks.testing.worker.TestWorker.processTestClass(TestWorker.java:119)
	at sun.reflect.NativeMethodAccessorImpl.invoke0(Native Method)
	at sun.reflect.NativeMethodAccessorImpl.invoke(NativeMethodAccessorImpl.java:62)
	at sun.reflect.DelegatingMethodAccessorImpl.invoke(DelegatingMethodAccessorImpl.java:43)
	at java.lang.reflect.Method.invoke(Method.java:498)
	at org.gradle.internal.dispatch.ReflectionDispatch.dispatch(ReflectionDispatch.java:36)
	at org.gradle.internal.dispatch.ReflectionDispatch.dispatch(ReflectionDispatch.java:24)
	at org.gradle.internal.remote.internal.hub.MessageHubBackedObjectConnection$DispatchWrapper.dispatch(MessageHubBackedObjectConnection.java:182)
	at org.gradle.internal.remote.internal.hub.MessageHubBackedObjectConnection$DispatchWrapper.dispatch(MessageHubBackedObjectConnection.java:164)
	at org.gradle.internal.remote.internal.hub.MessageHub$Handler.run(MessageHub.java:414)
	at org.gradle.internal.concurrent.ExecutorPolicy$CatchAndRecordFailures.onExecute(ExecutorPolicy.java:64)
	at org.gradle.internal.concurrent.ManagedExecutorImpl$1.run(ManagedExecutorImpl.java:48)
	at java.util.concurrent.ThreadPoolExecutor.runWorker(ThreadPoolExecutor.java:1149)
	at java.util.concurrent.ThreadPoolExecutor$Worker.run(ThreadPoolExecutor.java:624)
	at org.gradle.internal.concurrent.ThreadFactoryImpl$ManagedThreadRunnable.run(ThreadFactoryImpl.java:56)
	at java.lang.Thread.run(Thread.java:748)
[2022-09-03 18:38:40,415] ERROR Modification time of key store could not be obtained: some.keystore.path (org.apache.kafka.common.security.ssl.DefaultSslEngineFactory:385)
java.nio.file.NoSuchFileException: some.keystore.path
	at sun.nio.fs.WindowsException.translateToIOException(WindowsException.java:79)
	at sun.nio.fs.WindowsException.rethrowAsIOException(WindowsException.java:97)
	at sun.nio.fs.WindowsException.rethrowAsIOException(WindowsException.java:102)
	at sun.nio.fs.WindowsFileAttributeViews$Basic.readAttributes(WindowsFileAttributeViews.java:53)
	at sun.nio.fs.WindowsFileAttributeViews$Basic.readAttributes(WindowsFileAttributeViews.java:38)
	at sun.nio.fs.WindowsFileSystemProvider.readAttributes(WindowsFileSystemProvider.java:193)
	at java.nio.file.Files.readAttributes(Files.java:1737)
	at java.nio.file.Files.getLastModifiedTime(Files.java:2266)
	at org.apache.kafka.common.security.ssl.DefaultSslEngineFactory$FileBasedStore.lastModifiedMs(DefaultSslEngineFactory.java:383)
	at org.apache.kafka.common.security.ssl.DefaultSslEngineFactory$FileBasedStore.<init>(DefaultSslEngineFactory.java:348)
	at org.apache.kafka.common.security.ssl.DefaultSslEngineFactory.createKeystore(DefaultSslEngineFactory.java:299)
	at org.apache.kafka.common.security.ssl.DefaultSslEngineFactory.configure(DefaultSslEngineFactory.java:161)
	at org.apache.kafka.common.security.ssl.SslFactory.instantiateSslEngineFactory(SslFactory.java:136)
	at org.apache.kafka.common.security.ssl.SslFactory.createNewSslEngineFactory(SslFactory.java:154)
	at org.apache.kafka.common.security.ssl.SslFactory.validateReconfiguration(SslFactory.java:112)
	at org.apache.kafka.common.network.SslChannelBuilder.validateReconfiguration(SslChannelBuilder.java:87)
	at org.apache.kafka.common.network.SslTransportLayerTest.verifyInvalidReconfigure(SslTransportLayerTest.java:1232)
	at org.apache.kafka.common.network.SslTransportLayerTest.testServerKeystoreDynamicUpdate(SslTransportLayerTest.java:1067)
	at sun.reflect.NativeMethodAccessorImpl.invoke0(Native Method)
	at sun.reflect.NativeMethodAccessorImpl.invoke(NativeMethodAccessorImpl.java:62)
	at sun.reflect.DelegatingMethodAccessorImpl.invoke(DelegatingMethodAccessorImpl.java:43)
	at java.lang.reflect.Method.invoke(Method.java:498)
	at org.junit.runners.model.FrameworkMethod$1.runReflectiveCall(FrameworkMethod.java:59)
	at org.junit.internal.runners.model.ReflectiveCallable.run(ReflectiveCallable.java:12)
	at org.junit.runners.model.FrameworkMethod.invokeExplosively(FrameworkMethod.java:56)
	at org.junit.internal.runners.statements.InvokeMethod.evaluate(InvokeMethod.java:17)
	at org.junit.internal.runners.statements.RunBefores.evaluate(RunBefores.java:26)
	at org.junit.internal.runners.statements.RunAfters.evaluate(RunAfters.java:27)
	at org.junit.runners.ParentRunner$3.evaluate(ParentRunner.java:306)
	at org.junit.runners.BlockJUnit4ClassRunner$1.evaluate(BlockJUnit4ClassRunner.java:100)
	at org.junit.runners.ParentRunner.runLeaf(ParentRunner.java:366)
	at org.junit.runners.BlockJUnit4ClassRunner.runChild(BlockJUnit4ClassRunner.java:103)
	at org.junit.runners.BlockJUnit4ClassRunner.runChild(BlockJUnit4ClassRunner.java:63)
	at org.junit.runners.ParentRunner$4.run(ParentRunner.java:331)
	at org.junit.runners.ParentRunner$1.schedule(ParentRunner.java:79)
	at org.junit.runners.ParentRunner.runChildren(ParentRunner.java:329)
	at org.junit.runners.ParentRunner.access$100(ParentRunner.java:66)
	at org.junit.runners.ParentRunner$2.evaluate(ParentRunner.java:293)
	at org.junit.runners.ParentRunner.run(ParentRunner.java:413)
	at org.junit.runners.Suite.runChild(Suite.java:128)
	at org.junit.runners.Suite.runChild(Suite.java:27)
	at org.junit.runners.ParentRunner$4.run(ParentRunner.java:331)
	at org.junit.runners.ParentRunner$1.schedule(ParentRunner.java:79)
	at org.junit.runners.ParentRunner.runChildren(ParentRunner.java:329)
	at org.junit.runners.ParentRunner.access$100(ParentRunner.java:66)
	at org.junit.runners.ParentRunner$2.evaluate(ParentRunner.java:293)
	at org.junit.runners.ParentRunner$3.evaluate(ParentRunner.java:306)
	at org.junit.runners.ParentRunner.run(ParentRunner.java:413)
	at org.gradle.api.internal.tasks.testing.junit.JUnitTestClassExecutor.runTestClass(JUnitTestClassExecutor.java:110)
	at org.gradle.api.internal.tasks.testing.junit.JUnitTestClassExecutor.execute(JUnitTestClassExecutor.java:58)
	at org.gradle.api.internal.tasks.testing.junit.JUnitTestClassExecutor.execute(JUnitTestClassExecutor.java:38)
	at org.gradle.api.internal.tasks.testing.junit.AbstractJUnitTestClassProcessor.processTestClass(AbstractJUnitTestClassProcessor.java:62)
	at org.gradle.api.internal.tasks.testing.SuiteTestClassProcessor.processTestClass(SuiteTestClassProcessor.java:51)
	at sun.reflect.NativeMethodAccessorImpl.invoke0(Native Method)
	at sun.reflect.NativeMethodAccessorImpl.invoke(NativeMethodAccessorImpl.java:62)
	at sun.reflect.DelegatingMethodAccessorImpl.invoke(DelegatingMethodAccessorImpl.java:43)
	at java.lang.reflect.Method.invoke(Method.java:498)
	at org.gradle.internal.dispatch.ReflectionDispatch.dispatch(ReflectionDispatch.java:36)
	at org.gradle.internal.dispatch.ReflectionDispatch.dispatch(ReflectionDispatch.java:24)
	at org.gradle.internal.dispatch.ContextClassLoaderDispatch.dispatch(ContextClassLoaderDispatch.java:33)
	at org.gradle.internal.dispatch.ProxyDispatchAdapter$DispatchingInvocationHandler.invoke(ProxyDispatchAdapter.java:94)
	at com.sun.proxy.$Proxy2.processTestClass(Unknown Source)
	at org.gradle.api.internal.tasks.testing.worker.TestWorker.processTestClass(TestWorker.java:119)
	at sun.reflect.NativeMethodAccessorImpl.invoke0(Native Method)
	at sun.reflect.NativeMethodAccessorImpl.invoke(NativeMethodAccessorImpl.java:62)
	at sun.reflect.DelegatingMethodAccessorImpl.invoke(DelegatingMethodAccessorImpl.java:43)
	at java.lang.reflect.Method.invoke(Method.java:498)
	at org.gradle.internal.dispatch.ReflectionDispatch.dispatch(ReflectionDispatch.java:36)
	at org.gradle.internal.dispatch.ReflectionDispatch.dispatch(ReflectionDispatch.java:24)
	at org.gradle.internal.remote.internal.hub.MessageHubBackedObjectConnection$DispatchWrapper.dispatch(MessageHubBackedObjectConnection.java:182)
	at org.gradle.internal.remote.internal.hub.MessageHubBackedObjectConnection$DispatchWrapper.dispatch(MessageHubBackedObjectConnection.java:164)
	at org.gradle.internal.remote.internal.hub.MessageHub$Handler.run(MessageHub.java:414)
	at org.gradle.internal.concurrent.ExecutorPolicy$CatchAndRecordFailures.onExecute(ExecutorPolicy.java:64)
	at org.gradle.internal.concurrent.ManagedExecutorImpl$1.run(ManagedExecutorImpl.java:48)
	at java.util.concurrent.ThreadPoolExecutor.runWorker(ThreadPoolExecutor.java:1149)
	at java.util.concurrent.ThreadPoolExecutor$Worker.run(ThreadPoolExecutor.java:624)
	at org.gradle.internal.concurrent.ThreadFactoryImpl$ManagedThreadRunnable.run(ThreadFactoryImpl.java:56)
	at java.lang.Thread.run(Thread.java:748)
[2022-09-03 18:38:40,418] ERROR Modification time of key store could not be obtained: some.keystore.path (org.apache.kafka.common.security.ssl.DefaultSslEngineFactory:385)
java.nio.file.NoSuchFileException: some.keystore.path
	at sun.nio.fs.WindowsException.translateToIOException(WindowsException.java:79)
	at sun.nio.fs.WindowsException.rethrowAsIOException(WindowsException.java:97)
	at sun.nio.fs.WindowsException.rethrowAsIOException(WindowsException.java:102)
	at sun.nio.fs.WindowsFileAttributeViews$Basic.readAttributes(WindowsFileAttributeViews.java:53)
	at sun.nio.fs.WindowsFileAttributeViews$Basic.readAttributes(WindowsFileAttributeViews.java:38)
	at sun.nio.fs.WindowsFileSystemProvider.readAttributes(WindowsFileSystemProvider.java:193)
	at java.nio.file.Files.readAttributes(Files.java:1737)
	at java.nio.file.Files.getLastModifiedTime(Files.java:2266)
	at org.apache.kafka.common.security.ssl.DefaultSslEngineFactory$FileBasedStore.lastModifiedMs(DefaultSslEngineFactory.java:383)
	at org.apache.kafka.common.security.ssl.DefaultSslEngineFactory$FileBasedStore.<init>(DefaultSslEngineFactory.java:348)
	at org.apache.kafka.common.security.ssl.DefaultSslEngineFactory.createKeystore(DefaultSslEngineFactory.java:299)
	at org.apache.kafka.common.security.ssl.DefaultSslEngineFactory.configure(DefaultSslEngineFactory.java:161)
	at org.apache.kafka.common.security.ssl.SslFactory.instantiateSslEngineFactory(SslFactory.java:136)
	at org.apache.kafka.common.security.ssl.SslFactory.createNewSslEngineFactory(SslFactory.java:154)
	at org.apache.kafka.common.security.ssl.SslFactory.reconfigure(SslFactory.java:117)
	at org.apache.kafka.common.network.SslChannelBuilder.reconfigure(SslChannelBuilder.java:92)
	at org.apache.kafka.common.network.SslTransportLayerTest.verifyInvalidReconfigure(SslTransportLayerTest.java:1238)
	at org.apache.kafka.common.network.SslTransportLayerTest.testServerKeystoreDynamicUpdate(SslTransportLayerTest.java:1067)
	at sun.reflect.NativeMethodAccessorImpl.invoke0(Native Method)
	at sun.reflect.NativeMethodAccessorImpl.invoke(NativeMethodAccessorImpl.java:62)
	at sun.reflect.DelegatingMethodAccessorImpl.invoke(DelegatingMethodAccessorImpl.java:43)
	at java.lang.reflect.Method.invoke(Method.java:498)
	at org.junit.runners.model.FrameworkMethod$1.runReflectiveCall(FrameworkMethod.java:59)
	at org.junit.internal.runners.model.ReflectiveCallable.run(ReflectiveCallable.java:12)
	at org.junit.runners.model.FrameworkMethod.invokeExplosively(FrameworkMethod.java:56)
	at org.junit.internal.runners.statements.InvokeMethod.evaluate(InvokeMethod.java:17)
	at org.junit.internal.runners.statements.RunBefores.evaluate(RunBefores.java:26)
	at org.junit.internal.runners.statements.RunAfters.evaluate(RunAfters.java:27)
	at org.junit.runners.ParentRunner$3.evaluate(ParentRunner.java:306)
	at org.junit.runners.BlockJUnit4ClassRunner$1.evaluate(BlockJUnit4ClassRunner.java:100)
	at org.junit.runners.ParentRunner.runLeaf(ParentRunner.java:366)
	at org.junit.runners.BlockJUnit4ClassRunner.runChild(BlockJUnit4ClassRunner.java:103)
	at org.junit.runners.BlockJUnit4ClassRunner.runChild(BlockJUnit4ClassRunner.java:63)
	at org.junit.runners.ParentRunner$4.run(ParentRunner.java:331)
	at org.junit.runners.ParentRunner$1.schedule(ParentRunner.java:79)
	at org.junit.runners.ParentRunner.runChildren(ParentRunner.java:329)
	at org.junit.runners.ParentRunner.access$100(ParentRunner.java:66)
	at org.junit.runners.ParentRunner$2.evaluate(ParentRunner.java:293)
	at org.junit.runners.ParentRunner.run(ParentRunner.java:413)
	at org.junit.runners.Suite.runChild(Suite.java:128)
	at org.junit.runners.Suite.runChild(Suite.java:27)
	at org.junit.runners.ParentRunner$4.run(ParentRunner.java:331)
	at org.junit.runners.ParentRunner$1.schedule(ParentRunner.java:79)
	at org.junit.runners.ParentRunner.runChildren(ParentRunner.java:329)
	at org.junit.runners.ParentRunner.access$100(ParentRunner.java:66)
	at org.junit.runners.ParentRunner$2.evaluate(ParentRunner.java:293)
	at org.junit.runners.ParentRunner$3.evaluate(ParentRunner.java:306)
	at org.junit.runners.ParentRunner.run(ParentRunner.java:413)
	at org.gradle.api.internal.tasks.testing.junit.JUnitTestClassExecutor.runTestClass(JUnitTestClassExecutor.java:110)
	at org.gradle.api.internal.tasks.testing.junit.JUnitTestClassExecutor.execute(JUnitTestClassExecutor.java:58)
	at org.gradle.api.internal.tasks.testing.junit.JUnitTestClassExecutor.execute(JUnitTestClassExecutor.java:38)
	at org.gradle.api.internal.tasks.testing.junit.AbstractJUnitTestClassProcessor.processTestClass(AbstractJUnitTestClassProcessor.java:62)
	at org.gradle.api.internal.tasks.testing.SuiteTestClassProcessor.processTestClass(SuiteTestClassProcessor.java:51)
	at sun.reflect.NativeMethodAccessorImpl.invoke0(Native Method)
	at sun.reflect.NativeMethodAccessorImpl.invoke(NativeMethodAccessorImpl.java:62)
	at sun.reflect.DelegatingMethodAccessorImpl.invoke(DelegatingMethodAccessorImpl.java:43)
	at java.lang.reflect.Method.invoke(Method.java:498)
	at org.gradle.internal.dispatch.ReflectionDispatch.dispatch(ReflectionDispatch.java:36)
	at org.gradle.internal.dispatch.ReflectionDispatch.dispatch(ReflectionDispatch.java:24)
	at org.gradle.internal.dispatch.ContextClassLoaderDispatch.dispatch(ContextClassLoaderDispatch.java:33)
	at org.gradle.internal.dispatch.ProxyDispatchAdapter$DispatchingInvocationHandler.invoke(ProxyDispatchAdapter.java:94)
	at com.sun.proxy.$Proxy2.processTestClass(Unknown Source)
	at org.gradle.api.internal.tasks.testing.worker.TestWorker.processTestClass(TestWorker.java:119)
	at sun.reflect.NativeMethodAccessorImpl.invoke0(Native Method)
	at sun.reflect.NativeMethodAccessorImpl.invoke(NativeMethodAccessorImpl.java:62)
	at sun.reflect.DelegatingMethodAccessorImpl.invoke(DelegatingMethodAccessorImpl.java:43)
	at java.lang.reflect.Method.invoke(Method.java:498)
	at org.gradle.internal.dispatch.ReflectionDispatch.dispatch(ReflectionDispatch.java:36)
	at org.gradle.internal.dispatch.ReflectionDispatch.dispatch(ReflectionDispatch.java:24)
	at org.gradle.internal.remote.internal.hub.MessageHubBackedObjectConnection$DispatchWrapper.dispatch(MessageHubBackedObjectConnection.java:182)
	at org.gradle.internal.remote.internal.hub.MessageHubBackedObjectConnection$DispatchWrapper.dispatch(MessageHubBackedObjectConnection.java:164)
	at org.gradle.internal.remote.internal.hub.MessageHub$Handler.run(MessageHub.java:414)
	at org.gradle.internal.concurrent.ExecutorPolicy$CatchAndRecordFailures.onExecute(ExecutorPolicy.java:64)
	at org.gradle.internal.concurrent.ManagedExecutorImpl$1.run(ManagedExecutorImpl.java:48)
	at java.util.concurrent.ThreadPoolExecutor.runWorker(ThreadPoolExecutor.java:1149)
	at java.util.concurrent.ThreadPoolExecutor$Worker.run(ThreadPoolExecutor.java:624)
	at org.gradle.internal.concurrent.ThreadFactoryImpl$ManagedThreadRunnable.run(ThreadFactoryImpl.java:56)
	at java.lang.Thread.run(Thread.java:748)
]]></system-out>
  <system-err><![CDATA[]]></system-err>
</testsuite>
