<?xml version="1.0" encoding="UTF-8"?>
<testsuite name="org.apache.kafka.common.network.SslTransportTls12Tls13Test" tests="4" skipped="3" failures="1" errors="0" timestamp="2022-09-03T10:37:46" hostname="LAPTOP-FH01OFOM" time="9.102">
  <properties/>
  <testcase name="testCiphersSuiteForTls12FailsForTls13" classname="org.apache.kafka.common.network.SslTransportTls12Tls13Test" time="5.178">
    <skipped/>
  </testcase>
  <testcase name="testCiphersSuiteForTls12" classname="org.apache.kafka.common.network.SslTransportTls12Tls13Test" time="0.944">
    <failure message="java.io.IOException: Channel could not be created for socket java.nio.channels.SocketChannel[closed]" type="java.io.IOException">java.io.IOException: Channel could not be created for socket java.nio.channels.SocketChannel[closed]
	at org.apache.kafka.common.network.Selector.buildAndAttachKafkaChannel(Selector.java:348)
	at org.apache.kafka.common.network.Selector.registerChannel(Selector.java:329)
	at org.apache.kafka.common.network.Selector.connect(Selector.java:256)
	at org.apache.kafka.common.network.SslTransportTls12Tls13Test.checkAuthenticationSucceed(SslTransportTls12Tls13Test.java:158)
	at org.apache.kafka.common.network.SslTransportTls12Tls13Test.testCiphersSuiteForTls12(SslTransportTls12Tls13Test.java:141)
	at sun.reflect.NativeMethodAccessorImpl.invoke0(Native Method)
	at sun.reflect.NativeMethodAccessorImpl.invoke(NativeMethodAccessorImpl.java:62)
	at sun.reflect.DelegatingMethodAccessorImpl.invoke(DelegatingMethodAccessorImpl.java:43)
	at java.lang.reflect.Method.invoke(Method.java:498)
	at org.junit.runners.model.FrameworkMethod$1.runReflectiveCall(FrameworkMethod.java:59)
	at org.junit.internal.runners.model.ReflectiveCallable.run(ReflectiveCallable.java:12)
	at org.junit.runners.model.FrameworkMethod.invokeExplosively(FrameworkMethod.java:56)
	at org.junit.internal.runners.statements.InvokeMethod.evaluate(InvokeMethod.java:17)
	at org.junit.internal.runners.statements.RunBefores.evaluate(RunBefores.java:26)
	at org.junit.internal.runners.statements.RunAfters.evaluate(RunAfters.java:27)
	at org.junit.runners.ParentRunner$3.evaluate(ParentRunner.java:306)
	at org.junit.runners.BlockJUnit4ClassRunner$1.evaluate(BlockJUnit4ClassRunner.java:100)
	at org.junit.runners.ParentRunner.runLeaf(ParentRunner.java:366)
	at org.junit.runners.BlockJUnit4ClassRunner.runChild(BlockJUnit4ClassRunner.java:103)
	at org.junit.runners.BlockJUnit4ClassRunner.runChild(BlockJUnit4ClassRunner.java:63)
	at org.junit.runners.ParentRunner$4.run(ParentRunner.java:331)
	at org.junit.runners.ParentRunner$1.schedule(ParentRunner.java:79)
	at org.junit.runners.ParentRunner.runChildren(ParentRunner.java:329)
	at org.junit.runners.ParentRunner.access$100(ParentRunner.java:66)
	at org.junit.runners.ParentRunner$2.evaluate(ParentRunner.java:293)
	at org.junit.runners.ParentRunner$3.evaluate(ParentRunner.java:306)
	at org.junit.runners.ParentRunner.run(ParentRunner.java:413)
	at org.gradle.api.internal.tasks.testing.junit.JUnitTestClassExecutor.runTestClass(JUnitTestClassExecutor.java:110)
	at org.gradle.api.internal.tasks.testing.junit.JUnitTestClassExecutor.execute(JUnitTestClassExecutor.java:58)
	at org.gradle.api.internal.tasks.testing.junit.JUnitTestClassExecutor.execute(JUnitTestClassExecutor.java:38)
	at org.gradle.api.internal.tasks.testing.junit.AbstractJUnitTestClassProcessor.processTestClass(AbstractJUnitTestClassProcessor.java:62)
	at org.gradle.api.internal.tasks.testing.SuiteTestClassProcessor.processTestClass(SuiteTestClassProcessor.java:51)
	at sun.reflect.NativeMethodAccessorImpl.invoke0(Native Method)
	at sun.reflect.NativeMethodAccessorImpl.invoke(NativeMethodAccessorImpl.java:62)
	at sun.reflect.DelegatingMethodAccessorImpl.invoke(DelegatingMethodAccessorImpl.java:43)
	at java.lang.reflect.Method.invoke(Method.java:498)
	at org.gradle.internal.dispatch.ReflectionDispatch.dispatch(ReflectionDispatch.java:36)
	at org.gradle.internal.dispatch.ReflectionDispatch.dispatch(ReflectionDispatch.java:24)
	at org.gradle.internal.dispatch.ContextClassLoaderDispatch.dispatch(ContextClassLoaderDispatch.java:33)
	at org.gradle.internal.dispatch.ProxyDispatchAdapter$DispatchingInvocationHandler.invoke(ProxyDispatchAdapter.java:94)
	at com.sun.proxy.$Proxy2.processTestClass(Unknown Source)
	at org.gradle.api.internal.tasks.testing.worker.TestWorker.processTestClass(TestWorker.java:119)
	at sun.reflect.NativeMethodAccessorImpl.invoke0(Native Method)
	at sun.reflect.NativeMethodAccessorImpl.invoke(NativeMethodAccessorImpl.java:62)
	at sun.reflect.DelegatingMethodAccessorImpl.invoke(DelegatingMethodAccessorImpl.java:43)
	at java.lang.reflect.Method.invoke(Method.java:498)
	at org.gradle.internal.dispatch.ReflectionDispatch.dispatch(ReflectionDispatch.java:36)
	at org.gradle.internal.dispatch.ReflectionDispatch.dispatch(ReflectionDispatch.java:24)
	at org.gradle.internal.remote.internal.hub.MessageHubBackedObjectConnection$DispatchWrapper.dispatch(MessageHubBackedObjectConnection.java:182)
	at org.gradle.internal.remote.internal.hub.MessageHubBackedObjectConnection$DispatchWrapper.dispatch(MessageHubBackedObjectConnection.java:164)
	at org.gradle.internal.remote.internal.hub.MessageHub$Handler.run(MessageHub.java:414)
	at org.gradle.internal.concurrent.ExecutorPolicy$CatchAndRecordFailures.onExecute(ExecutorPolicy.java:64)
	at org.gradle.internal.concurrent.ManagedExecutorImpl$1.run(ManagedExecutorImpl.java:48)
	at java.util.concurrent.ThreadPoolExecutor.runWorker(ThreadPoolExecutor.java:1149)
	at java.util.concurrent.ThreadPoolExecutor$Worker.run(ThreadPoolExecutor.java:624)
	at org.gradle.internal.concurrent.ThreadFactoryImpl$ManagedThreadRunnable.run(ThreadFactoryImpl.java:56)
	at java.lang.Thread.run(Thread.java:748)
Caused by: org.apache.kafka.common.KafkaException: java.lang.IllegalArgumentException: Cannot support TLS_ECDHE_RSA_WITH_AES_256_GCM_SHA384 with currently installed providers
	at org.apache.kafka.common.network.SslChannelBuilder.buildChannel(SslChannelBuilder.java:112)
	at org.apache.kafka.common.network.Selector.buildAndAttachKafkaChannel(Selector.java:338)
	... 56 more
Caused by: java.lang.IllegalArgumentException: Cannot support TLS_ECDHE_RSA_WITH_AES_256_GCM_SHA384 with currently installed providers
	at sun.security.ssl.CipherSuiteList.&lt;init&gt;(CipherSuiteList.java:81)
	at sun.security.ssl.SSLEngineImpl.setEnabledCipherSuites(SSLEngineImpl.java:2038)
	at org.apache.kafka.common.security.ssl.DefaultSslEngineFactory.createSslEngine(DefaultSslEngineFactory.java:188)
	at org.apache.kafka.common.security.ssl.DefaultSslEngineFactory.createClientSslEngine(DefaultSslEngineFactory.java:93)
	at org.apache.kafka.common.security.ssl.SslFactory.createSslEngine(SslFactory.java:191)
	at org.apache.kafka.common.network.SslTransportLayerTest$TestSslChannelBuilder.buildTransportLayer(SslTransportLayerTest.java:1324)
	at org.apache.kafka.common.network.SslChannelBuilder.buildChannel(SslChannelBuilder.java:104)
	... 57 more
</failure>
  </testcase>
  <testcase name="testCiphersSuiteForTls13" classname="org.apache.kafka.common.network.SslTransportTls12Tls13Test" time="2.364">
    <skipped/>
  </testcase>
  <testcase name="testCiphersSuiteFailForServerTls12ClientTls13" classname="org.apache.kafka.common.network.SslTransportTls12Tls13Test" time="0.616">
    <skipped/>
  </testcase>
  <system-out><![CDATA[]]></system-out>
  <system-err><![CDATA[]]></system-err>
</testsuite>
