<?xml version="1.0" encoding="UTF-8"?>
<testsuite name="org.apache.kafka.common.record.KafkaLZ4Test" tests="1152" skipped="0" failures="0" errors="0" timestamp="2022-09-03T10:41:16" hostname="LAPTOP-FH01OFOM" time="0.195">
  <properties/>
  <testcase name="testHeaderPrematureEnd[0 useBrokenFlagDescriptorChecksum=false, ignoreFlagDescriptorChecksum=false, blockChecksum=false, close=false, payload=Payload{size=0, name='empty'}]" classname="org.apache.kafka.common.record.KafkaLZ4Test" time="0.0"/>
  <testcase name="testBadBlockSize[0 useBrokenFlagDescriptorChecksum=false, ignoreFlagDescriptorChecksum=false, blockChecksum=false, close=false, payload=Payload{size=0, name='empty'}]" classname="org.apache.kafka.common.record.KafkaLZ4Test" time="0.0"/>
  <testcase name="testSkip[0 useBrokenFlagDescriptorChecksum=false, ignoreFlagDescriptorChecksum=false, blockChecksum=false, close=false, payload=Payload{size=0, name='empty'}]" classname="org.apache.kafka.common.record.KafkaLZ4Test" time="0.0"/>
  <testcase name="testArrayBackedBuffer[0 useBrokenFlagDescriptorChecksum=false, ignoreFlagDescriptorChecksum=false, blockChecksum=false, close=false, payload=Payload{size=0, name='empty'}]" classname="org.apache.kafka.common.record.KafkaLZ4Test" time="0.0"/>
  <testcase name="testCompression[0 useBrokenFlagDescriptorChecksum=false, ignoreFlagDescriptorChecksum=false, blockChecksum=false, close=false, payload=Payload{size=0, name='empty'}]" classname="org.apache.kafka.common.record.KafkaLZ4Test" time="0.0"/>
  <testcase name="testDirectBuffer[0 useBrokenFlagDescriptorChecksum=false, ignoreFlagDescriptorChecksum=false, blockChecksum=false, close=false, payload=Payload{size=0, name='empty'}]" classname="org.apache.kafka.common.record.KafkaLZ4Test" time="0.001"/>
  <testcase name="testArrayBackedBufferSlice[0 useBrokenFlagDescriptorChecksum=false, ignoreFlagDescriptorChecksum=false, blockChecksum=false, close=false, payload=Payload{size=0, name='empty'}]" classname="org.apache.kafka.common.record.KafkaLZ4Test" time="0.001"/>
  <testcase name="testNotSupported[0 useBrokenFlagDescriptorChecksum=false, ignoreFlagDescriptorChecksum=false, blockChecksum=false, close=false, payload=Payload{size=0, name='empty'}]" classname="org.apache.kafka.common.record.KafkaLZ4Test" time="0.0"/>
  <testcase name="testBadFrameChecksum[0 useBrokenFlagDescriptorChecksum=false, ignoreFlagDescriptorChecksum=false, blockChecksum=false, close=false, payload=Payload{size=0, name='empty'}]" classname="org.apache.kafka.common.record.KafkaLZ4Test" time="0.001"/>
  <testcase name="testHeaderPrematureEnd[1 useBrokenFlagDescriptorChecksum=false, ignoreFlagDescriptorChecksum=false, blockChecksum=false, close=true, payload=Payload{size=0, name='empty'}]" classname="org.apache.kafka.common.record.KafkaLZ4Test" time="0.0"/>
  <testcase name="testBadBlockSize[1 useBrokenFlagDescriptorChecksum=false, ignoreFlagDescriptorChecksum=false, blockChecksum=false, close=true, payload=Payload{size=0, name='empty'}]" classname="org.apache.kafka.common.record.KafkaLZ4Test" time="0.004"/>
  <testcase name="testSkip[1 useBrokenFlagDescriptorChecksum=false, ignoreFlagDescriptorChecksum=false, blockChecksum=false, close=true, payload=Payload{size=0, name='empty'}]" classname="org.apache.kafka.common.record.KafkaLZ4Test" time="0.0"/>
  <testcase name="testArrayBackedBuffer[1 useBrokenFlagDescriptorChecksum=false, ignoreFlagDescriptorChecksum=false, blockChecksum=false, close=true, payload=Payload{size=0, name='empty'}]" classname="org.apache.kafka.common.record.KafkaLZ4Test" time="0.0"/>
  <testcase name="testCompression[1 useBrokenFlagDescriptorChecksum=false, ignoreFlagDescriptorChecksum=false, blockChecksum=false, close=true, payload=Payload{size=0, name='empty'}]" classname="org.apache.kafka.common.record.KafkaLZ4Test" time="0.0"/>
  <testcase name="testDirectBuffer[1 useBrokenFlagDescriptorChecksum=false, ignoreFlagDescriptorChecksum=false, blockChecksum=false, close=true, payload=Payload{size=0, name='empty'}]" classname="org.apache.kafka.common.record.KafkaLZ4Test" time="0.0"/>
  <testcase name="testArrayBackedBufferSlice[1 useBrokenFlagDescriptorChecksum=false, ignoreFlagDescriptorChecksum=false, blockChecksum=false, close=true, payload=Payload{size=0, name='empty'}]" classname="org.apache.kafka.common.record.KafkaLZ4Test" time="0.001"/>
  <testcase name="testNotSupported[1 useBrokenFlagDescriptorChecksum=false, ignoreFlagDescriptorChecksum=false, blockChecksum=false, close=true, payload=Payload{size=0, name='empty'}]" classname="org.apache.kafka.common.record.KafkaLZ4Test" time="0.0"/>
  <testcase name="testBadFrameChecksum[1 useBrokenFlagDescriptorChecksum=false, ignoreFlagDescriptorChecksum=false, blockChecksum=false, close=true, payload=Payload{size=0, name='empty'}]" classname="org.apache.kafka.common.record.KafkaLZ4Test" time="0.0"/>
  <testcase name="testHeaderPrematureEnd[2 useBrokenFlagDescriptorChecksum=false, ignoreFlagDescriptorChecksum=false, blockChecksum=true, close=false, payload=Payload{size=0, name='empty'}]" classname="org.apache.kafka.common.record.KafkaLZ4Test" time="0.0"/>
  <testcase name="testBadBlockSize[2 useBrokenFlagDescriptorChecksum=false, ignoreFlagDescriptorChecksum=false, blockChecksum=true, close=false, payload=Payload{size=0, name='empty'}]" classname="org.apache.kafka.common.record.KafkaLZ4Test" time="0.0"/>
  <testcase name="testSkip[2 useBrokenFlagDescriptorChecksum=false, ignoreFlagDescriptorChecksum=false, blockChecksum=true, close=false, payload=Payload{size=0, name='empty'}]" classname="org.apache.kafka.common.record.KafkaLZ4Test" time="0.0"/>
  <testcase name="testArrayBackedBuffer[2 useBrokenFlagDescriptorChecksum=false, ignoreFlagDescriptorChecksum=false, blockChecksum=true, close=false, payload=Payload{size=0, name='empty'}]" classname="org.apache.kafka.common.record.KafkaLZ4Test" time="0.001"/>
  <testcase name="testCompression[2 useBrokenFlagDescriptorChecksum=false, ignoreFlagDescriptorChecksum=false, blockChecksum=true, close=false, payload=Payload{size=0, name='empty'}]" classname="org.apache.kafka.common.record.KafkaLZ4Test" time="0.0"/>
  <testcase name="testDirectBuffer[2 useBrokenFlagDescriptorChecksum=false, ignoreFlagDescriptorChecksum=false, blockChecksum=true, close=false, payload=Payload{size=0, name='empty'}]" classname="org.apache.kafka.common.record.KafkaLZ4Test" time="0.0"/>
  <testcase name="testArrayBackedBufferSlice[2 useBrokenFlagDescriptorChecksum=false, ignoreFlagDescriptorChecksum=false, blockChecksum=true, close=false, payload=Payload{size=0, name='empty'}]" classname="org.apache.kafka.common.record.KafkaLZ4Test" time="0.0"/>
  <testcase name="testNotSupported[2 useBrokenFlagDescriptorChecksum=false, ignoreFlagDescriptorChecksum=false, blockChecksum=true, close=false, payload=Payload{size=0, name='empty'}]" classname="org.apache.kafka.common.record.KafkaLZ4Test" time="0.0"/>
  <testcase name="testBadFrameChecksum[2 useBrokenFlagDescriptorChecksum=false, ignoreFlagDescriptorChecksum=false, blockChecksum=true, close=false, payload=Payload{size=0, name='empty'}]" classname="org.apache.kafka.common.record.KafkaLZ4Test" time="0.001"/>
  <testcase name="testHeaderPrematureEnd[3 useBrokenFlagDescriptorChecksum=false, ignoreFlagDescriptorChecksum=false, blockChecksum=true, close=true, payload=Payload{size=0, name='empty'}]" classname="org.apache.kafka.common.record.KafkaLZ4Test" time="0.0"/>
  <testcase name="testBadBlockSize[3 useBrokenFlagDescriptorChecksum=false, ignoreFlagDescriptorChecksum=false, blockChecksum=true, close=true, payload=Payload{size=0, name='empty'}]" classname="org.apache.kafka.common.record.KafkaLZ4Test" time="0.0"/>
  <testcase name="testSkip[3 useBrokenFlagDescriptorChecksum=false, ignoreFlagDescriptorChecksum=false, blockChecksum=true, close=true, payload=Payload{size=0, name='empty'}]" classname="org.apache.kafka.common.record.KafkaLZ4Test" time="0.0"/>
  <testcase name="testArrayBackedBuffer[3 useBrokenFlagDescriptorChecksum=false, ignoreFlagDescriptorChecksum=false, blockChecksum=true, close=true, payload=Payload{size=0, name='empty'}]" classname="org.apache.kafka.common.record.KafkaLZ4Test" time="0.0"/>
  <testcase name="testCompression[3 useBrokenFlagDescriptorChecksum=false, ignoreFlagDescriptorChecksum=false, blockChecksum=true, close=true, payload=Payload{size=0, name='empty'}]" classname="org.apache.kafka.common.record.KafkaLZ4Test" time="0.0"/>
  <testcase name="testDirectBuffer[3 useBrokenFlagDescriptorChecksum=false, ignoreFlagDescriptorChecksum=false, blockChecksum=true, close=true, payload=Payload{size=0, name='empty'}]" classname="org.apache.kafka.common.record.KafkaLZ4Test" time="0.0"/>
  <testcase name="testArrayBackedBufferSlice[3 useBrokenFlagDescriptorChecksum=false, ignoreFlagDescriptorChecksum=false, blockChecksum=true, close=true, payload=Payload{size=0, name='empty'}]" classname="org.apache.kafka.common.record.KafkaLZ4Test" time="0.001"/>
  <testcase name="testNotSupported[3 useBrokenFlagDescriptorChecksum=false, ignoreFlagDescriptorChecksum=false, blockChecksum=true, close=true, payload=Payload{size=0, name='empty'}]" classname="org.apache.kafka.common.record.KafkaLZ4Test" time="0.0"/>
  <testcase name="testBadFrameChecksum[3 useBrokenFlagDescriptorChecksum=false, ignoreFlagDescriptorChecksum=false, blockChecksum=true, close=true, payload=Payload{size=0, name='empty'}]" classname="org.apache.kafka.common.record.KafkaLZ4Test" time="0.0"/>
  <testcase name="testHeaderPrematureEnd[4 useBrokenFlagDescriptorChecksum=false, ignoreFlagDescriptorChecksum=true, blockChecksum=false, close=false, payload=Payload{size=0, name='empty'}]" classname="org.apache.kafka.common.record.KafkaLZ4Test" time="0.0"/>
  <testcase name="testBadBlockSize[4 useBrokenFlagDescriptorChecksum=false, ignoreFlagDescriptorChecksum=true, blockChecksum=false, close=false, payload=Payload{size=0, name='empty'}]" classname="org.apache.kafka.common.record.KafkaLZ4Test" time="0.0"/>
  <testcase name="testSkip[4 useBrokenFlagDescriptorChecksum=false, ignoreFlagDescriptorChecksum=true, blockChecksum=false, close=false, payload=Payload{size=0, name='empty'}]" classname="org.apache.kafka.common.record.KafkaLZ4Test" time="0.0"/>
  <testcase name="testArrayBackedBuffer[4 useBrokenFlagDescriptorChecksum=false, ignoreFlagDescriptorChecksum=true, blockChecksum=false, close=false, payload=Payload{size=0, name='empty'}]" classname="org.apache.kafka.common.record.KafkaLZ4Test" time="0.0"/>
  <testcase name="testCompression[4 useBrokenFlagDescriptorChecksum=false, ignoreFlagDescriptorChecksum=true, blockChecksum=false, close=false, payload=Payload{size=0, name='empty'}]" classname="org.apache.kafka.common.record.KafkaLZ4Test" time="0.0"/>
  <testcase name="testDirectBuffer[4 useBrokenFlagDescriptorChecksum=false, ignoreFlagDescriptorChecksum=true, blockChecksum=false, close=false, payload=Payload{size=0, name='empty'}]" classname="org.apache.kafka.common.record.KafkaLZ4Test" time="0.0"/>
  <testcase name="testArrayBackedBufferSlice[4 useBrokenFlagDescriptorChecksum=false, ignoreFlagDescriptorChecksum=true, blockChecksum=false, close=false, payload=Payload{size=0, name='empty'}]" classname="org.apache.kafka.common.record.KafkaLZ4Test" time="0.0"/>
  <testcase name="testNotSupported[4 useBrokenFlagDescriptorChecksum=false, ignoreFlagDescriptorChecksum=true, blockChecksum=false, close=false, payload=Payload{size=0, name='empty'}]" classname="org.apache.kafka.common.record.KafkaLZ4Test" time="0.0"/>
  <testcase name="testBadFrameChecksum[4 useBrokenFlagDescriptorChecksum=false, ignoreFlagDescriptorChecksum=true, blockChecksum=false, close=false, payload=Payload{size=0, name='empty'}]" classname="org.apache.kafka.common.record.KafkaLZ4Test" time="0.001"/>
  <testcase name="testHeaderPrematureEnd[5 useBrokenFlagDescriptorChecksum=false, ignoreFlagDescriptorChecksum=true, blockChecksum=false, close=true, payload=Payload{size=0, name='empty'}]" classname="org.apache.kafka.common.record.KafkaLZ4Test" time="0.0"/>
  <testcase name="testBadBlockSize[5 useBrokenFlagDescriptorChecksum=false, ignoreFlagDescriptorChecksum=true, blockChecksum=false, close=true, payload=Payload{size=0, name='empty'}]" classname="org.apache.kafka.common.record.KafkaLZ4Test" time="0.0"/>
  <testcase name="testSkip[5 useBrokenFlagDescriptorChecksum=false, ignoreFlagDescriptorChecksum=true, blockChecksum=false, close=true, payload=Payload{size=0, name='empty'}]" classname="org.apache.kafka.common.record.KafkaLZ4Test" time="0.0"/>
  <testcase name="testArrayBackedBuffer[5 useBrokenFlagDescriptorChecksum=false, ignoreFlagDescriptorChecksum=true, blockChecksum=false, close=true, payload=Payload{size=0, name='empty'}]" classname="org.apache.kafka.common.record.KafkaLZ4Test" time="0.0"/>
  <testcase name="testCompression[5 useBrokenFlagDescriptorChecksum=false, ignoreFlagDescriptorChecksum=true, blockChecksum=false, close=true, payload=Payload{size=0, name='empty'}]" classname="org.apache.kafka.common.record.KafkaLZ4Test" time="0.0"/>
  <testcase name="testDirectBuffer[5 useBrokenFlagDescriptorChecksum=false, ignoreFlagDescriptorChecksum=true, blockChecksum=false, close=true, payload=Payload{size=0, name='empty'}]" classname="org.apache.kafka.common.record.KafkaLZ4Test" time="0.0"/>
  <testcase name="testArrayBackedBufferSlice[5 useBrokenFlagDescriptorChecksum=false, ignoreFlagDescriptorChecksum=true, blockChecksum=false, close=true, payload=Payload{size=0, name='empty'}]" classname="org.apache.kafka.common.record.KafkaLZ4Test" time="0.0"/>
  <testcase name="testNotSupported[5 useBrokenFlagDescriptorChecksum=false, ignoreFlagDescriptorChecksum=true, blockChecksum=false, close=true, payload=Payload{size=0, name='empty'}]" classname="org.apache.kafka.common.record.KafkaLZ4Test" time="0.0"/>
  <testcase name="testBadFrameChecksum[5 useBrokenFlagDescriptorChecksum=false, ignoreFlagDescriptorChecksum=true, blockChecksum=false, close=true, payload=Payload{size=0, name='empty'}]" classname="org.apache.kafka.common.record.KafkaLZ4Test" time="0.001"/>
  <testcase name="testHeaderPrematureEnd[6 useBrokenFlagDescriptorChecksum=false, ignoreFlagDescriptorChecksum=true, blockChecksum=true, close=false, payload=Payload{size=0, name='empty'}]" classname="org.apache.kafka.common.record.KafkaLZ4Test" time="0.0"/>
  <testcase name="testBadBlockSize[6 useBrokenFlagDescriptorChecksum=false, ignoreFlagDescriptorChecksum=true, blockChecksum=true, close=false, payload=Payload{size=0, name='empty'}]" classname="org.apache.kafka.common.record.KafkaLZ4Test" time="0.0"/>
  <testcase name="testSkip[6 useBrokenFlagDescriptorChecksum=false, ignoreFlagDescriptorChecksum=true, blockChecksum=true, close=false, payload=Payload{size=0, name='empty'}]" classname="org.apache.kafka.common.record.KafkaLZ4Test" time="0.0"/>
  <testcase name="testArrayBackedBuffer[6 useBrokenFlagDescriptorChecksum=false, ignoreFlagDescriptorChecksum=true, blockChecksum=true, close=false, payload=Payload{size=0, name='empty'}]" classname="org.apache.kafka.common.record.KafkaLZ4Test" time="0.0"/>
  <testcase name="testCompression[6 useBrokenFlagDescriptorChecksum=false, ignoreFlagDescriptorChecksum=true, blockChecksum=true, close=false, payload=Payload{size=0, name='empty'}]" classname="org.apache.kafka.common.record.KafkaLZ4Test" time="0.0"/>
  <testcase name="testDirectBuffer[6 useBrokenFlagDescriptorChecksum=false, ignoreFlagDescriptorChecksum=true, blockChecksum=true, close=false, payload=Payload{size=0, name='empty'}]" classname="org.apache.kafka.common.record.KafkaLZ4Test" time="0.0"/>
  <testcase name="testArrayBackedBufferSlice[6 useBrokenFlagDescriptorChecksum=false, ignoreFlagDescriptorChecksum=true, blockChecksum=true, close=false, payload=Payload{size=0, name='empty'}]" classname="org.apache.kafka.common.record.KafkaLZ4Test" time="0.001"/>
  <testcase name="testNotSupported[6 useBrokenFlagDescriptorChecksum=false, ignoreFlagDescriptorChecksum=true, blockChecksum=true, close=false, payload=Payload{size=0, name='empty'}]" classname="org.apache.kafka.common.record.KafkaLZ4Test" time="0.0"/>
  <testcase name="testBadFrameChecksum[6 useBrokenFlagDescriptorChecksum=false, ignoreFlagDescriptorChecksum=true, blockChecksum=true, close=false, payload=Payload{size=0, name='empty'}]" classname="org.apache.kafka.common.record.KafkaLZ4Test" time="0.0"/>
  <testcase name="testHeaderPrematureEnd[7 useBrokenFlagDescriptorChecksum=false, ignoreFlagDescriptorChecksum=true, blockChecksum=true, close=true, payload=Payload{size=0, name='empty'}]" classname="org.apache.kafka.common.record.KafkaLZ4Test" time="0.0"/>
  <testcase name="testBadBlockSize[7 useBrokenFlagDescriptorChecksum=false, ignoreFlagDescriptorChecksum=true, blockChecksum=true, close=true, payload=Payload{size=0, name='empty'}]" classname="org.apache.kafka.common.record.KafkaLZ4Test" time="0.0"/>
  <testcase name="testSkip[7 useBrokenFlagDescriptorChecksum=false, ignoreFlagDescriptorChecksum=true, blockChecksum=true, close=true, payload=Payload{size=0, name='empty'}]" classname="org.apache.kafka.common.record.KafkaLZ4Test" time="0.0"/>
  <testcase name="testArrayBackedBuffer[7 useBrokenFlagDescriptorChecksum=false, ignoreFlagDescriptorChecksum=true, blockChecksum=true, close=true, payload=Payload{size=0, name='empty'}]" classname="org.apache.kafka.common.record.KafkaLZ4Test" time="0.0"/>
  <testcase name="testCompression[7 useBrokenFlagDescriptorChecksum=false, ignoreFlagDescriptorChecksum=true, blockChecksum=true, close=true, payload=Payload{size=0, name='empty'}]" classname="org.apache.kafka.common.record.KafkaLZ4Test" time="0.001"/>
  <testcase name="testDirectBuffer[7 useBrokenFlagDescriptorChecksum=false, ignoreFlagDescriptorChecksum=true, blockChecksum=true, close=true, payload=Payload{size=0, name='empty'}]" classname="org.apache.kafka.common.record.KafkaLZ4Test" time="0.0"/>
  <testcase name="testArrayBackedBufferSlice[7 useBrokenFlagDescriptorChecksum=false, ignoreFlagDescriptorChecksum=true, blockChecksum=true, close=true, payload=Payload{size=0, name='empty'}]" classname="org.apache.kafka.common.record.KafkaLZ4Test" time="0.0"/>
  <testcase name="testNotSupported[7 useBrokenFlagDescriptorChecksum=false, ignoreFlagDescriptorChecksum=true, blockChecksum=true, close=true, payload=Payload{size=0, name='empty'}]" classname="org.apache.kafka.common.record.KafkaLZ4Test" time="0.0"/>
  <testcase name="testBadFrameChecksum[7 useBrokenFlagDescriptorChecksum=false, ignoreFlagDescriptorChecksum=true, blockChecksum=true, close=true, payload=Payload{size=0, name='empty'}]" classname="org.apache.kafka.common.record.KafkaLZ4Test" time="0.0"/>
  <testcase name="testHeaderPrematureEnd[8 useBrokenFlagDescriptorChecksum=true, ignoreFlagDescriptorChecksum=false, blockChecksum=false, close=false, payload=Payload{size=0, name='empty'}]" classname="org.apache.kafka.common.record.KafkaLZ4Test" time="0.0"/>
  <testcase name="testBadBlockSize[8 useBrokenFlagDescriptorChecksum=true, ignoreFlagDescriptorChecksum=false, blockChecksum=false, close=false, payload=Payload{size=0, name='empty'}]" classname="org.apache.kafka.common.record.KafkaLZ4Test" time="0.0"/>
  <testcase name="testSkip[8 useBrokenFlagDescriptorChecksum=true, ignoreFlagDescriptorChecksum=false, blockChecksum=false, close=false, payload=Payload{size=0, name='empty'}]" classname="org.apache.kafka.common.record.KafkaLZ4Test" time="0.0"/>
  <testcase name="testArrayBackedBuffer[8 useBrokenFlagDescriptorChecksum=true, ignoreFlagDescriptorChecksum=false, blockChecksum=false, close=false, payload=Payload{size=0, name='empty'}]" classname="org.apache.kafka.common.record.KafkaLZ4Test" time="0.0"/>
  <testcase name="testCompression[8 useBrokenFlagDescriptorChecksum=true, ignoreFlagDescriptorChecksum=false, blockChecksum=false, close=false, payload=Payload{size=0, name='empty'}]" classname="org.apache.kafka.common.record.KafkaLZ4Test" time="0.0"/>
  <testcase name="testDirectBuffer[8 useBrokenFlagDescriptorChecksum=true, ignoreFlagDescriptorChecksum=false, blockChecksum=false, close=false, payload=Payload{size=0, name='empty'}]" classname="org.apache.kafka.common.record.KafkaLZ4Test" time="0.001"/>
  <testcase name="testArrayBackedBufferSlice[8 useBrokenFlagDescriptorChecksum=true, ignoreFlagDescriptorChecksum=false, blockChecksum=false, close=false, payload=Payload{size=0, name='empty'}]" classname="org.apache.kafka.common.record.KafkaLZ4Test" time="0.0"/>
  <testcase name="testNotSupported[8 useBrokenFlagDescriptorChecksum=true, ignoreFlagDescriptorChecksum=false, blockChecksum=false, close=false, payload=Payload{size=0, name='empty'}]" classname="org.apache.kafka.common.record.KafkaLZ4Test" time="0.0"/>
  <testcase name="testBadFrameChecksum[8 useBrokenFlagDescriptorChecksum=true, ignoreFlagDescriptorChecksum=false, blockChecksum=false, close=false, payload=Payload{size=0, name='empty'}]" classname="org.apache.kafka.common.record.KafkaLZ4Test" time="0.0"/>
  <testcase name="testHeaderPrematureEnd[9 useBrokenFlagDescriptorChecksum=true, ignoreFlagDescriptorChecksum=false, blockChecksum=false, close=true, payload=Payload{size=0, name='empty'}]" classname="org.apache.kafka.common.record.KafkaLZ4Test" time="0.0"/>
  <testcase name="testBadBlockSize[9 useBrokenFlagDescriptorChecksum=true, ignoreFlagDescriptorChecksum=false, blockChecksum=false, close=true, payload=Payload{size=0, name='empty'}]" classname="org.apache.kafka.common.record.KafkaLZ4Test" time="0.0"/>
  <testcase name="testSkip[9 useBrokenFlagDescriptorChecksum=true, ignoreFlagDescriptorChecksum=false, blockChecksum=false, close=true, payload=Payload{size=0, name='empty'}]" classname="org.apache.kafka.common.record.KafkaLZ4Test" time="0.0"/>
  <testcase name="testArrayBackedBuffer[9 useBrokenFlagDescriptorChecksum=true, ignoreFlagDescriptorChecksum=false, blockChecksum=false, close=true, payload=Payload{size=0, name='empty'}]" classname="org.apache.kafka.common.record.KafkaLZ4Test" time="0.0"/>
  <testcase name="testCompression[9 useBrokenFlagDescriptorChecksum=true, ignoreFlagDescriptorChecksum=false, blockChecksum=false, close=true, payload=Payload{size=0, name='empty'}]" classname="org.apache.kafka.common.record.KafkaLZ4Test" time="0.0"/>
  <testcase name="testDirectBuffer[9 useBrokenFlagDescriptorChecksum=true, ignoreFlagDescriptorChecksum=false, blockChecksum=false, close=true, payload=Payload{size=0, name='empty'}]" classname="org.apache.kafka.common.record.KafkaLZ4Test" time="0.001"/>
  <testcase name="testArrayBackedBufferSlice[9 useBrokenFlagDescriptorChecksum=true, ignoreFlagDescriptorChecksum=false, blockChecksum=false, close=true, payload=Payload{size=0, name='empty'}]" classname="org.apache.kafka.common.record.KafkaLZ4Test" time="0.0"/>
  <testcase name="testNotSupported[9 useBrokenFlagDescriptorChecksum=true, ignoreFlagDescriptorChecksum=false, blockChecksum=false, close=true, payload=Payload{size=0, name='empty'}]" classname="org.apache.kafka.common.record.KafkaLZ4Test" time="0.0"/>
  <testcase name="testBadFrameChecksum[9 useBrokenFlagDescriptorChecksum=true, ignoreFlagDescriptorChecksum=false, blockChecksum=false, close=true, payload=Payload{size=0, name='empty'}]" classname="org.apache.kafka.common.record.KafkaLZ4Test" time="0.0"/>
  <testcase name="testHeaderPrematureEnd[10 useBrokenFlagDescriptorChecksum=true, ignoreFlagDescriptorChecksum=false, blockChecksum=true, close=false, payload=Payload{size=0, name='empty'}]" classname="org.apache.kafka.common.record.KafkaLZ4Test" time="0.0"/>
  <testcase name="testBadBlockSize[10 useBrokenFlagDescriptorChecksum=true, ignoreFlagDescriptorChecksum=false, blockChecksum=true, close=false, payload=Payload{size=0, name='empty'}]" classname="org.apache.kafka.common.record.KafkaLZ4Test" time="0.0"/>
  <testcase name="testSkip[10 useBrokenFlagDescriptorChecksum=true, ignoreFlagDescriptorChecksum=false, blockChecksum=true, close=false, payload=Payload{size=0, name='empty'}]" classname="org.apache.kafka.common.record.KafkaLZ4Test" time="0.0"/>
  <testcase name="testArrayBackedBuffer[10 useBrokenFlagDescriptorChecksum=true, ignoreFlagDescriptorChecksum=false, blockChecksum=true, close=false, payload=Payload{size=0, name='empty'}]" classname="org.apache.kafka.common.record.KafkaLZ4Test" time="0.0"/>
  <testcase name="testCompression[10 useBrokenFlagDescriptorChecksum=true, ignoreFlagDescriptorChecksum=false, blockChecksum=true, close=false, payload=Payload{size=0, name='empty'}]" classname="org.apache.kafka.common.record.KafkaLZ4Test" time="0.0"/>
  <testcase name="testDirectBuffer[10 useBrokenFlagDescriptorChecksum=true, ignoreFlagDescriptorChecksum=false, blockChecksum=true, close=false, payload=Payload{size=0, name='empty'}]" classname="org.apache.kafka.common.record.KafkaLZ4Test" time="0.0"/>
  <testcase name="testArrayBackedBufferSlice[10 useBrokenFlagDescriptorChecksum=true, ignoreFlagDescriptorChecksum=false, blockChecksum=true, close=false, payload=Payload{size=0, name='empty'}]" classname="org.apache.kafka.common.record.KafkaLZ4Test" time="0.0"/>
  <testcase name="testNotSupported[10 useBrokenFlagDescriptorChecksum=true, ignoreFlagDescriptorChecksum=false, blockChecksum=true, close=false, payload=Payload{size=0, name='empty'}]" classname="org.apache.kafka.common.record.KafkaLZ4Test" time="0.0"/>
  <testcase name="testBadFrameChecksum[10 useBrokenFlagDescriptorChecksum=true, ignoreFlagDescriptorChecksum=false, blockChecksum=true, close=false, payload=Payload{size=0, name='empty'}]" classname="org.apache.kafka.common.record.KafkaLZ4Test" time="0.0"/>
  <testcase name="testHeaderPrematureEnd[11 useBrokenFlagDescriptorChecksum=true, ignoreFlagDescriptorChecksum=false, blockChecksum=true, close=true, payload=Payload{size=0, name='empty'}]" classname="org.apache.kafka.common.record.KafkaLZ4Test" time="0.0"/>
  <testcase name="testBadBlockSize[11 useBrokenFlagDescriptorChecksum=true, ignoreFlagDescriptorChecksum=false, blockChecksum=true, close=true, payload=Payload{size=0, name='empty'}]" classname="org.apache.kafka.common.record.KafkaLZ4Test" time="0.0"/>
  <testcase name="testSkip[11 useBrokenFlagDescriptorChecksum=true, ignoreFlagDescriptorChecksum=false, blockChecksum=true, close=true, payload=Payload{size=0, name='empty'}]" classname="org.apache.kafka.common.record.KafkaLZ4Test" time="0.0"/>
  <testcase name="testArrayBackedBuffer[11 useBrokenFlagDescriptorChecksum=true, ignoreFlagDescriptorChecksum=false, blockChecksum=true, close=true, payload=Payload{size=0, name='empty'}]" classname="org.apache.kafka.common.record.KafkaLZ4Test" time="0.0"/>
  <testcase name="testCompression[11 useBrokenFlagDescriptorChecksum=true, ignoreFlagDescriptorChecksum=false, blockChecksum=true, close=true, payload=Payload{size=0, name='empty'}]" classname="org.apache.kafka.common.record.KafkaLZ4Test" time="0.0"/>
  <testcase name="testDirectBuffer[11 useBrokenFlagDescriptorChecksum=true, ignoreFlagDescriptorChecksum=false, blockChecksum=true, close=true, payload=Payload{size=0, name='empty'}]" classname="org.apache.kafka.common.record.KafkaLZ4Test" time="0.001"/>
  <testcase name="testArrayBackedBufferSlice[11 useBrokenFlagDescriptorChecksum=true, ignoreFlagDescriptorChecksum=false, blockChecksum=true, close=true, payload=Payload{size=0, name='empty'}]" classname="org.apache.kafka.common.record.KafkaLZ4Test" time="0.0"/>
  <testcase name="testNotSupported[11 useBrokenFlagDescriptorChecksum=true, ignoreFlagDescriptorChecksum=false, blockChecksum=true, close=true, payload=Payload{size=0, name='empty'}]" classname="org.apache.kafka.common.record.KafkaLZ4Test" time="0.0"/>
  <testcase name="testBadFrameChecksum[11 useBrokenFlagDescriptorChecksum=true, ignoreFlagDescriptorChecksum=false, blockChecksum=true, close=true, payload=Payload{size=0, name='empty'}]" classname="org.apache.kafka.common.record.KafkaLZ4Test" time="0.0"/>
  <testcase name="testHeaderPrematureEnd[12 useBrokenFlagDescriptorChecksum=true, ignoreFlagDescriptorChecksum=true, blockChecksum=false, close=false, payload=Payload{size=0, name='empty'}]" classname="org.apache.kafka.common.record.KafkaLZ4Test" time="0.0"/>
  <testcase name="testBadBlockSize[12 useBrokenFlagDescriptorChecksum=true, ignoreFlagDescriptorChecksum=true, blockChecksum=false, close=false, payload=Payload{size=0, name='empty'}]" classname="org.apache.kafka.common.record.KafkaLZ4Test" time="0.0"/>
  <testcase name="testSkip[12 useBrokenFlagDescriptorChecksum=true, ignoreFlagDescriptorChecksum=true, blockChecksum=false, close=false, payload=Payload{size=0, name='empty'}]" classname="org.apache.kafka.common.record.KafkaLZ4Test" time="0.0"/>
  <testcase name="testArrayBackedBuffer[12 useBrokenFlagDescriptorChecksum=true, ignoreFlagDescriptorChecksum=true, blockChecksum=false, close=false, payload=Payload{size=0, name='empty'}]" classname="org.apache.kafka.common.record.KafkaLZ4Test" time="0.0"/>
  <testcase name="testCompression[12 useBrokenFlagDescriptorChecksum=true, ignoreFlagDescriptorChecksum=true, blockChecksum=false, close=false, payload=Payload{size=0, name='empty'}]" classname="org.apache.kafka.common.record.KafkaLZ4Test" time="0.0"/>
  <testcase name="testDirectBuffer[12 useBrokenFlagDescriptorChecksum=true, ignoreFlagDescriptorChecksum=true, blockChecksum=false, close=false, payload=Payload{size=0, name='empty'}]" classname="org.apache.kafka.common.record.KafkaLZ4Test" time="0.001"/>
  <testcase name="testArrayBackedBufferSlice[12 useBrokenFlagDescriptorChecksum=true, ignoreFlagDescriptorChecksum=true, blockChecksum=false, close=false, payload=Payload{size=0, name='empty'}]" classname="org.apache.kafka.common.record.KafkaLZ4Test" time="0.0"/>
  <testcase name="testNotSupported[12 useBrokenFlagDescriptorChecksum=true, ignoreFlagDescriptorChecksum=true, blockChecksum=false, close=false, payload=Payload{size=0, name='empty'}]" classname="org.apache.kafka.common.record.KafkaLZ4Test" time="0.0"/>
  <testcase name="testBadFrameChecksum[12 useBrokenFlagDescriptorChecksum=true, ignoreFlagDescriptorChecksum=true, blockChecksum=false, close=false, payload=Payload{size=0, name='empty'}]" classname="org.apache.kafka.common.record.KafkaLZ4Test" time="0.0"/>
  <testcase name="testHeaderPrematureEnd[13 useBrokenFlagDescriptorChecksum=true, ignoreFlagDescriptorChecksum=true, blockChecksum=false, close=true, payload=Payload{size=0, name='empty'}]" classname="org.apache.kafka.common.record.KafkaLZ4Test" time="0.0"/>
  <testcase name="testBadBlockSize[13 useBrokenFlagDescriptorChecksum=true, ignoreFlagDescriptorChecksum=true, blockChecksum=false, close=true, payload=Payload{size=0, name='empty'}]" classname="org.apache.kafka.common.record.KafkaLZ4Test" time="0.0"/>
  <testcase name="testSkip[13 useBrokenFlagDescriptorChecksum=true, ignoreFlagDescriptorChecksum=true, blockChecksum=false, close=true, payload=Payload{size=0, name='empty'}]" classname="org.apache.kafka.common.record.KafkaLZ4Test" time="0.001"/>
  <testcase name="testArrayBackedBuffer[13 useBrokenFlagDescriptorChecksum=true, ignoreFlagDescriptorChecksum=true, blockChecksum=false, close=true, payload=Payload{size=0, name='empty'}]" classname="org.apache.kafka.common.record.KafkaLZ4Test" time="0.0"/>
  <testcase name="testCompression[13 useBrokenFlagDescriptorChecksum=true, ignoreFlagDescriptorChecksum=true, blockChecksum=false, close=true, payload=Payload{size=0, name='empty'}]" classname="org.apache.kafka.common.record.KafkaLZ4Test" time="0.0"/>
  <testcase name="testDirectBuffer[13 useBrokenFlagDescriptorChecksum=true, ignoreFlagDescriptorChecksum=true, blockChecksum=false, close=true, payload=Payload{size=0, name='empty'}]" classname="org.apache.kafka.common.record.KafkaLZ4Test" time="0.0"/>
  <testcase name="testArrayBackedBufferSlice[13 useBrokenFlagDescriptorChecksum=true, ignoreFlagDescriptorChecksum=true, blockChecksum=false, close=true, payload=Payload{size=0, name='empty'}]" classname="org.apache.kafka.common.record.KafkaLZ4Test" time="0.0"/>
  <testcase name="testNotSupported[13 useBrokenFlagDescriptorChecksum=true, ignoreFlagDescriptorChecksum=true, blockChecksum=false, close=true, payload=Payload{size=0, name='empty'}]" classname="org.apache.kafka.common.record.KafkaLZ4Test" time="0.0"/>
  <testcase name="testBadFrameChecksum[13 useBrokenFlagDescriptorChecksum=true, ignoreFlagDescriptorChecksum=true, blockChecksum=false, close=true, payload=Payload{size=0, name='empty'}]" classname="org.apache.kafka.common.record.KafkaLZ4Test" time="0.0"/>
  <testcase name="testHeaderPrematureEnd[14 useBrokenFlagDescriptorChecksum=true, ignoreFlagDescriptorChecksum=true, blockChecksum=true, close=false, payload=Payload{size=0, name='empty'}]" classname="org.apache.kafka.common.record.KafkaLZ4Test" time="0.0"/>
  <testcase name="testBadBlockSize[14 useBrokenFlagDescriptorChecksum=true, ignoreFlagDescriptorChecksum=true, blockChecksum=true, close=false, payload=Payload{size=0, name='empty'}]" classname="org.apache.kafka.common.record.KafkaLZ4Test" time="0.0"/>
  <testcase name="testSkip[14 useBrokenFlagDescriptorChecksum=true, ignoreFlagDescriptorChecksum=true, blockChecksum=true, close=false, payload=Payload{size=0, name='empty'}]" classname="org.apache.kafka.common.record.KafkaLZ4Test" time="0.0"/>
  <testcase name="testArrayBackedBuffer[14 useBrokenFlagDescriptorChecksum=true, ignoreFlagDescriptorChecksum=true, blockChecksum=true, close=false, payload=Payload{size=0, name='empty'}]" classname="org.apache.kafka.common.record.KafkaLZ4Test" time="0.0"/>
  <testcase name="testCompression[14 useBrokenFlagDescriptorChecksum=true, ignoreFlagDescriptorChecksum=true, blockChecksum=true, close=false, payload=Payload{size=0, name='empty'}]" classname="org.apache.kafka.common.record.KafkaLZ4Test" time="0.001"/>
  <testcase name="testDirectBuffer[14 useBrokenFlagDescriptorChecksum=true, ignoreFlagDescriptorChecksum=true, blockChecksum=true, close=false, payload=Payload{size=0, name='empty'}]" classname="org.apache.kafka.common.record.KafkaLZ4Test" time="0.0"/>
  <testcase name="testArrayBackedBufferSlice[14 useBrokenFlagDescriptorChecksum=true, ignoreFlagDescriptorChecksum=true, blockChecksum=true, close=false, payload=Payload{size=0, name='empty'}]" classname="org.apache.kafka.common.record.KafkaLZ4Test" time="0.0"/>
  <testcase name="testNotSupported[14 useBrokenFlagDescriptorChecksum=true, ignoreFlagDescriptorChecksum=true, blockChecksum=true, close=false, payload=Payload{size=0, name='empty'}]" classname="org.apache.kafka.common.record.KafkaLZ4Test" time="0.0"/>
  <testcase name="testBadFrameChecksum[14 useBrokenFlagDescriptorChecksum=true, ignoreFlagDescriptorChecksum=true, blockChecksum=true, close=false, payload=Payload{size=0, name='empty'}]" classname="org.apache.kafka.common.record.KafkaLZ4Test" time="0.0"/>
  <testcase name="testHeaderPrematureEnd[15 useBrokenFlagDescriptorChecksum=true, ignoreFlagDescriptorChecksum=true, blockChecksum=true, close=true, payload=Payload{size=0, name='empty'}]" classname="org.apache.kafka.common.record.KafkaLZ4Test" time="0.0"/>
  <testcase name="testBadBlockSize[15 useBrokenFlagDescriptorChecksum=true, ignoreFlagDescriptorChecksum=true, blockChecksum=true, close=true, payload=Payload{size=0, name='empty'}]" classname="org.apache.kafka.common.record.KafkaLZ4Test" time="0.0"/>
  <testcase name="testSkip[15 useBrokenFlagDescriptorChecksum=true, ignoreFlagDescriptorChecksum=true, blockChecksum=true, close=true, payload=Payload{size=0, name='empty'}]" classname="org.apache.kafka.common.record.KafkaLZ4Test" time="0.0"/>
  <testcase name="testArrayBackedBuffer[15 useBrokenFlagDescriptorChecksum=true, ignoreFlagDescriptorChecksum=true, blockChecksum=true, close=true, payload=Payload{size=0, name='empty'}]" classname="org.apache.kafka.common.record.KafkaLZ4Test" time="0.0"/>
  <testcase name="testCompression[15 useBrokenFlagDescriptorChecksum=true, ignoreFlagDescriptorChecksum=true, blockChecksum=true, close=true, payload=Payload{size=0, name='empty'}]" classname="org.apache.kafka.common.record.KafkaLZ4Test" time="0.001"/>
  <testcase name="testDirectBuffer[15 useBrokenFlagDescriptorChecksum=true, ignoreFlagDescriptorChecksum=true, blockChecksum=true, close=true, payload=Payload{size=0, name='empty'}]" classname="org.apache.kafka.common.record.KafkaLZ4Test" time="0.0"/>
  <testcase name="testArrayBackedBufferSlice[15 useBrokenFlagDescriptorChecksum=true, ignoreFlagDescriptorChecksum=true, blockChecksum=true, close=true, payload=Payload{size=0, name='empty'}]" classname="org.apache.kafka.common.record.KafkaLZ4Test" time="0.0"/>
  <testcase name="testNotSupported[15 useBrokenFlagDescriptorChecksum=true, ignoreFlagDescriptorChecksum=true, blockChecksum=true, close=true, payload=Payload{size=0, name='empty'}]" classname="org.apache.kafka.common.record.KafkaLZ4Test" time="0.0"/>
  <testcase name="testBadFrameChecksum[15 useBrokenFlagDescriptorChecksum=true, ignoreFlagDescriptorChecksum=true, blockChecksum=true, close=true, payload=Payload{size=0, name='empty'}]" classname="org.apache.kafka.common.record.KafkaLZ4Test" time="0.001"/>
  <testcase name="testHeaderPrematureEnd[16 useBrokenFlagDescriptorChecksum=false, ignoreFlagDescriptorChecksum=false, blockChecksum=false, close=false, payload=Payload{size=1, name='onebyte'}]" classname="org.apache.kafka.common.record.KafkaLZ4Test" time="0.0"/>
  <testcase name="testBadBlockSize[16 useBrokenFlagDescriptorChecksum=false, ignoreFlagDescriptorChecksum=false, blockChecksum=false, close=false, payload=Payload{size=1, name='onebyte'}]" classname="org.apache.kafka.common.record.KafkaLZ4Test" time="0.0"/>
  <testcase name="testSkip[16 useBrokenFlagDescriptorChecksum=false, ignoreFlagDescriptorChecksum=false, blockChecksum=false, close=false, payload=Payload{size=1, name='onebyte'}]" classname="org.apache.kafka.common.record.KafkaLZ4Test" time="0.0"/>
  <testcase name="testArrayBackedBuffer[16 useBrokenFlagDescriptorChecksum=false, ignoreFlagDescriptorChecksum=false, blockChecksum=false, close=false, payload=Payload{size=1, name='onebyte'}]" classname="org.apache.kafka.common.record.KafkaLZ4Test" time="0.0"/>
  <testcase name="testCompression[16 useBrokenFlagDescriptorChecksum=false, ignoreFlagDescriptorChecksum=false, blockChecksum=false, close=false, payload=Payload{size=1, name='onebyte'}]" classname="org.apache.kafka.common.record.KafkaLZ4Test" time="0.0"/>
  <testcase name="testDirectBuffer[16 useBrokenFlagDescriptorChecksum=false, ignoreFlagDescriptorChecksum=false, blockChecksum=false, close=false, payload=Payload{size=1, name='onebyte'}]" classname="org.apache.kafka.common.record.KafkaLZ4Test" time="0.001"/>
  <testcase name="testArrayBackedBufferSlice[16 useBrokenFlagDescriptorChecksum=false, ignoreFlagDescriptorChecksum=false, blockChecksum=false, close=false, payload=Payload{size=1, name='onebyte'}]" classname="org.apache.kafka.common.record.KafkaLZ4Test" time="0.0"/>
  <testcase name="testNotSupported[16 useBrokenFlagDescriptorChecksum=false, ignoreFlagDescriptorChecksum=false, blockChecksum=false, close=false, payload=Payload{size=1, name='onebyte'}]" classname="org.apache.kafka.common.record.KafkaLZ4Test" time="0.0"/>
  <testcase name="testBadFrameChecksum[16 useBrokenFlagDescriptorChecksum=false, ignoreFlagDescriptorChecksum=false, blockChecksum=false, close=false, payload=Payload{size=1, name='onebyte'}]" classname="org.apache.kafka.common.record.KafkaLZ4Test" time="0.0"/>
  <testcase name="testHeaderPrematureEnd[17 useBrokenFlagDescriptorChecksum=false, ignoreFlagDescriptorChecksum=false, blockChecksum=false, close=true, payload=Payload{size=1, name='onebyte'}]" classname="org.apache.kafka.common.record.KafkaLZ4Test" time="0.0"/>
  <testcase name="testBadBlockSize[17 useBrokenFlagDescriptorChecksum=false, ignoreFlagDescriptorChecksum=false, blockChecksum=false, close=true, payload=Payload{size=1, name='onebyte'}]" classname="org.apache.kafka.common.record.KafkaLZ4Test" time="0.0"/>
  <testcase name="testSkip[17 useBrokenFlagDescriptorChecksum=false, ignoreFlagDescriptorChecksum=false, blockChecksum=false, close=true, payload=Payload{size=1, name='onebyte'}]" classname="org.apache.kafka.common.record.KafkaLZ4Test" time="0.0"/>
  <testcase name="testArrayBackedBuffer[17 useBrokenFlagDescriptorChecksum=false, ignoreFlagDescriptorChecksum=false, blockChecksum=false, close=true, payload=Payload{size=1, name='onebyte'}]" classname="org.apache.kafka.common.record.KafkaLZ4Test" time="0.0"/>
  <testcase name="testCompression[17 useBrokenFlagDescriptorChecksum=false, ignoreFlagDescriptorChecksum=false, blockChecksum=false, close=true, payload=Payload{size=1, name='onebyte'}]" classname="org.apache.kafka.common.record.KafkaLZ4Test" time="0.0"/>
  <testcase name="testDirectBuffer[17 useBrokenFlagDescriptorChecksum=false, ignoreFlagDescriptorChecksum=false, blockChecksum=false, close=true, payload=Payload{size=1, name='onebyte'}]" classname="org.apache.kafka.common.record.KafkaLZ4Test" time="0.0"/>
  <testcase name="testArrayBackedBufferSlice[17 useBrokenFlagDescriptorChecksum=false, ignoreFlagDescriptorChecksum=false, blockChecksum=false, close=true, payload=Payload{size=1, name='onebyte'}]" classname="org.apache.kafka.common.record.KafkaLZ4Test" time="0.0"/>
  <testcase name="testNotSupported[17 useBrokenFlagDescriptorChecksum=false, ignoreFlagDescriptorChecksum=false, blockChecksum=false, close=true, payload=Payload{size=1, name='onebyte'}]" classname="org.apache.kafka.common.record.KafkaLZ4Test" time="0.001"/>
  <testcase name="testBadFrameChecksum[17 useBrokenFlagDescriptorChecksum=false, ignoreFlagDescriptorChecksum=false, blockChecksum=false, close=true, payload=Payload{size=1, name='onebyte'}]" classname="org.apache.kafka.common.record.KafkaLZ4Test" time="0.0"/>
  <testcase name="testHeaderPrematureEnd[18 useBrokenFlagDescriptorChecksum=false, ignoreFlagDescriptorChecksum=false, blockChecksum=true, close=false, payload=Payload{size=1, name='onebyte'}]" classname="org.apache.kafka.common.record.KafkaLZ4Test" time="0.0"/>
  <testcase name="testBadBlockSize[18 useBrokenFlagDescriptorChecksum=false, ignoreFlagDescriptorChecksum=false, blockChecksum=true, close=false, payload=Payload{size=1, name='onebyte'}]" classname="org.apache.kafka.common.record.KafkaLZ4Test" time="0.0"/>
  <testcase name="testSkip[18 useBrokenFlagDescriptorChecksum=false, ignoreFlagDescriptorChecksum=false, blockChecksum=true, close=false, payload=Payload{size=1, name='onebyte'}]" classname="org.apache.kafka.common.record.KafkaLZ4Test" time="0.0"/>
  <testcase name="testArrayBackedBuffer[18 useBrokenFlagDescriptorChecksum=false, ignoreFlagDescriptorChecksum=false, blockChecksum=true, close=false, payload=Payload{size=1, name='onebyte'}]" classname="org.apache.kafka.common.record.KafkaLZ4Test" time="0.0"/>
  <testcase name="testCompression[18 useBrokenFlagDescriptorChecksum=false, ignoreFlagDescriptorChecksum=false, blockChecksum=true, close=false, payload=Payload{size=1, name='onebyte'}]" classname="org.apache.kafka.common.record.KafkaLZ4Test" time="0.0"/>
  <testcase name="testDirectBuffer[18 useBrokenFlagDescriptorChecksum=false, ignoreFlagDescriptorChecksum=false, blockChecksum=true, close=false, payload=Payload{size=1, name='onebyte'}]" classname="org.apache.kafka.common.record.KafkaLZ4Test" time="0.001"/>
  <testcase name="testArrayBackedBufferSlice[18 useBrokenFlagDescriptorChecksum=false, ignoreFlagDescriptorChecksum=false, blockChecksum=true, close=false, payload=Payload{size=1, name='onebyte'}]" classname="org.apache.kafka.common.record.KafkaLZ4Test" time="0.0"/>
  <testcase name="testNotSupported[18 useBrokenFlagDescriptorChecksum=false, ignoreFlagDescriptorChecksum=false, blockChecksum=true, close=false, payload=Payload{size=1, name='onebyte'}]" classname="org.apache.kafka.common.record.KafkaLZ4Test" time="0.0"/>
  <testcase name="testBadFrameChecksum[18 useBrokenFlagDescriptorChecksum=false, ignoreFlagDescriptorChecksum=false, blockChecksum=true, close=false, payload=Payload{size=1, name='onebyte'}]" classname="org.apache.kafka.common.record.KafkaLZ4Test" time="0.0"/>
  <testcase name="testHeaderPrematureEnd[19 useBrokenFlagDescriptorChecksum=false, ignoreFlagDescriptorChecksum=false, blockChecksum=true, close=true, payload=Payload{size=1, name='onebyte'}]" classname="org.apache.kafka.common.record.KafkaLZ4Test" time="0.0"/>
  <testcase name="testBadBlockSize[19 useBrokenFlagDescriptorChecksum=false, ignoreFlagDescriptorChecksum=false, blockChecksum=true, close=true, payload=Payload{size=1, name='onebyte'}]" classname="org.apache.kafka.common.record.KafkaLZ4Test" time="0.0"/>
  <testcase name="testSkip[19 useBrokenFlagDescriptorChecksum=false, ignoreFlagDescriptorChecksum=false, blockChecksum=true, close=true, payload=Payload{size=1, name='onebyte'}]" classname="org.apache.kafka.common.record.KafkaLZ4Test" time="0.001"/>
  <testcase name="testArrayBackedBuffer[19 useBrokenFlagDescriptorChecksum=false, ignoreFlagDescriptorChecksum=false, blockChecksum=true, close=true, payload=Payload{size=1, name='onebyte'}]" classname="org.apache.kafka.common.record.KafkaLZ4Test" time="0.0"/>
  <testcase name="testCompression[19 useBrokenFlagDescriptorChecksum=false, ignoreFlagDescriptorChecksum=false, blockChecksum=true, close=true, payload=Payload{size=1, name='onebyte'}]" classname="org.apache.kafka.common.record.KafkaLZ4Test" time="0.0"/>
  <testcase name="testDirectBuffer[19 useBrokenFlagDescriptorChecksum=false, ignoreFlagDescriptorChecksum=false, blockChecksum=true, close=true, payload=Payload{size=1, name='onebyte'}]" classname="org.apache.kafka.common.record.KafkaLZ4Test" time="0.0"/>
  <testcase name="testArrayBackedBufferSlice[19 useBrokenFlagDescriptorChecksum=false, ignoreFlagDescriptorChecksum=false, blockChecksum=true, close=true, payload=Payload{size=1, name='onebyte'}]" classname="org.apache.kafka.common.record.KafkaLZ4Test" time="0.0"/>
  <testcase name="testNotSupported[19 useBrokenFlagDescriptorChecksum=false, ignoreFlagDescriptorChecksum=false, blockChecksum=true, close=true, payload=Payload{size=1, name='onebyte'}]" classname="org.apache.kafka.common.record.KafkaLZ4Test" time="0.0"/>
  <testcase name="testBadFrameChecksum[19 useBrokenFlagDescriptorChecksum=false, ignoreFlagDescriptorChecksum=false, blockChecksum=true, close=true, payload=Payload{size=1, name='onebyte'}]" classname="org.apache.kafka.common.record.KafkaLZ4Test" time="0.001"/>
  <testcase name="testHeaderPrematureEnd[20 useBrokenFlagDescriptorChecksum=false, ignoreFlagDescriptorChecksum=true, blockChecksum=false, close=false, payload=Payload{size=1, name='onebyte'}]" classname="org.apache.kafka.common.record.KafkaLZ4Test" time="0.0"/>
  <testcase name="testBadBlockSize[20 useBrokenFlagDescriptorChecksum=false, ignoreFlagDescriptorChecksum=true, blockChecksum=false, close=false, payload=Payload{size=1, name='onebyte'}]" classname="org.apache.kafka.common.record.KafkaLZ4Test" time="0.0"/>
  <testcase name="testSkip[20 useBrokenFlagDescriptorChecksum=false, ignoreFlagDescriptorChecksum=true, blockChecksum=false, close=false, payload=Payload{size=1, name='onebyte'}]" classname="org.apache.kafka.common.record.KafkaLZ4Test" time="0.0"/>
  <testcase name="testArrayBackedBuffer[20 useBrokenFlagDescriptorChecksum=false, ignoreFlagDescriptorChecksum=true, blockChecksum=false, close=false, payload=Payload{size=1, name='onebyte'}]" classname="org.apache.kafka.common.record.KafkaLZ4Test" time="0.0"/>
  <testcase name="testCompression[20 useBrokenFlagDescriptorChecksum=false, ignoreFlagDescriptorChecksum=true, blockChecksum=false, close=false, payload=Payload{size=1, name='onebyte'}]" classname="org.apache.kafka.common.record.KafkaLZ4Test" time="0.0"/>
  <testcase name="testDirectBuffer[20 useBrokenFlagDescriptorChecksum=false, ignoreFlagDescriptorChecksum=true, blockChecksum=false, close=false, payload=Payload{size=1, name='onebyte'}]" classname="org.apache.kafka.common.record.KafkaLZ4Test" time="0.0"/>
  <testcase name="testArrayBackedBufferSlice[20 useBrokenFlagDescriptorChecksum=false, ignoreFlagDescriptorChecksum=true, blockChecksum=false, close=false, payload=Payload{size=1, name='onebyte'}]" classname="org.apache.kafka.common.record.KafkaLZ4Test" time="0.001"/>
  <testcase name="testNotSupported[20 useBrokenFlagDescriptorChecksum=false, ignoreFlagDescriptorChecksum=true, blockChecksum=false, close=false, payload=Payload{size=1, name='onebyte'}]" classname="org.apache.kafka.common.record.KafkaLZ4Test" time="0.0"/>
  <testcase name="testBadFrameChecksum[20 useBrokenFlagDescriptorChecksum=false, ignoreFlagDescriptorChecksum=true, blockChecksum=false, close=false, payload=Payload{size=1, name='onebyte'}]" classname="org.apache.kafka.common.record.KafkaLZ4Test" time="0.0"/>
  <testcase name="testHeaderPrematureEnd[21 useBrokenFlagDescriptorChecksum=false, ignoreFlagDescriptorChecksum=true, blockChecksum=false, close=true, payload=Payload{size=1, name='onebyte'}]" classname="org.apache.kafka.common.record.KafkaLZ4Test" time="0.0"/>
  <testcase name="testBadBlockSize[21 useBrokenFlagDescriptorChecksum=false, ignoreFlagDescriptorChecksum=true, blockChecksum=false, close=true, payload=Payload{size=1, name='onebyte'}]" classname="org.apache.kafka.common.record.KafkaLZ4Test" time="0.0"/>
  <testcase name="testSkip[21 useBrokenFlagDescriptorChecksum=false, ignoreFlagDescriptorChecksum=true, blockChecksum=false, close=true, payload=Payload{size=1, name='onebyte'}]" classname="org.apache.kafka.common.record.KafkaLZ4Test" time="0.0"/>
  <testcase name="testArrayBackedBuffer[21 useBrokenFlagDescriptorChecksum=false, ignoreFlagDescriptorChecksum=true, blockChecksum=false, close=true, payload=Payload{size=1, name='onebyte'}]" classname="org.apache.kafka.common.record.KafkaLZ4Test" time="0.0"/>
  <testcase name="testCompression[21 useBrokenFlagDescriptorChecksum=false, ignoreFlagDescriptorChecksum=true, blockChecksum=false, close=true, payload=Payload{size=1, name='onebyte'}]" classname="org.apache.kafka.common.record.KafkaLZ4Test" time="0.0"/>
  <testcase name="testDirectBuffer[21 useBrokenFlagDescriptorChecksum=false, ignoreFlagDescriptorChecksum=true, blockChecksum=false, close=true, payload=Payload{size=1, name='onebyte'}]" classname="org.apache.kafka.common.record.KafkaLZ4Test" time="0.0"/>
  <testcase name="testArrayBackedBufferSlice[21 useBrokenFlagDescriptorChecksum=false, ignoreFlagDescriptorChecksum=true, blockChecksum=false, close=true, payload=Payload{size=1, name='onebyte'}]" classname="org.apache.kafka.common.record.KafkaLZ4Test" time="0.0"/>
  <testcase name="testNotSupported[21 useBrokenFlagDescriptorChecksum=false, ignoreFlagDescriptorChecksum=true, blockChecksum=false, close=true, payload=Payload{size=1, name='onebyte'}]" classname="org.apache.kafka.common.record.KafkaLZ4Test" time="0.0"/>
  <testcase name="testBadFrameChecksum[21 useBrokenFlagDescriptorChecksum=false, ignoreFlagDescriptorChecksum=true, blockChecksum=false, close=true, payload=Payload{size=1, name='onebyte'}]" classname="org.apache.kafka.common.record.KafkaLZ4Test" time="0.0"/>
  <testcase name="testHeaderPrematureEnd[22 useBrokenFlagDescriptorChecksum=false, ignoreFlagDescriptorChecksum=true, blockChecksum=true, close=false, payload=Payload{size=1, name='onebyte'}]" classname="org.apache.kafka.common.record.KafkaLZ4Test" time="0.0"/>
  <testcase name="testBadBlockSize[22 useBrokenFlagDescriptorChecksum=false, ignoreFlagDescriptorChecksum=true, blockChecksum=true, close=false, payload=Payload{size=1, name='onebyte'}]" classname="org.apache.kafka.common.record.KafkaLZ4Test" time="0.0"/>
  <testcase name="testSkip[22 useBrokenFlagDescriptorChecksum=false, ignoreFlagDescriptorChecksum=true, blockChecksum=true, close=false, payload=Payload{size=1, name='onebyte'}]" classname="org.apache.kafka.common.record.KafkaLZ4Test" time="0.0"/>
  <testcase name="testArrayBackedBuffer[22 useBrokenFlagDescriptorChecksum=false, ignoreFlagDescriptorChecksum=true, blockChecksum=true, close=false, payload=Payload{size=1, name='onebyte'}]" classname="org.apache.kafka.common.record.KafkaLZ4Test" time="0.0"/>
  <testcase name="testCompression[22 useBrokenFlagDescriptorChecksum=false, ignoreFlagDescriptorChecksum=true, blockChecksum=true, close=false, payload=Payload{size=1, name='onebyte'}]" classname="org.apache.kafka.common.record.KafkaLZ4Test" time="0.0"/>
  <testcase name="testDirectBuffer[22 useBrokenFlagDescriptorChecksum=false, ignoreFlagDescriptorChecksum=true, blockChecksum=true, close=false, payload=Payload{size=1, name='onebyte'}]" classname="org.apache.kafka.common.record.KafkaLZ4Test" time="0.0"/>
  <testcase name="testArrayBackedBufferSlice[22 useBrokenFlagDescriptorChecksum=false, ignoreFlagDescriptorChecksum=true, blockChecksum=true, close=false, payload=Payload{size=1, name='onebyte'}]" classname="org.apache.kafka.common.record.KafkaLZ4Test" time="0.001"/>
  <testcase name="testNotSupported[22 useBrokenFlagDescriptorChecksum=false, ignoreFlagDescriptorChecksum=true, blockChecksum=true, close=false, payload=Payload{size=1, name='onebyte'}]" classname="org.apache.kafka.common.record.KafkaLZ4Test" time="0.0"/>
  <testcase name="testBadFrameChecksum[22 useBrokenFlagDescriptorChecksum=false, ignoreFlagDescriptorChecksum=true, blockChecksum=true, close=false, payload=Payload{size=1, name='onebyte'}]" classname="org.apache.kafka.common.record.KafkaLZ4Test" time="0.0"/>
  <testcase name="testHeaderPrematureEnd[23 useBrokenFlagDescriptorChecksum=false, ignoreFlagDescriptorChecksum=true, blockChecksum=true, close=true, payload=Payload{size=1, name='onebyte'}]" classname="org.apache.kafka.common.record.KafkaLZ4Test" time="0.0"/>
  <testcase name="testBadBlockSize[23 useBrokenFlagDescriptorChecksum=false, ignoreFlagDescriptorChecksum=true, blockChecksum=true, close=true, payload=Payload{size=1, name='onebyte'}]" classname="org.apache.kafka.common.record.KafkaLZ4Test" time="0.0"/>
  <testcase name="testSkip[23 useBrokenFlagDescriptorChecksum=false, ignoreFlagDescriptorChecksum=true, blockChecksum=true, close=true, payload=Payload{size=1, name='onebyte'}]" classname="org.apache.kafka.common.record.KafkaLZ4Test" time="0.0"/>
  <testcase name="testArrayBackedBuffer[23 useBrokenFlagDescriptorChecksum=false, ignoreFlagDescriptorChecksum=true, blockChecksum=true, close=true, payload=Payload{size=1, name='onebyte'}]" classname="org.apache.kafka.common.record.KafkaLZ4Test" time="0.0"/>
  <testcase name="testCompression[23 useBrokenFlagDescriptorChecksum=false, ignoreFlagDescriptorChecksum=true, blockChecksum=true, close=true, payload=Payload{size=1, name='onebyte'}]" classname="org.apache.kafka.common.record.KafkaLZ4Test" time="0.0"/>
  <testcase name="testDirectBuffer[23 useBrokenFlagDescriptorChecksum=false, ignoreFlagDescriptorChecksum=true, blockChecksum=true, close=true, payload=Payload{size=1, name='onebyte'}]" classname="org.apache.kafka.common.record.KafkaLZ4Test" time="0.001"/>
  <testcase name="testArrayBackedBufferSlice[23 useBrokenFlagDescriptorChecksum=false, ignoreFlagDescriptorChecksum=true, blockChecksum=true, close=true, payload=Payload{size=1, name='onebyte'}]" classname="org.apache.kafka.common.record.KafkaLZ4Test" time="0.0"/>
  <testcase name="testNotSupported[23 useBrokenFlagDescriptorChecksum=false, ignoreFlagDescriptorChecksum=true, blockChecksum=true, close=true, payload=Payload{size=1, name='onebyte'}]" classname="org.apache.kafka.common.record.KafkaLZ4Test" time="0.0"/>
  <testcase name="testBadFrameChecksum[23 useBrokenFlagDescriptorChecksum=false, ignoreFlagDescriptorChecksum=true, blockChecksum=true, close=true, payload=Payload{size=1, name='onebyte'}]" classname="org.apache.kafka.common.record.KafkaLZ4Test" time="0.0"/>
  <testcase name="testHeaderPrematureEnd[24 useBrokenFlagDescriptorChecksum=true, ignoreFlagDescriptorChecksum=false, blockChecksum=false, close=false, payload=Payload{size=1, name='onebyte'}]" classname="org.apache.kafka.common.record.KafkaLZ4Test" time="0.0"/>
  <testcase name="testBadBlockSize[24 useBrokenFlagDescriptorChecksum=true, ignoreFlagDescriptorChecksum=false, blockChecksum=false, close=false, payload=Payload{size=1, name='onebyte'}]" classname="org.apache.kafka.common.record.KafkaLZ4Test" time="0.0"/>
  <testcase name="testSkip[24 useBrokenFlagDescriptorChecksum=true, ignoreFlagDescriptorChecksum=false, blockChecksum=false, close=false, payload=Payload{size=1, name='onebyte'}]" classname="org.apache.kafka.common.record.KafkaLZ4Test" time="0.0"/>
  <testcase name="testArrayBackedBuffer[24 useBrokenFlagDescriptorChecksum=true, ignoreFlagDescriptorChecksum=false, blockChecksum=false, close=false, payload=Payload{size=1, name='onebyte'}]" classname="org.apache.kafka.common.record.KafkaLZ4Test" time="0.001"/>
  <testcase name="testCompression[24 useBrokenFlagDescriptorChecksum=true, ignoreFlagDescriptorChecksum=false, blockChecksum=false, close=false, payload=Payload{size=1, name='onebyte'}]" classname="org.apache.kafka.common.record.KafkaLZ4Test" time="0.0"/>
  <testcase name="testDirectBuffer[24 useBrokenFlagDescriptorChecksum=true, ignoreFlagDescriptorChecksum=false, blockChecksum=false, close=false, payload=Payload{size=1, name='onebyte'}]" classname="org.apache.kafka.common.record.KafkaLZ4Test" time="0.0"/>
  <testcase name="testArrayBackedBufferSlice[24 useBrokenFlagDescriptorChecksum=true, ignoreFlagDescriptorChecksum=false, blockChecksum=false, close=false, payload=Payload{size=1, name='onebyte'}]" classname="org.apache.kafka.common.record.KafkaLZ4Test" time="0.0"/>
  <testcase name="testNotSupported[24 useBrokenFlagDescriptorChecksum=true, ignoreFlagDescriptorChecksum=false, blockChecksum=false, close=false, payload=Payload{size=1, name='onebyte'}]" classname="org.apache.kafka.common.record.KafkaLZ4Test" time="0.0"/>
  <testcase name="testBadFrameChecksum[24 useBrokenFlagDescriptorChecksum=true, ignoreFlagDescriptorChecksum=false, blockChecksum=false, close=false, payload=Payload{size=1, name='onebyte'}]" classname="org.apache.kafka.common.record.KafkaLZ4Test" time="0.0"/>
  <testcase name="testHeaderPrematureEnd[25 useBrokenFlagDescriptorChecksum=true, ignoreFlagDescriptorChecksum=false, blockChecksum=false, close=true, payload=Payload{size=1, name='onebyte'}]" classname="org.apache.kafka.common.record.KafkaLZ4Test" time="0.0"/>
  <testcase name="testBadBlockSize[25 useBrokenFlagDescriptorChecksum=true, ignoreFlagDescriptorChecksum=false, blockChecksum=false, close=true, payload=Payload{size=1, name='onebyte'}]" classname="org.apache.kafka.common.record.KafkaLZ4Test" time="0.0"/>
  <testcase name="testSkip[25 useBrokenFlagDescriptorChecksum=true, ignoreFlagDescriptorChecksum=false, blockChecksum=false, close=true, payload=Payload{size=1, name='onebyte'}]" classname="org.apache.kafka.common.record.KafkaLZ4Test" time="0.0"/>
  <testcase name="testArrayBackedBuffer[25 useBrokenFlagDescriptorChecksum=true, ignoreFlagDescriptorChecksum=false, blockChecksum=false, close=true, payload=Payload{size=1, name='onebyte'}]" classname="org.apache.kafka.common.record.KafkaLZ4Test" time="0.0"/>
  <testcase name="testCompression[25 useBrokenFlagDescriptorChecksum=true, ignoreFlagDescriptorChecksum=false, blockChecksum=false, close=true, payload=Payload{size=1, name='onebyte'}]" classname="org.apache.kafka.common.record.KafkaLZ4Test" time="0.0"/>
  <testcase name="testDirectBuffer[25 useBrokenFlagDescriptorChecksum=true, ignoreFlagDescriptorChecksum=false, blockChecksum=false, close=true, payload=Payload{size=1, name='onebyte'}]" classname="org.apache.kafka.common.record.KafkaLZ4Test" time="0.0"/>
  <testcase name="testArrayBackedBufferSlice[25 useBrokenFlagDescriptorChecksum=true, ignoreFlagDescriptorChecksum=false, blockChecksum=false, close=true, payload=Payload{size=1, name='onebyte'}]" classname="org.apache.kafka.common.record.KafkaLZ4Test" time="0.0"/>
  <testcase name="testNotSupported[25 useBrokenFlagDescriptorChecksum=true, ignoreFlagDescriptorChecksum=false, blockChecksum=false, close=true, payload=Payload{size=1, name='onebyte'}]" classname="org.apache.kafka.common.record.KafkaLZ4Test" time="0.0"/>
  <testcase name="testBadFrameChecksum[25 useBrokenFlagDescriptorChecksum=true, ignoreFlagDescriptorChecksum=false, blockChecksum=false, close=true, payload=Payload{size=1, name='onebyte'}]" classname="org.apache.kafka.common.record.KafkaLZ4Test" time="0.0"/>
  <testcase name="testHeaderPrematureEnd[26 useBrokenFlagDescriptorChecksum=true, ignoreFlagDescriptorChecksum=false, blockChecksum=true, close=false, payload=Payload{size=1, name='onebyte'}]" classname="org.apache.kafka.common.record.KafkaLZ4Test" time="0.0"/>
  <testcase name="testBadBlockSize[26 useBrokenFlagDescriptorChecksum=true, ignoreFlagDescriptorChecksum=false, blockChecksum=true, close=false, payload=Payload{size=1, name='onebyte'}]" classname="org.apache.kafka.common.record.KafkaLZ4Test" time="0.0"/>
  <testcase name="testSkip[26 useBrokenFlagDescriptorChecksum=true, ignoreFlagDescriptorChecksum=false, blockChecksum=true, close=false, payload=Payload{size=1, name='onebyte'}]" classname="org.apache.kafka.common.record.KafkaLZ4Test" time="0.0"/>
  <testcase name="testArrayBackedBuffer[26 useBrokenFlagDescriptorChecksum=true, ignoreFlagDescriptorChecksum=false, blockChecksum=true, close=false, payload=Payload{size=1, name='onebyte'}]" classname="org.apache.kafka.common.record.KafkaLZ4Test" time="0.0"/>
  <testcase name="testCompression[26 useBrokenFlagDescriptorChecksum=true, ignoreFlagDescriptorChecksum=false, blockChecksum=true, close=false, payload=Payload{size=1, name='onebyte'}]" classname="org.apache.kafka.common.record.KafkaLZ4Test" time="0.0"/>
  <testcase name="testDirectBuffer[26 useBrokenFlagDescriptorChecksum=true, ignoreFlagDescriptorChecksum=false, blockChecksum=true, close=false, payload=Payload{size=1, name='onebyte'}]" classname="org.apache.kafka.common.record.KafkaLZ4Test" time="0.0"/>
  <testcase name="testArrayBackedBufferSlice[26 useBrokenFlagDescriptorChecksum=true, ignoreFlagDescriptorChecksum=false, blockChecksum=true, close=false, payload=Payload{size=1, name='onebyte'}]" classname="org.apache.kafka.common.record.KafkaLZ4Test" time="0.001"/>
  <testcase name="testNotSupported[26 useBrokenFlagDescriptorChecksum=true, ignoreFlagDescriptorChecksum=false, blockChecksum=true, close=false, payload=Payload{size=1, name='onebyte'}]" classname="org.apache.kafka.common.record.KafkaLZ4Test" time="0.0"/>
  <testcase name="testBadFrameChecksum[26 useBrokenFlagDescriptorChecksum=true, ignoreFlagDescriptorChecksum=false, blockChecksum=true, close=false, payload=Payload{size=1, name='onebyte'}]" classname="org.apache.kafka.common.record.KafkaLZ4Test" time="0.0"/>
  <testcase name="testHeaderPrematureEnd[27 useBrokenFlagDescriptorChecksum=true, ignoreFlagDescriptorChecksum=false, blockChecksum=true, close=true, payload=Payload{size=1, name='onebyte'}]" classname="org.apache.kafka.common.record.KafkaLZ4Test" time="0.0"/>
  <testcase name="testBadBlockSize[27 useBrokenFlagDescriptorChecksum=true, ignoreFlagDescriptorChecksum=false, blockChecksum=true, close=true, payload=Payload{size=1, name='onebyte'}]" classname="org.apache.kafka.common.record.KafkaLZ4Test" time="0.0"/>
  <testcase name="testSkip[27 useBrokenFlagDescriptorChecksum=true, ignoreFlagDescriptorChecksum=false, blockChecksum=true, close=true, payload=Payload{size=1, name='onebyte'}]" classname="org.apache.kafka.common.record.KafkaLZ4Test" time="0.0"/>
  <testcase name="testArrayBackedBuffer[27 useBrokenFlagDescriptorChecksum=true, ignoreFlagDescriptorChecksum=false, blockChecksum=true, close=true, payload=Payload{size=1, name='onebyte'}]" classname="org.apache.kafka.common.record.KafkaLZ4Test" time="0.0"/>
  <testcase name="testCompression[27 useBrokenFlagDescriptorChecksum=true, ignoreFlagDescriptorChecksum=false, blockChecksum=true, close=true, payload=Payload{size=1, name='onebyte'}]" classname="org.apache.kafka.common.record.KafkaLZ4Test" time="0.0"/>
  <testcase name="testDirectBuffer[27 useBrokenFlagDescriptorChecksum=true, ignoreFlagDescriptorChecksum=false, blockChecksum=true, close=true, payload=Payload{size=1, name='onebyte'}]" classname="org.apache.kafka.common.record.KafkaLZ4Test" time="0.0"/>
  <testcase name="testArrayBackedBufferSlice[27 useBrokenFlagDescriptorChecksum=true, ignoreFlagDescriptorChecksum=false, blockChecksum=true, close=true, payload=Payload{size=1, name='onebyte'}]" classname="org.apache.kafka.common.record.KafkaLZ4Test" time="0.0"/>
  <testcase name="testNotSupported[27 useBrokenFlagDescriptorChecksum=true, ignoreFlagDescriptorChecksum=false, blockChecksum=true, close=true, payload=Payload{size=1, name='onebyte'}]" classname="org.apache.kafka.common.record.KafkaLZ4Test" time="0.0"/>
  <testcase name="testBadFrameChecksum[27 useBrokenFlagDescriptorChecksum=true, ignoreFlagDescriptorChecksum=false, blockChecksum=true, close=true, payload=Payload{size=1, name='onebyte'}]" classname="org.apache.kafka.common.record.KafkaLZ4Test" time="0.0"/>
  <testcase name="testHeaderPrematureEnd[28 useBrokenFlagDescriptorChecksum=true, ignoreFlagDescriptorChecksum=true, blockChecksum=false, close=false, payload=Payload{size=1, name='onebyte'}]" classname="org.apache.kafka.common.record.KafkaLZ4Test" time="0.001"/>
  <testcase name="testBadBlockSize[28 useBrokenFlagDescriptorChecksum=true, ignoreFlagDescriptorChecksum=true, blockChecksum=false, close=false, payload=Payload{size=1, name='onebyte'}]" classname="org.apache.kafka.common.record.KafkaLZ4Test" time="0.0"/>
  <testcase name="testSkip[28 useBrokenFlagDescriptorChecksum=true, ignoreFlagDescriptorChecksum=true, blockChecksum=false, close=false, payload=Payload{size=1, name='onebyte'}]" classname="org.apache.kafka.common.record.KafkaLZ4Test" time="0.0"/>
  <testcase name="testArrayBackedBuffer[28 useBrokenFlagDescriptorChecksum=true, ignoreFlagDescriptorChecksum=true, blockChecksum=false, close=false, payload=Payload{size=1, name='onebyte'}]" classname="org.apache.kafka.common.record.KafkaLZ4Test" time="0.0"/>
  <testcase name="testCompression[28 useBrokenFlagDescriptorChecksum=true, ignoreFlagDescriptorChecksum=true, blockChecksum=false, close=false, payload=Payload{size=1, name='onebyte'}]" classname="org.apache.kafka.common.record.KafkaLZ4Test" time="0.0"/>
  <testcase name="testDirectBuffer[28 useBrokenFlagDescriptorChecksum=true, ignoreFlagDescriptorChecksum=true, blockChecksum=false, close=false, payload=Payload{size=1, name='onebyte'}]" classname="org.apache.kafka.common.record.KafkaLZ4Test" time="0.0"/>
  <testcase name="testArrayBackedBufferSlice[28 useBrokenFlagDescriptorChecksum=true, ignoreFlagDescriptorChecksum=true, blockChecksum=false, close=false, payload=Payload{size=1, name='onebyte'}]" classname="org.apache.kafka.common.record.KafkaLZ4Test" time="0.0"/>
  <testcase name="testNotSupported[28 useBrokenFlagDescriptorChecksum=true, ignoreFlagDescriptorChecksum=true, blockChecksum=false, close=false, payload=Payload{size=1, name='onebyte'}]" classname="org.apache.kafka.common.record.KafkaLZ4Test" time="0.0"/>
  <testcase name="testBadFrameChecksum[28 useBrokenFlagDescriptorChecksum=true, ignoreFlagDescriptorChecksum=true, blockChecksum=false, close=false, payload=Payload{size=1, name='onebyte'}]" classname="org.apache.kafka.common.record.KafkaLZ4Test" time="0.001"/>
  <testcase name="testHeaderPrematureEnd[29 useBrokenFlagDescriptorChecksum=true, ignoreFlagDescriptorChecksum=true, blockChecksum=false, close=true, payload=Payload{size=1, name='onebyte'}]" classname="org.apache.kafka.common.record.KafkaLZ4Test" time="0.0"/>
  <testcase name="testBadBlockSize[29 useBrokenFlagDescriptorChecksum=true, ignoreFlagDescriptorChecksum=true, blockChecksum=false, close=true, payload=Payload{size=1, name='onebyte'}]" classname="org.apache.kafka.common.record.KafkaLZ4Test" time="0.0"/>
  <testcase name="testSkip[29 useBrokenFlagDescriptorChecksum=true, ignoreFlagDescriptorChecksum=true, blockChecksum=false, close=true, payload=Payload{size=1, name='onebyte'}]" classname="org.apache.kafka.common.record.KafkaLZ4Test" time="0.0"/>
  <testcase name="testArrayBackedBuffer[29 useBrokenFlagDescriptorChecksum=true, ignoreFlagDescriptorChecksum=true, blockChecksum=false, close=true, payload=Payload{size=1, name='onebyte'}]" classname="org.apache.kafka.common.record.KafkaLZ4Test" time="0.0"/>
  <testcase name="testCompression[29 useBrokenFlagDescriptorChecksum=true, ignoreFlagDescriptorChecksum=true, blockChecksum=false, close=true, payload=Payload{size=1, name='onebyte'}]" classname="org.apache.kafka.common.record.KafkaLZ4Test" time="0.0"/>
  <testcase name="testDirectBuffer[29 useBrokenFlagDescriptorChecksum=true, ignoreFlagDescriptorChecksum=true, blockChecksum=false, close=true, payload=Payload{size=1, name='onebyte'}]" classname="org.apache.kafka.common.record.KafkaLZ4Test" time="0.0"/>
  <testcase name="testArrayBackedBufferSlice[29 useBrokenFlagDescriptorChecksum=true, ignoreFlagDescriptorChecksum=true, blockChecksum=false, close=true, payload=Payload{size=1, name='onebyte'}]" classname="org.apache.kafka.common.record.KafkaLZ4Test" time="0.001"/>
  <testcase name="testNotSupported[29 useBrokenFlagDescriptorChecksum=true, ignoreFlagDescriptorChecksum=true, blockChecksum=false, close=true, payload=Payload{size=1, name='onebyte'}]" classname="org.apache.kafka.common.record.KafkaLZ4Test" time="0.0"/>
  <testcase name="testBadFrameChecksum[29 useBrokenFlagDescriptorChecksum=true, ignoreFlagDescriptorChecksum=true, blockChecksum=false, close=true, payload=Payload{size=1, name='onebyte'}]" classname="org.apache.kafka.common.record.KafkaLZ4Test" time="0.0"/>
  <testcase name="testHeaderPrematureEnd[30 useBrokenFlagDescriptorChecksum=true, ignoreFlagDescriptorChecksum=true, blockChecksum=true, close=false, payload=Payload{size=1, name='onebyte'}]" classname="org.apache.kafka.common.record.KafkaLZ4Test" time="0.0"/>
  <testcase name="testBadBlockSize[30 useBrokenFlagDescriptorChecksum=true, ignoreFlagDescriptorChecksum=true, blockChecksum=true, close=false, payload=Payload{size=1, name='onebyte'}]" classname="org.apache.kafka.common.record.KafkaLZ4Test" time="0.0"/>
  <testcase name="testSkip[30 useBrokenFlagDescriptorChecksum=true, ignoreFlagDescriptorChecksum=true, blockChecksum=true, close=false, payload=Payload{size=1, name='onebyte'}]" classname="org.apache.kafka.common.record.KafkaLZ4Test" time="0.0"/>
  <testcase name="testArrayBackedBuffer[30 useBrokenFlagDescriptorChecksum=true, ignoreFlagDescriptorChecksum=true, blockChecksum=true, close=false, payload=Payload{size=1, name='onebyte'}]" classname="org.apache.kafka.common.record.KafkaLZ4Test" time="0.001"/>
  <testcase name="testCompression[30 useBrokenFlagDescriptorChecksum=true, ignoreFlagDescriptorChecksum=true, blockChecksum=true, close=false, payload=Payload{size=1, name='onebyte'}]" classname="org.apache.kafka.common.record.KafkaLZ4Test" time="0.0"/>
  <testcase name="testDirectBuffer[30 useBrokenFlagDescriptorChecksum=true, ignoreFlagDescriptorChecksum=true, blockChecksum=true, close=false, payload=Payload{size=1, name='onebyte'}]" classname="org.apache.kafka.common.record.KafkaLZ4Test" time="0.0"/>
  <testcase name="testArrayBackedBufferSlice[30 useBrokenFlagDescriptorChecksum=true, ignoreFlagDescriptorChecksum=true, blockChecksum=true, close=false, payload=Payload{size=1, name='onebyte'}]" classname="org.apache.kafka.common.record.KafkaLZ4Test" time="0.0"/>
  <testcase name="testNotSupported[30 useBrokenFlagDescriptorChecksum=true, ignoreFlagDescriptorChecksum=true, blockChecksum=true, close=false, payload=Payload{size=1, name='onebyte'}]" classname="org.apache.kafka.common.record.KafkaLZ4Test" time="0.0"/>
  <testcase name="testBadFrameChecksum[30 useBrokenFlagDescriptorChecksum=true, ignoreFlagDescriptorChecksum=true, blockChecksum=true, close=false, payload=Payload{size=1, name='onebyte'}]" classname="org.apache.kafka.common.record.KafkaLZ4Test" time="0.0"/>
  <testcase name="testHeaderPrematureEnd[31 useBrokenFlagDescriptorChecksum=true, ignoreFlagDescriptorChecksum=true, blockChecksum=true, close=true, payload=Payload{size=1, name='onebyte'}]" classname="org.apache.kafka.common.record.KafkaLZ4Test" time="0.001"/>
  <testcase name="testBadBlockSize[31 useBrokenFlagDescriptorChecksum=true, ignoreFlagDescriptorChecksum=true, blockChecksum=true, close=true, payload=Payload{size=1, name='onebyte'}]" classname="org.apache.kafka.common.record.KafkaLZ4Test" time="0.0"/>
  <testcase name="testSkip[31 useBrokenFlagDescriptorChecksum=true, ignoreFlagDescriptorChecksum=true, blockChecksum=true, close=true, payload=Payload{size=1, name='onebyte'}]" classname="org.apache.kafka.common.record.KafkaLZ4Test" time="0.0"/>
  <testcase name="testArrayBackedBuffer[31 useBrokenFlagDescriptorChecksum=true, ignoreFlagDescriptorChecksum=true, blockChecksum=true, close=true, payload=Payload{size=1, name='onebyte'}]" classname="org.apache.kafka.common.record.KafkaLZ4Test" time="0.016"/>
  <testcase name="testCompression[31 useBrokenFlagDescriptorChecksum=true, ignoreFlagDescriptorChecksum=true, blockChecksum=true, close=true, payload=Payload{size=1, name='onebyte'}]" classname="org.apache.kafka.common.record.KafkaLZ4Test" time="0.0"/>
  <testcase name="testDirectBuffer[31 useBrokenFlagDescriptorChecksum=true, ignoreFlagDescriptorChecksum=true, blockChecksum=true, close=true, payload=Payload{size=1, name='onebyte'}]" classname="org.apache.kafka.common.record.KafkaLZ4Test" time="0.0"/>
  <testcase name="testArrayBackedBufferSlice[31 useBrokenFlagDescriptorChecksum=true, ignoreFlagDescriptorChecksum=true, blockChecksum=true, close=true, payload=Payload{size=1, name='onebyte'}]" classname="org.apache.kafka.common.record.KafkaLZ4Test" time="0.0"/>
  <testcase name="testNotSupported[31 useBrokenFlagDescriptorChecksum=true, ignoreFlagDescriptorChecksum=true, blockChecksum=true, close=true, payload=Payload{size=1, name='onebyte'}]" classname="org.apache.kafka.common.record.KafkaLZ4Test" time="0.0"/>
  <testcase name="testBadFrameChecksum[31 useBrokenFlagDescriptorChecksum=true, ignoreFlagDescriptorChecksum=true, blockChecksum=true, close=true, payload=Payload{size=1, name='onebyte'}]" classname="org.apache.kafka.common.record.KafkaLZ4Test" time="0.0"/>
  <testcase name="testHeaderPrematureEnd[32 useBrokenFlagDescriptorChecksum=false, ignoreFlagDescriptorChecksum=false, blockChecksum=false, close=false, payload=Payload{size=1000, name='random'}]" classname="org.apache.kafka.common.record.KafkaLZ4Test" time="0.0"/>
  <testcase name="testBadBlockSize[32 useBrokenFlagDescriptorChecksum=false, ignoreFlagDescriptorChecksum=false, blockChecksum=false, close=false, payload=Payload{size=1000, name='random'}]" classname="org.apache.kafka.common.record.KafkaLZ4Test" time="0.0"/>
  <testcase name="testSkip[32 useBrokenFlagDescriptorChecksum=false, ignoreFlagDescriptorChecksum=false, blockChecksum=false, close=false, payload=Payload{size=1000, name='random'}]" classname="org.apache.kafka.common.record.KafkaLZ4Test" time="0.0"/>
  <testcase name="testArrayBackedBuffer[32 useBrokenFlagDescriptorChecksum=false, ignoreFlagDescriptorChecksum=false, blockChecksum=false, close=false, payload=Payload{size=1000, name='random'}]" classname="org.apache.kafka.common.record.KafkaLZ4Test" time="0.0"/>
  <testcase name="testCompression[32 useBrokenFlagDescriptorChecksum=false, ignoreFlagDescriptorChecksum=false, blockChecksum=false, close=false, payload=Payload{size=1000, name='random'}]" classname="org.apache.kafka.common.record.KafkaLZ4Test" time="0.0"/>
  <testcase name="testDirectBuffer[32 useBrokenFlagDescriptorChecksum=false, ignoreFlagDescriptorChecksum=false, blockChecksum=false, close=false, payload=Payload{size=1000, name='random'}]" classname="org.apache.kafka.common.record.KafkaLZ4Test" time="0.0"/>
  <testcase name="testArrayBackedBufferSlice[32 useBrokenFlagDescriptorChecksum=false, ignoreFlagDescriptorChecksum=false, blockChecksum=false, close=false, payload=Payload{size=1000, name='random'}]" classname="org.apache.kafka.common.record.KafkaLZ4Test" time="0.0"/>
  <testcase name="testNotSupported[32 useBrokenFlagDescriptorChecksum=false, ignoreFlagDescriptorChecksum=false, blockChecksum=false, close=false, payload=Payload{size=1000, name='random'}]" classname="org.apache.kafka.common.record.KafkaLZ4Test" time="0.0"/>
  <testcase name="testBadFrameChecksum[32 useBrokenFlagDescriptorChecksum=false, ignoreFlagDescriptorChecksum=false, blockChecksum=false, close=false, payload=Payload{size=1000, name='random'}]" classname="org.apache.kafka.common.record.KafkaLZ4Test" time="0.0"/>
  <testcase name="testHeaderPrematureEnd[33 useBrokenFlagDescriptorChecksum=false, ignoreFlagDescriptorChecksum=false, blockChecksum=false, close=true, payload=Payload{size=1000, name='random'}]" classname="org.apache.kafka.common.record.KafkaLZ4Test" time="0.0"/>
  <testcase name="testBadBlockSize[33 useBrokenFlagDescriptorChecksum=false, ignoreFlagDescriptorChecksum=false, blockChecksum=false, close=true, payload=Payload{size=1000, name='random'}]" classname="org.apache.kafka.common.record.KafkaLZ4Test" time="0.0"/>
  <testcase name="testSkip[33 useBrokenFlagDescriptorChecksum=false, ignoreFlagDescriptorChecksum=false, blockChecksum=false, close=true, payload=Payload{size=1000, name='random'}]" classname="org.apache.kafka.common.record.KafkaLZ4Test" time="0.001"/>
  <testcase name="testArrayBackedBuffer[33 useBrokenFlagDescriptorChecksum=false, ignoreFlagDescriptorChecksum=false, blockChecksum=false, close=true, payload=Payload{size=1000, name='random'}]" classname="org.apache.kafka.common.record.KafkaLZ4Test" time="0.0"/>
  <testcase name="testCompression[33 useBrokenFlagDescriptorChecksum=false, ignoreFlagDescriptorChecksum=false, blockChecksum=false, close=true, payload=Payload{size=1000, name='random'}]" classname="org.apache.kafka.common.record.KafkaLZ4Test" time="0.0"/>
  <testcase name="testDirectBuffer[33 useBrokenFlagDescriptorChecksum=false, ignoreFlagDescriptorChecksum=false, blockChecksum=false, close=true, payload=Payload{size=1000, name='random'}]" classname="org.apache.kafka.common.record.KafkaLZ4Test" time="0.0"/>
  <testcase name="testArrayBackedBufferSlice[33 useBrokenFlagDescriptorChecksum=false, ignoreFlagDescriptorChecksum=false, blockChecksum=false, close=true, payload=Payload{size=1000, name='random'}]" classname="org.apache.kafka.common.record.KafkaLZ4Test" time="0.0"/>
  <testcase name="testNotSupported[33 useBrokenFlagDescriptorChecksum=false, ignoreFlagDescriptorChecksum=false, blockChecksum=false, close=true, payload=Payload{size=1000, name='random'}]" classname="org.apache.kafka.common.record.KafkaLZ4Test" time="0.0"/>
  <testcase name="testBadFrameChecksum[33 useBrokenFlagDescriptorChecksum=false, ignoreFlagDescriptorChecksum=false, blockChecksum=false, close=true, payload=Payload{size=1000, name='random'}]" classname="org.apache.kafka.common.record.KafkaLZ4Test" time="0.0"/>
  <testcase name="testHeaderPrematureEnd[34 useBrokenFlagDescriptorChecksum=false, ignoreFlagDescriptorChecksum=false, blockChecksum=true, close=false, payload=Payload{size=1000, name='random'}]" classname="org.apache.kafka.common.record.KafkaLZ4Test" time="0.0"/>
  <testcase name="testBadBlockSize[34 useBrokenFlagDescriptorChecksum=false, ignoreFlagDescriptorChecksum=false, blockChecksum=true, close=false, payload=Payload{size=1000, name='random'}]" classname="org.apache.kafka.common.record.KafkaLZ4Test" time="0.0"/>
  <testcase name="testSkip[34 useBrokenFlagDescriptorChecksum=false, ignoreFlagDescriptorChecksum=false, blockChecksum=true, close=false, payload=Payload{size=1000, name='random'}]" classname="org.apache.kafka.common.record.KafkaLZ4Test" time="0.0"/>
  <testcase name="testArrayBackedBuffer[34 useBrokenFlagDescriptorChecksum=false, ignoreFlagDescriptorChecksum=false, blockChecksum=true, close=false, payload=Payload{size=1000, name='random'}]" classname="org.apache.kafka.common.record.KafkaLZ4Test" time="0.0"/>
[...]
  <testcase name="testDirectBuffer[119 useBrokenFlagDescriptorChecksum=false, ignoreFlagDescriptorChecksum=true, blockChecksum=true, close=true, payload=Payload{size=98304, name='ones'}]" classname="org.apache.kafka.common.record.KafkaLZ4Test" time="0.001"/>
  <testcase name="testArrayBackedBufferSlice[119 useBrokenFlagDescriptorChecksum=false, ignoreFlagDescriptorChecksum=true, blockChecksum=true, close=true, payload=Payload{size=98304, name='ones'}]" classname="org.apache.kafka.common.record.KafkaLZ4Test" time="0.0"/>
  <testcase name="testNotSupported[119 useBrokenFlagDescriptorChecksum=false, ignoreFlagDescriptorChecksum=true, blockChecksum=true, close=true, payload=Payload{size=98304, name='ones'}]" classname="org.apache.kafka.common.record.KafkaLZ4Test" time="0.0"/>
  <testcase name="testBadFrameChecksum[119 useBrokenFlagDescriptorChecksum=false, ignoreFlagDescriptorChecksum=true, blockChecksum=true, close=true, payload=Payload{size=98304, name='ones'}]" classname="org.apache.kafka.common.record.KafkaLZ4Test" time="0.0"/>
  <testcase name="testHeaderPrematureEnd[120 useBrokenFlagDescriptorChecksum=true, ignoreFlagDescriptorChecksum=false, blockChecksum=false, close=false, payload=Payload{size=98304, name='ones'}]" classname="org.apache.kafka.common.record.KafkaLZ4Test" time="0.0"/>
  <testcase name="testBadBlockSize[120 useBrokenFlagDescriptorChecksum=true, ignoreFlagDescriptorChecksum=false, blockChecksum=false, close=false, payload=Payload{size=98304, name='ones'}]" classname="org.apache.kafka.common.record.KafkaLZ4Test" time="0.001"/>
  <testcase name="testSkip[120 useBrokenFlagDescriptorChecksum=true, ignoreFlagDescriptorChecksum=false, blockChecksum=false, close=false, payload=Payload{size=98304, name='ones'}]" classname="org.apache.kafka.common.record.KafkaLZ4Test" time="0.0"/>
  <testcase name="testArrayBackedBuffer[120 useBrokenFlagDescriptorChecksum=true, ignoreFlagDescriptorChecksum=false, blockChecksum=false, close=false, payload=Payload{size=98304, name='ones'}]" classname="org.apache.kafka.common.record.KafkaLZ4Test" time="0.0"/>
  <testcase name="testCompression[120 useBrokenFlagDescriptorChecksum=true, ignoreFlagDescriptorChecksum=false, blockChecksum=false, close=false, payload=Payload{size=98304, name='ones'}]" classname="org.apache.kafka.common.record.KafkaLZ4Test" time="0.0"/>
  <testcase name="testDirectBuffer[120 useBrokenFlagDescriptorChecksum=true, ignoreFlagDescriptorChecksum=false, blockChecksum=false, close=false, payload=Payload{size=98304, name='ones'}]" classname="org.apache.kafka.common.record.KafkaLZ4Test" time="0.0"/>
  <testcase name="testArrayBackedBufferSlice[120 useBrokenFlagDescriptorChecksum=true, ignoreFlagDescriptorChecksum=false, blockChecksum=false, close=false, payload=Payload{size=98304, name='ones'}]" classname="org.apache.kafka.common.record.KafkaLZ4Test" time="0.0"/>
  <testcase name="testNotSupported[120 useBrokenFlagDescriptorChecksum=true, ignoreFlagDescriptorChecksum=false, blockChecksum=false, close=false, payload=Payload{size=98304, name='ones'}]" classname="org.apache.kafka.common.record.KafkaLZ4Test" time="0.0"/>
  <testcase name="testBadFrameChecksum[120 useBrokenFlagDescriptorChecksum=true, ignoreFlagDescriptorChecksum=false, blockChecksum=false, close=false, payload=Payload{size=98304, name='ones'}]" classname="org.apache.kafka.common.record.KafkaLZ4Test" time="0.0"/>
  <testcase name="testHeaderPrematureEnd[121 useBrokenFlagDescriptorChecksum=true, ignoreFlagDescriptorChecksum=false, blockChecksum=false, close=true, payload=Payload{size=98304, name='ones'}]" classname="org.apache.kafka.common.record.KafkaLZ4Test" time="0.0"/>
  <testcase name="testBadBlockSize[121 useBrokenFlagDescriptorChecksum=true, ignoreFlagDescriptorChecksum=false, blockChecksum=false, close=true, payload=Payload{size=98304, name='ones'}]" classname="org.apache.kafka.common.record.KafkaLZ4Test" time="0.0"/>
  <testcase name="testSkip[121 useBrokenFlagDescriptorChecksum=true, ignoreFlagDescriptorChecksum=false, blockChecksum=false, close=true, payload=Payload{size=98304, name='ones'}]" classname="org.apache.kafka.common.record.KafkaLZ4Test" time="0.0"/>
  <testcase name="testArrayBackedBuffer[121 useBrokenFlagDescriptorChecksum=true, ignoreFlagDescriptorChecksum=false, blockChecksum=false, close=true, payload=Payload{size=98304, name='ones'}]" classname="org.apache.kafka.common.record.KafkaLZ4Test" time="0.0"/>
  <testcase name="testCompression[121 useBrokenFlagDescriptorChecksum=true, ignoreFlagDescriptorChecksum=false, blockChecksum=false, close=true, payload=Payload{size=98304, name='ones'}]" classname="org.apache.kafka.common.record.KafkaLZ4Test" time="0.0"/>
  <testcase name="testDirectBuffer[121 useBrokenFlagDescriptorChecksum=true, ignoreFlagDescriptorChecksum=false, blockChecksum=false, close=true, payload=Payload{size=98304, name='ones'}]" classname="org.apache.kafka.common.record.KafkaLZ4Test" time="0.0"/>
  <testcase name="testArrayBackedBufferSlice[121 useBrokenFlagDescriptorChecksum=true, ignoreFlagDescriptorChecksum=false, blockChecksum=false, close=true, payload=Payload{size=98304, name='ones'}]" classname="org.apache.kafka.common.record.KafkaLZ4Test" time="0.0"/>
  <testcase name="testNotSupported[121 useBrokenFlagDescriptorChecksum=true, ignoreFlagDescriptorChecksum=false, blockChecksum=false, close=true, payload=Payload{size=98304, name='ones'}]" classname="org.apache.kafka.common.record.KafkaLZ4Test" time="0.0"/>
  <testcase name="testBadFrameChecksum[121 useBrokenFlagDescriptorChecksum=true, ignoreFlagDescriptorChecksum=false, blockChecksum=false, close=true, payload=Payload{size=98304, name='ones'}]" classname="org.apache.kafka.common.record.KafkaLZ4Test" time="0.0"/>
  <testcase name="testHeaderPrematureEnd[122 useBrokenFlagDescriptorChecksum=true, ignoreFlagDescriptorChecksum=false, blockChecksum=true, close=false, payload=Payload{size=98304, name='ones'}]" classname="org.apache.kafka.common.record.KafkaLZ4Test" time="0.0"/>
  <testcase name="testBadBlockSize[122 useBrokenFlagDescriptorChecksum=true, ignoreFlagDescriptorChecksum=false, blockChecksum=true, close=false, payload=Payload{size=98304, name='ones'}]" classname="org.apache.kafka.common.record.KafkaLZ4Test" time="0.0"/>
  <testcase name="testSkip[122 useBrokenFlagDescriptorChecksum=true, ignoreFlagDescriptorChecksum=false, blockChecksum=true, close=false, payload=Payload{size=98304, name='ones'}]" classname="org.apache.kafka.common.record.KafkaLZ4Test" time="0.0"/>
  <testcase name="testArrayBackedBuffer[122 useBrokenFlagDescriptorChecksum=true, ignoreFlagDescriptorChecksum=false, blockChecksum=true, close=false, payload=Payload{size=98304, name='ones'}]" classname="org.apache.kafka.common.record.KafkaLZ4Test" time="0.0"/>
  <testcase name="testCompression[122 useBrokenFlagDescriptorChecksum=true, ignoreFlagDescriptorChecksum=false, blockChecksum=true, close=false, payload=Payload{size=98304, name='ones'}]" classname="org.apache.kafka.common.record.KafkaLZ4Test" time="0.001"/>
  <testcase name="testDirectBuffer[122 useBrokenFlagDescriptorChecksum=true, ignoreFlagDescriptorChecksum=false, blockChecksum=true, close=false, payload=Payload{size=98304, name='ones'}]" classname="org.apache.kafka.common.record.KafkaLZ4Test" time="0.0"/>
  <testcase name="testArrayBackedBufferSlice[122 useBrokenFlagDescriptorChecksum=true, ignoreFlagDescriptorChecksum=false, blockChecksum=true, close=false, payload=Payload{size=98304, name='ones'}]" classname="org.apache.kafka.common.record.KafkaLZ4Test" time="0.0"/>
  <testcase name="testNotSupported[122 useBrokenFlagDescriptorChecksum=true, ignoreFlagDescriptorChecksum=false, blockChecksum=true, close=false, payload=Payload{size=98304, name='ones'}]" classname="org.apache.kafka.common.record.KafkaLZ4Test" time="0.0"/>
  <testcase name="testBadFrameChecksum[122 useBrokenFlagDescriptorChecksum=true, ignoreFlagDescriptorChecksum=false, blockChecksum=true, close=false, payload=Payload{size=98304, name='ones'}]" classname="org.apache.kafka.common.record.KafkaLZ4Test" time="0.0"/>
  <testcase name="testHeaderPrematureEnd[123 useBrokenFlagDescriptorChecksum=true, ignoreFlagDescriptorChecksum=false, blockChecksum=true, close=true, payload=Payload{size=98304, name='ones'}]" classname="org.apache.kafka.common.record.KafkaLZ4Test" time="0.0"/>
  <testcase name="testBadBlockSize[123 useBrokenFlagDescriptorChecksum=true, ignoreFlagDescriptorChecksum=false, blockChecksum=true, close=true, payload=Payload{size=98304, name='ones'}]" classname="org.apache.kafka.common.record.KafkaLZ4Test" time="0.0"/>
  <testcase name="testSkip[123 useBrokenFlagDescriptorChecksum=true, ignoreFlagDescriptorChecksum=false, blockChecksum=true, close=true, payload=Payload{size=98304, name='ones'}]" classname="org.apache.kafka.common.record.KafkaLZ4Test" time="0.0"/>
  <testcase name="testArrayBackedBuffer[123 useBrokenFlagDescriptorChecksum=true, ignoreFlagDescriptorChecksum=false, blockChecksum=true, close=true, payload=Payload{size=98304, name='ones'}]" classname="org.apache.kafka.common.record.KafkaLZ4Test" time="0.001"/>
  <testcase name="testCompression[123 useBrokenFlagDescriptorChecksum=true, ignoreFlagDescriptorChecksum=false, blockChecksum=true, close=true, payload=Payload{size=98304, name='ones'}]" classname="org.apache.kafka.common.record.KafkaLZ4Test" time="0.0"/>
  <testcase name="testDirectBuffer[123 useBrokenFlagDescriptorChecksum=true, ignoreFlagDescriptorChecksum=false, blockChecksum=true, close=true, payload=Payload{size=98304, name='ones'}]" classname="org.apache.kafka.common.record.KafkaLZ4Test" time="0.0"/>
  <testcase name="testArrayBackedBufferSlice[123 useBrokenFlagDescriptorChecksum=true, ignoreFlagDescriptorChecksum=false, blockChecksum=true, close=true, payload=Payload{size=98304, name='ones'}]" classname="org.apache.kafka.common.record.KafkaLZ4Test" time="0.0"/>
  <testcase name="testNotSupported[123 useBrokenFlagDescriptorChecksum=true, ignoreFlagDescriptorChecksum=false, blockChecksum=true, close=true, payload=Payload{size=98304, name='ones'}]" classname="org.apache.kafka.common.record.KafkaLZ4Test" time="0.0"/>
  <testcase name="testBadFrameChecksum[123 useBrokenFlagDescriptorChecksum=true, ignoreFlagDescriptorChecksum=false, blockChecksum=true, close=true, payload=Payload{size=98304, name='ones'}]" classname="org.apache.kafka.common.record.KafkaLZ4Test" time="0.0"/>
  <testcase name="testHeaderPrematureEnd[124 useBrokenFlagDescriptorChecksum=true, ignoreFlagDescriptorChecksum=true, blockChecksum=false, close=false, payload=Payload{size=98304, name='ones'}]" classname="org.apache.kafka.common.record.KafkaLZ4Test" time="0.0"/>
  <testcase name="testBadBlockSize[124 useBrokenFlagDescriptorChecksum=true, ignoreFlagDescriptorChecksum=true, blockChecksum=false, close=false, payload=Payload{size=98304, name='ones'}]" classname="org.apache.kafka.common.record.KafkaLZ4Test" time="0.0"/>
  <testcase name="testSkip[124 useBrokenFlagDescriptorChecksum=true, ignoreFlagDescriptorChecksum=true, blockChecksum=false, close=false, payload=Payload{size=98304, name='ones'}]" classname="org.apache.kafka.common.record.KafkaLZ4Test" time="0.0"/>
  <testcase name="testArrayBackedBuffer[124 useBrokenFlagDescriptorChecksum=true, ignoreFlagDescriptorChecksum=true, blockChecksum=false, close=false, payload=Payload{size=98304, name='ones'}]" classname="org.apache.kafka.common.record.KafkaLZ4Test" time="0.001"/>
  <testcase name="testCompression[124 useBrokenFlagDescriptorChecksum=true, ignoreFlagDescriptorChecksum=true, blockChecksum=false, close=false, payload=Payload{size=98304, name='ones'}]" classname="org.apache.kafka.common.record.KafkaLZ4Test" time="0.0"/>
  <testcase name="testDirectBuffer[124 useBrokenFlagDescriptorChecksum=true, ignoreFlagDescriptorChecksum=true, blockChecksum=false, close=false, payload=Payload{size=98304, name='ones'}]" classname="org.apache.kafka.common.record.KafkaLZ4Test" time="0.0"/>
  <testcase name="testArrayBackedBufferSlice[124 useBrokenFlagDescriptorChecksum=true, ignoreFlagDescriptorChecksum=true, blockChecksum=false, close=false, payload=Payload{size=98304, name='ones'}]" classname="org.apache.kafka.common.record.KafkaLZ4Test" time="0.0"/>
  <testcase name="testNotSupported[124 useBrokenFlagDescriptorChecksum=true, ignoreFlagDescriptorChecksum=true, blockChecksum=false, close=false, payload=Payload{size=98304, name='ones'}]" classname="org.apache.kafka.common.record.KafkaLZ4Test" time="0.0"/>
  <testcase name="testBadFrameChecksum[124 useBrokenFlagDescriptorChecksum=true, ignoreFlagDescriptorChecksum=true, blockChecksum=false, close=false, payload=Payload{size=98304, name='ones'}]" classname="org.apache.kafka.common.record.KafkaLZ4Test" time="0.0"/>
  <testcase name="testHeaderPrematureEnd[125 useBrokenFlagDescriptorChecksum=true, ignoreFlagDescriptorChecksum=true, blockChecksum=false, close=true, payload=Payload{size=98304, name='ones'}]" classname="org.apache.kafka.common.record.KafkaLZ4Test" time="0.0"/>
  <testcase name="testBadBlockSize[125 useBrokenFlagDescriptorChecksum=true, ignoreFlagDescriptorChecksum=true, blockChecksum=false, close=true, payload=Payload{size=98304, name='ones'}]" classname="org.apache.kafka.common.record.KafkaLZ4Test" time="0.0"/>
  <testcase name="testSkip[125 useBrokenFlagDescriptorChecksum=true, ignoreFlagDescriptorChecksum=true, blockChecksum=false, close=true, payload=Payload{size=98304, name='ones'}]" classname="org.apache.kafka.common.record.KafkaLZ4Test" time="0.0"/>
  <testcase name="testArrayBackedBuffer[125 useBrokenFlagDescriptorChecksum=true, ignoreFlagDescriptorChecksum=true, blockChecksum=false, close=true, payload=Payload{size=98304, name='ones'}]" classname="org.apache.kafka.common.record.KafkaLZ4Test" time="0.0"/>
  <testcase name="testCompression[125 useBrokenFlagDescriptorChecksum=true, ignoreFlagDescriptorChecksum=true, blockChecksum=false, close=true, payload=Payload{size=98304, name='ones'}]" classname="org.apache.kafka.common.record.KafkaLZ4Test" time="0.0"/>
  <testcase name="testDirectBuffer[125 useBrokenFlagDescriptorChecksum=true, ignoreFlagDescriptorChecksum=true, blockChecksum=false, close=true, payload=Payload{size=98304, name='ones'}]" classname="org.apache.kafka.common.record.KafkaLZ4Test" time="0.0"/>
  <testcase name="testArrayBackedBufferSlice[125 useBrokenFlagDescriptorChecksum=true, ignoreFlagDescriptorChecksum=true, blockChecksum=false, close=true, payload=Payload{size=98304, name='ones'}]" classname="org.apache.kafka.common.record.KafkaLZ4Test" time="0.0"/>
  <testcase name="testNotSupported[125 useBrokenFlagDescriptorChecksum=true, ignoreFlagDescriptorChecksum=true, blockChecksum=false, close=true, payload=Payload{size=98304, name='ones'}]" classname="org.apache.kafka.common.record.KafkaLZ4Test" time="0.0"/>
  <testcase name="testBadFrameChecksum[125 useBrokenFlagDescriptorChecksum=true, ignoreFlagDescriptorChecksum=true, blockChecksum=false, close=true, payload=Payload{size=98304, name='ones'}]" classname="org.apache.kafka.common.record.KafkaLZ4Test" time="0.0"/>
  <testcase name="testHeaderPrematureEnd[126 useBrokenFlagDescriptorChecksum=true, ignoreFlagDescriptorChecksum=true, blockChecksum=true, close=false, payload=Payload{size=98304, name='ones'}]" classname="org.apache.kafka.common.record.KafkaLZ4Test" time="0.0"/>
  <testcase name="testBadBlockSize[126 useBrokenFlagDescriptorChecksum=true, ignoreFlagDescriptorChecksum=true, blockChecksum=true, close=false, payload=Payload{size=98304, name='ones'}]" classname="org.apache.kafka.common.record.KafkaLZ4Test" time="0.0"/>
  <testcase name="testSkip[126 useBrokenFlagDescriptorChecksum=true, ignoreFlagDescriptorChecksum=true, blockChecksum=true, close=false, payload=Payload{size=98304, name='ones'}]" classname="org.apache.kafka.common.record.KafkaLZ4Test" time="0.0"/>
  <testcase name="testArrayBackedBuffer[126 useBrokenFlagDescriptorChecksum=true, ignoreFlagDescriptorChecksum=true, blockChecksum=true, close=false, payload=Payload{size=98304, name='ones'}]" classname="org.apache.kafka.common.record.KafkaLZ4Test" time="0.0"/>
  <testcase name="testCompression[126 useBrokenFlagDescriptorChecksum=true, ignoreFlagDescriptorChecksum=true, blockChecksum=true, close=false, payload=Payload{size=98304, name='ones'}]" classname="org.apache.kafka.common.record.KafkaLZ4Test" time="0.0"/>
  <testcase name="testDirectBuffer[126 useBrokenFlagDescriptorChecksum=true, ignoreFlagDescriptorChecksum=true, blockChecksum=true, close=false, payload=Payload{size=98304, name='ones'}]" classname="org.apache.kafka.common.record.KafkaLZ4Test" time="0.001"/>
  <testcase name="testArrayBackedBufferSlice[126 useBrokenFlagDescriptorChecksum=true, ignoreFlagDescriptorChecksum=true, blockChecksum=true, close=false, payload=Payload{size=98304, name='ones'}]" classname="org.apache.kafka.common.record.KafkaLZ4Test" time="0.0"/>
  <testcase name="testNotSupported[126 useBrokenFlagDescriptorChecksum=true, ignoreFlagDescriptorChecksum=true, blockChecksum=true, close=false, payload=Payload{size=98304, name='ones'}]" classname="org.apache.kafka.common.record.KafkaLZ4Test" time="0.0"/>
  <testcase name="testBadFrameChecksum[126 useBrokenFlagDescriptorChecksum=true, ignoreFlagDescriptorChecksum=true, blockChecksum=true, close=false, payload=Payload{size=98304, name='ones'}]" classname="org.apache.kafka.common.record.KafkaLZ4Test" time="0.0"/>
  <testcase name="testHeaderPrematureEnd[127 useBrokenFlagDescriptorChecksum=true, ignoreFlagDescriptorChecksum=true, blockChecksum=true, close=true, payload=Payload{size=98304, name='ones'}]" classname="org.apache.kafka.common.record.KafkaLZ4Test" time="0.0"/>
  <testcase name="testBadBlockSize[127 useBrokenFlagDescriptorChecksum=true, ignoreFlagDescriptorChecksum=true, blockChecksum=true, close=true, payload=Payload{size=98304, name='ones'}]" classname="org.apache.kafka.common.record.KafkaLZ4Test" time="0.0"/>
  <testcase name="testSkip[127 useBrokenFlagDescriptorChecksum=true, ignoreFlagDescriptorChecksum=true, blockChecksum=true, close=true, payload=Payload{size=98304, name='ones'}]" classname="org.apache.kafka.common.record.KafkaLZ4Test" time="0.001"/>
  <testcase name="testArrayBackedBuffer[127 useBrokenFlagDescriptorChecksum=true, ignoreFlagDescriptorChecksum=true, blockChecksum=true, close=true, payload=Payload{size=98304, name='ones'}]" classname="org.apache.kafka.common.record.KafkaLZ4Test" time="0.0"/>
  <testcase name="testCompression[127 useBrokenFlagDescriptorChecksum=true, ignoreFlagDescriptorChecksum=true, blockChecksum=true, close=true, payload=Payload{size=98304, name='ones'}]" classname="org.apache.kafka.common.record.KafkaLZ4Test" time="0.0"/>
  <testcase name="testDirectBuffer[127 useBrokenFlagDescriptorChecksum=true, ignoreFlagDescriptorChecksum=true, blockChecksum=true, close=true, payload=Payload{size=98304, name='ones'}]" classname="org.apache.kafka.common.record.KafkaLZ4Test" time="0.0"/>
  <testcase name="testArrayBackedBufferSlice[127 useBrokenFlagDescriptorChecksum=true, ignoreFlagDescriptorChecksum=true, blockChecksum=true, close=true, payload=Payload{size=98304, name='ones'}]" classname="org.apache.kafka.common.record.KafkaLZ4Test" time="0.0"/>
  <testcase name="testNotSupported[127 useBrokenFlagDescriptorChecksum=true, ignoreFlagDescriptorChecksum=true, blockChecksum=true, close=true, payload=Payload{size=98304, name='ones'}]" classname="org.apache.kafka.common.record.KafkaLZ4Test" time="0.0"/>
  <testcase name="testBadFrameChecksum[127 useBrokenFlagDescriptorChecksum=true, ignoreFlagDescriptorChecksum=true, blockChecksum=true, close=true, payload=Payload{size=98304, name='ones'}]" classname="org.apache.kafka.common.record.KafkaLZ4Test" time="0.0"/>
  <system-out><![CDATA[]]></system-out>
  <system-err><![CDATA[]]></system-err>
</testsuite>
