<!DOCTYPE html>
<html>
<head>
<meta http-equiv="Content-Type" content="text/html; charset=utf-8"/>
<meta http-equiv="x-ua-compatible" content="IE=edge"/>
<title>Test results - Class org.apache.kafka.common.security.authenticator.SaslAuthenticatorTest</title>
<link href="../css/base-style.css" rel="stylesheet" type="text/css"/>
<link href="../css/style.css" rel="stylesheet" type="text/css"/>
<script src="../js/report.js" type="text/javascript"></script>
</head>
<body>
<div id="content">
<h1>Class org.apache.kafka.common.security.authenticator.SaslAuthenticatorTest</h1>
<div class="breadcrumbs">
<a href="../index.html">all</a> &gt; 
<a href="../packages/org.apache.kafka.common.security.authenticator.html">org.apache.kafka.common.security.authenticator</a> &gt; SaslAuthenticatorTest</div>
<div id="summary">
<table>
<tr>
<td>
<div class="summaryGroup">
<table>
<tr>
<td>
<div class="infoBox" id="tests">
<div class="counter">69</div>
<p>tests</p>
</div>
</td>
<td>
<div class="infoBox" id="failures">
<div class="counter">4</div>
<p>failures</p>
</div>
</td>
<td>
<div class="infoBox" id="ignored">
<div class="counter">0</div>
<p>ignored</p>
</div>
</td>
<td>
<div class="infoBox" id="duration">
<div class="counter">2m26.70s</div>
<p>duration</p>
</div>
</td>
</tr>
</table>
</div>
</td>
<td>
<div class="infoBox failures" id="successRate">
<div class="percent">94%</div>
<p>successful</p>
</div>
</td>
</tr>
</table>
</div>
<div id="tabs">
<ul class="tabLinks">
<li>
<a href="#tab0">Failed tests</a>
</li>
<li>
<a href="#tab1">Tests</a>
</li>
<li>
<a href="#tab2">Standard output</a>
</li>
</ul>
<div id="tab0" class="tab">
<h2>Failed tests</h2>
<div class="test">
<a name="testAuthenticateCallbackHandlerMechanisms"></a>
<h3 class="failures">testAuthenticateCallbackHandlerMechanisms</h3>
<span class="code">
<pre>java.lang.AssertionError
	at org.junit.Assert.fail(Assert.java:87)
	at org.junit.Assert.assertTrue(Assert.java:42)
	at org.junit.Assert.assertTrue(Assert.java:53)
	at org.apache.kafka.common.network.NetworkTestUtils.waitForChannelReady(NetworkTestUtils.java:96)
	at org.apache.kafka.common.network.NetworkTestUtils.checkClientConnection(NetworkTestUtils.java:69)
	at org.apache.kafka.common.security.authenticator.SaslAuthenticatorTest.checkClientConnection(SaslAuthenticatorTest.java:2105)
	at org.apache.kafka.common.security.authenticator.SaslAuthenticatorTest.createAndCheckClientConnection(SaslAuthenticatorTest.java:2121)
	at org.apache.kafka.common.security.authenticator.SaslAuthenticatorTest.testAuthenticateCallbackHandlerMechanisms(SaslAuthenticatorTest.java:1085)
	at sun.reflect.NativeMethodAccessorImpl.invoke0(Native Method)
	at sun.reflect.NativeMethodAccessorImpl.invoke(NativeMethodAccessorImpl.java:62)
	at sun.reflect.DelegatingMethodAccessorImpl.invoke(DelegatingMethodAccessorImpl.java:43)
	at java.lang.reflect.Method.invoke(Method.java:498)
	at org.junit.runners.model.FrameworkMethod$1.runReflectiveCall(FrameworkMethod.java:59)
	at org.junit.internal.runners.model.ReflectiveCallable.run(ReflectiveCallable.java:12)
	at org.junit.runners.model.FrameworkMethod.invokeExplosively(FrameworkMethod.java:56)
	at org.junit.internal.runners.statements.InvokeMethod.evaluate(InvokeMethod.java:17)
	at org.junit.internal.runners.statements.RunBefores.evaluate(RunBefores.java:26)
	at org.junit.internal.runners.statements.RunAfters.evaluate(RunAfters.java:27)
	at org.junit.runners.ParentRunner$3.evaluate(ParentRunner.java:306)
	at org.junit.runners.BlockJUnit4ClassRunner$1.evaluate(BlockJUnit4ClassRunner.java:100)
	at org.junit.runners.ParentRunner.runLeaf(ParentRunner.java:366)
	at org.junit.runners.BlockJUnit4ClassRunner.runChild(BlockJUnit4ClassRunner.java:103)
	at org.junit.runners.BlockJUnit4ClassRunner.runChild(BlockJUnit4ClassRunner.java:63)
	at org.junit.runners.ParentRunner$4.run(ParentRunner.java:331)
	at org.junit.runners.ParentRunner$1.schedule(ParentRunner.java:79)
	at org.junit.runners.ParentRunner.runChildren(ParentRunner.java:329)
	at org.junit.runners.ParentRunner.access$100(ParentRunner.java:66)
	at org.junit.runners.ParentRunner$2.evaluate(ParentRunner.java:293)
	at org.junit.runners.ParentRunner$3.evaluate(ParentRunner.java:306)
	at org.junit.runners.ParentRunner.run(ParentRunner.java:413)
	at org.gradle.api.internal.tasks.testing.junit.JUnitTestClassExecutor.runTestClass(JUnitTestClassExecutor.java:110)
	at org.gradle.api.internal.tasks.testing.junit.JUnitTestClassExecutor.execute(JUnitTestClassExecutor.java:58)
	at org.gradle.api.internal.tasks.testing.junit.JUnitTestClassExecutor.execute(JUnitTestClassExecutor.java:38)
	at org.gradle.api.internal.tasks.testing.junit.AbstractJUnitTestClassProcessor.processTestClass(AbstractJUnitTestClassProcessor.java:62)
	at org.gradle.api.internal.tasks.testing.SuiteTestClassProcessor.processTestClass(SuiteTestClassProcessor.java:51)
	at sun.reflect.NativeMethodAccessorImpl.invoke0(Native Method)
	at sun.reflect.NativeMethodAccessorImpl.invoke(NativeMethodAccessorImpl.java:62)
	at sun.reflect.DelegatingMethodAccessorImpl.invoke(DelegatingMethodAccessorImpl.java:43)
	at java.lang.reflect.Method.invoke(Method.java:498)
	at org.gradle.internal.dispatch.ReflectionDispatch.dispatch(ReflectionDispatch.java:36)
	at org.gradle.internal.dispatch.ReflectionDispatch.dispatch(ReflectionDispatch.java:24)
	at org.gradle.internal.dispatch.ContextClassLoaderDispatch.dispatch(ContextClassLoaderDispatch.java:33)
	at org.gradle.internal.dispatch.ProxyDispatchAdapter$DispatchingInvocationHandler.invoke(ProxyDispatchAdapter.java:94)
	at com.sun.proxy.$Proxy2.processTestClass(Unknown Source)
	at org.gradle.api.internal.tasks.testing.worker.TestWorker.processTestClass(TestWorker.java:119)
	at sun.reflect.NativeMethodAccessorImpl.invoke0(Native Method)
	at sun.reflect.NativeMethodAccessorImpl.invoke(NativeMethodAccessorImpl.java:62)
	at sun.reflect.DelegatingMethodAccessorImpl.invoke(DelegatingMethodAccessorImpl.java:43)
	at java.lang.reflect.Method.invoke(Method.java:498)
	at org.gradle.internal.dispatch.ReflectionDispatch.dispatch(ReflectionDispatch.java:36)
	at org.gradle.internal.dispatch.ReflectionDispatch.dispatch(ReflectionDispatch.java:24)
	at org.gradle.internal.remote.internal.hub.MessageHubBackedObjectConnection$DispatchWrapper.dispatch(MessageHubBackedObjectConnection.java:182)
	at org.gradle.internal.remote.internal.hub.MessageHubBackedObjectConnection$DispatchWrapper.dispatch(MessageHubBackedObjectConnection.java:164)
	at org.gradle.internal.remote.internal.hub.MessageHub$Handler.run(MessageHub.java:414)
	at org.gradle.internal.concurrent.ExecutorPolicy$CatchAndRecordFailures.onExecute(ExecutorPolicy.java:64)
	at org.gradle.internal.concurrent.ManagedExecutorImpl$1.run(ManagedExecutorImpl.java:48)
	at java.util.concurrent.ThreadPoolExecutor.runWorker(ThreadPoolExecutor.java:1149)
	at java.util.concurrent.ThreadPoolExecutor$Worker.run(ThreadPoolExecutor.java:624)
	at org.gradle.internal.concurrent.ThreadFactoryImpl$ManagedThreadRunnable.run(ThreadFactoryImpl.java:56)
	at java.lang.Thread.run(Thread.java:748)
</pre>
</span>
</div>
<div class="test">
<a name="testCannotReauthenticateWithDifferentMechanism"></a>
<h3 class="failures">testCannotReauthenticateWithDifferentMechanism</h3>
<span class="code">
<pre>java.lang.AssertionError
	at org.junit.Assert.fail(Assert.java:87)
	at org.junit.Assert.assertTrue(Assert.java:42)
	at org.junit.Assert.assertTrue(Assert.java:53)
	at org.apache.kafka.common.network.NetworkTestUtils.waitForChannelReady(NetworkTestUtils.java:96)
	at org.apache.kafka.common.network.NetworkTestUtils.checkClientConnection(NetworkTestUtils.java:69)
	at org.apache.kafka.common.security.authenticator.SaslAuthenticatorTest.checkClientConnection(SaslAuthenticatorTest.java:2105)
	at org.apache.kafka.common.security.authenticator.SaslAuthenticatorTest.testCannotReauthenticateWithDifferentMechanism(SaslAuthenticatorTest.java:1633)
	at sun.reflect.NativeMethodAccessorImpl.invoke0(Native Method)
	at sun.reflect.NativeMethodAccessorImpl.invoke(NativeMethodAccessorImpl.java:62)
	at sun.reflect.DelegatingMethodAccessorImpl.invoke(DelegatingMethodAccessorImpl.java:43)
	at java.lang.reflect.Method.invoke(Method.java:498)
	at org.junit.runners.model.FrameworkMethod$1.runReflectiveCall(FrameworkMethod.java:59)
	at org.junit.internal.runners.model.ReflectiveCallable.run(ReflectiveCallable.java:12)
	at org.junit.runners.model.FrameworkMethod.invokeExplosively(FrameworkMethod.java:56)
	at org.junit.internal.runners.statements.InvokeMethod.evaluate(InvokeMethod.java:17)
	at org.junit.internal.runners.statements.RunBefores.evaluate(RunBefores.java:26)
	at org.junit.internal.runners.statements.RunAfters.evaluate(RunAfters.java:27)
	at org.junit.runners.ParentRunner$3.evaluate(ParentRunner.java:306)
	at org.junit.runners.BlockJUnit4ClassRunner$1.evaluate(BlockJUnit4ClassRunner.java:100)
	at org.junit.runners.ParentRunner.runLeaf(ParentRunner.java:366)
	at org.junit.runners.BlockJUnit4ClassRunner.runChild(BlockJUnit4ClassRunner.java:103)
	at org.junit.runners.BlockJUnit4ClassRunner.runChild(BlockJUnit4ClassRunner.java:63)
	at org.junit.runners.ParentRunner$4.run(ParentRunner.java:331)
	at org.junit.runners.ParentRunner$1.schedule(ParentRunner.java:79)
	at org.junit.runners.ParentRunner.runChildren(ParentRunner.java:329)
	at org.junit.runners.ParentRunner.access$100(ParentRunner.java:66)
	at org.junit.runners.ParentRunner$2.evaluate(ParentRunner.java:293)
	at org.junit.runners.ParentRunner$3.evaluate(ParentRunner.java:306)
	at org.junit.runners.ParentRunner.run(ParentRunner.java:413)
	at org.gradle.api.internal.tasks.testing.junit.JUnitTestClassExecutor.runTestClass(JUnitTestClassExecutor.java:110)
	at org.gradle.api.internal.tasks.testing.junit.JUnitTestClassExecutor.execute(JUnitTestClassExecutor.java:58)
	at org.gradle.api.internal.tasks.testing.junit.JUnitTestClassExecutor.execute(JUnitTestClassExecutor.java:38)
	at org.gradle.api.internal.tasks.testing.junit.AbstractJUnitTestClassProcessor.processTestClass(AbstractJUnitTestClassProcessor.java:62)
	at org.gradle.api.internal.tasks.testing.SuiteTestClassProcessor.processTestClass(SuiteTestClassProcessor.java:51)
	at sun.reflect.NativeMethodAccessorImpl.invoke0(Native Method)
	at sun.reflect.NativeMethodAccessorImpl.invoke(NativeMethodAccessorImpl.java:62)
	at sun.reflect.DelegatingMethodAccessorImpl.invoke(DelegatingMethodAccessorImpl.java:43)
	at java.lang.reflect.Method.invoke(Method.java:498)
	at org.gradle.internal.dispatch.ReflectionDispatch.dispatch(ReflectionDispatch.java:36)
	at org.gradle.internal.dispatch.ReflectionDispatch.dispatch(ReflectionDispatch.java:24)
	at org.gradle.internal.dispatch.ContextClassLoaderDispatch.dispatch(ContextClassLoaderDispatch.java:33)
	at org.gradle.internal.dispatch.ProxyDispatchAdapter$DispatchingInvocationHandler.invoke(ProxyDispatchAdapter.java:94)
	at com.sun.proxy.$Proxy2.processTestClass(Unknown Source)
	at org.gradle.api.internal.tasks.testing.worker.TestWorker.processTestClass(TestWorker.java:119)
	at sun.reflect.NativeMethodAccessorImpl.invoke0(Native Method)
	at sun.reflect.NativeMethodAccessorImpl.invoke(NativeMethodAccessorImpl.java:62)
	at sun.reflect.DelegatingMethodAccessorImpl.invoke(DelegatingMethodAccessorImpl.java:43)
	at java.lang.reflect.Method.invoke(Method.java:498)
	at org.gradle.internal.dispatch.ReflectionDispatch.dispatch(ReflectionDispatch.java:36)
	at org.gradle.internal.dispatch.ReflectionDispatch.dispatch(ReflectionDispatch.java:24)
	at org.gradle.internal.remote.internal.hub.MessageHubBackedObjectConnection$DispatchWrapper.dispatch(MessageHubBackedObjectConnection.java:182)
	at org.gradle.internal.remote.internal.hub.MessageHubBackedObjectConnection$DispatchWrapper.dispatch(MessageHubBackedObjectConnection.java:164)
	at org.gradle.internal.remote.internal.hub.MessageHub$Handler.run(MessageHub.java:414)
	at org.gradle.internal.concurrent.ExecutorPolicy$CatchAndRecordFailures.onExecute(ExecutorPolicy.java:64)
	at org.gradle.internal.concurrent.ManagedExecutorImpl$1.run(ManagedExecutorImpl.java:48)
	at java.util.concurrent.ThreadPoolExecutor.runWorker(ThreadPoolExecutor.java:1149)
	at java.util.concurrent.ThreadPoolExecutor$Worker.run(ThreadPoolExecutor.java:624)
	at org.gradle.internal.concurrent.ThreadFactoryImpl$ManagedThreadRunnable.run(ThreadFactoryImpl.java:56)
	at java.lang.Thread.run(Thread.java:748)
</pre>
</span>
</div>
<div class="test">
<a name="testMechanismPluggability"></a>
<h3 class="failures">testMechanismPluggability</h3>
<span class="code">
<pre>java.lang.AssertionError
	at org.junit.Assert.fail(Assert.java:87)
	at org.junit.Assert.assertTrue(Assert.java:42)
	at org.junit.Assert.assertTrue(Assert.java:53)
	at org.apache.kafka.common.network.NetworkTestUtils.waitForChannelReady(NetworkTestUtils.java:96)
	at org.apache.kafka.common.network.NetworkTestUtils.checkClientConnection(NetworkTestUtils.java:69)
	at org.apache.kafka.common.security.authenticator.SaslAuthenticatorTest.checkClientConnection(SaslAuthenticatorTest.java:2105)
	at org.apache.kafka.common.security.authenticator.SaslAuthenticatorTest.createAndCheckClientConnection(SaslAuthenticatorTest.java:2121)
	at org.apache.kafka.common.security.authenticator.SaslAuthenticatorTest.testMechanismPluggability(SaslAuthenticatorTest.java:364)
	at sun.reflect.NativeMethodAccessorImpl.invoke0(Native Method)
	at sun.reflect.NativeMethodAccessorImpl.invoke(NativeMethodAccessorImpl.java:62)
	at sun.reflect.DelegatingMethodAccessorImpl.invoke(DelegatingMethodAccessorImpl.java:43)
	at java.lang.reflect.Method.invoke(Method.java:498)
	at org.junit.runners.model.FrameworkMethod$1.runReflectiveCall(FrameworkMethod.java:59)
	at org.junit.internal.runners.model.ReflectiveCallable.run(ReflectiveCallable.java:12)
	at org.junit.runners.model.FrameworkMethod.invokeExplosively(FrameworkMethod.java:56)
	at org.junit.internal.runners.statements.InvokeMethod.evaluate(InvokeMethod.java:17)
	at org.junit.internal.runners.statements.RunBefores.evaluate(RunBefores.java:26)
	at org.junit.internal.runners.statements.RunAfters.evaluate(RunAfters.java:27)
	at org.junit.runners.ParentRunner$3.evaluate(ParentRunner.java:306)
	at org.junit.runners.BlockJUnit4ClassRunner$1.evaluate(BlockJUnit4ClassRunner.java:100)
	at org.junit.runners.ParentRunner.runLeaf(ParentRunner.java:366)
	at org.junit.runners.BlockJUnit4ClassRunner.runChild(BlockJUnit4ClassRunner.java:103)
	at org.junit.runners.BlockJUnit4ClassRunner.runChild(BlockJUnit4ClassRunner.java:63)
	at org.junit.runners.ParentRunner$4.run(ParentRunner.java:331)
	at org.junit.runners.ParentRunner$1.schedule(ParentRunner.java:79)
	at org.junit.runners.ParentRunner.runChildren(ParentRunner.java:329)
	at org.junit.runners.ParentRunner.access$100(ParentRunner.java:66)
	at org.junit.runners.ParentRunner$2.evaluate(ParentRunner.java:293)
	at org.junit.runners.ParentRunner$3.evaluate(ParentRunner.java:306)
	at org.junit.runners.ParentRunner.run(ParentRunner.java:413)
	at org.gradle.api.internal.tasks.testing.junit.JUnitTestClassExecutor.runTestClass(JUnitTestClassExecutor.java:110)
	at org.gradle.api.internal.tasks.testing.junit.JUnitTestClassExecutor.execute(JUnitTestClassExecutor.java:58)
	at org.gradle.api.internal.tasks.testing.junit.JUnitTestClassExecutor.execute(JUnitTestClassExecutor.java:38)
	at org.gradle.api.internal.tasks.testing.junit.AbstractJUnitTestClassProcessor.processTestClass(AbstractJUnitTestClassProcessor.java:62)
	at org.gradle.api.internal.tasks.testing.SuiteTestClassProcessor.processTestClass(SuiteTestClassProcessor.java:51)
	at sun.reflect.NativeMethodAccessorImpl.invoke0(Native Method)
	at sun.reflect.NativeMethodAccessorImpl.invoke(NativeMethodAccessorImpl.java:62)
	at sun.reflect.DelegatingMethodAccessorImpl.invoke(DelegatingMethodAccessorImpl.java:43)
	at java.lang.reflect.Method.invoke(Method.java:498)
	at org.gradle.internal.dispatch.ReflectionDispatch.dispatch(ReflectionDispatch.java:36)
	at org.gradle.internal.dispatch.ReflectionDispatch.dispatch(ReflectionDispatch.java:24)
	at org.gradle.internal.dispatch.ContextClassLoaderDispatch.dispatch(ContextClassLoaderDispatch.java:33)
	at org.gradle.internal.dispatch.ProxyDispatchAdapter$DispatchingInvocationHandler.invoke(ProxyDispatchAdapter.java:94)
	at com.sun.proxy.$Proxy2.processTestClass(Unknown Source)
	at org.gradle.api.internal.tasks.testing.worker.TestWorker.processTestClass(TestWorker.java:119)
	at sun.reflect.NativeMethodAccessorImpl.invoke0(Native Method)
	at sun.reflect.NativeMethodAccessorImpl.invoke(NativeMethodAccessorImpl.java:62)
	at sun.reflect.DelegatingMethodAccessorImpl.invoke(DelegatingMethodAccessorImpl.java:43)
	at java.lang.reflect.Method.invoke(Method.java:498)
	at org.gradle.internal.dispatch.ReflectionDispatch.dispatch(ReflectionDispatch.java:36)
	at org.gradle.internal.dispatch.ReflectionDispatch.dispatch(ReflectionDispatch.java:24)
	at org.gradle.internal.remote.internal.hub.MessageHubBackedObjectConnection$DispatchWrapper.dispatch(MessageHubBackedObjectConnection.java:182)
	at org.gradle.internal.remote.internal.hub.MessageHubBackedObjectConnection$DispatchWrapper.dispatch(MessageHubBackedObjectConnection.java:164)
	at org.gradle.internal.remote.internal.hub.MessageHub$Handler.run(MessageHub.java:414)
	at org.gradle.internal.concurrent.ExecutorPolicy$CatchAndRecordFailures.onExecute(ExecutorPolicy.java:64)
	at org.gradle.internal.concurrent.ManagedExecutorImpl$1.run(ManagedExecutorImpl.java:48)
	at java.util.concurrent.ThreadPoolExecutor.runWorker(ThreadPoolExecutor.java:1149)
	at java.util.concurrent.ThreadPoolExecutor$Worker.run(ThreadPoolExecutor.java:624)
	at org.gradle.internal.concurrent.ThreadFactoryImpl$ManagedThreadRunnable.run(ThreadFactoryImpl.java:56)
	at java.lang.Thread.run(Thread.java:748)
</pre>
</span>
</div>
<div class="test">
<a name="testMultipleServerMechanisms"></a>
<h3 class="failures">testMultipleServerMechanisms</h3>
<span class="code">
<pre>java.lang.AssertionError
	at org.junit.Assert.fail(Assert.java:87)
	at org.junit.Assert.assertTrue(Assert.java:42)
	at org.junit.Assert.assertTrue(Assert.java:53)
	at org.apache.kafka.common.network.NetworkTestUtils.waitForChannelReady(NetworkTestUtils.java:96)
	at org.apache.kafka.common.network.NetworkTestUtils.checkClientConnection(NetworkTestUtils.java:69)
	at org.apache.kafka.common.security.authenticator.SaslAuthenticatorTest.testMultipleServerMechanisms(SaslAuthenticatorTest.java:394)
	at sun.reflect.NativeMethodAccessorImpl.invoke0(Native Method)
	at sun.reflect.NativeMethodAccessorImpl.invoke(NativeMethodAccessorImpl.java:62)
	at sun.reflect.DelegatingMethodAccessorImpl.invoke(DelegatingMethodAccessorImpl.java:43)
	at java.lang.reflect.Method.invoke(Method.java:498)
	at org.junit.runners.model.FrameworkMethod$1.runReflectiveCall(FrameworkMethod.java:59)
	at org.junit.internal.runners.model.ReflectiveCallable.run(ReflectiveCallable.java:12)
	at org.junit.runners.model.FrameworkMethod.invokeExplosively(FrameworkMethod.java:56)
	at org.junit.internal.runners.statements.InvokeMethod.evaluate(InvokeMethod.java:17)
	at org.junit.internal.runners.statements.RunBefores.evaluate(RunBefores.java:26)
	at org.junit.internal.runners.statements.RunAfters.evaluate(RunAfters.java:27)
	at org.junit.runners.ParentRunner$3.evaluate(ParentRunner.java:306)
	at org.junit.runners.BlockJUnit4ClassRunner$1.evaluate(BlockJUnit4ClassRunner.java:100)
	at org.junit.runners.ParentRunner.runLeaf(ParentRunner.java:366)
	at org.junit.runners.BlockJUnit4ClassRunner.runChild(BlockJUnit4ClassRunner.java:103)
	at org.junit.runners.BlockJUnit4ClassRunner.runChild(BlockJUnit4ClassRunner.java:63)
	at org.junit.runners.ParentRunner$4.run(ParentRunner.java:331)
	at org.junit.runners.ParentRunner$1.schedule(ParentRunner.java:79)
	at org.junit.runners.ParentRunner.runChildren(ParentRunner.java:329)
	at org.junit.runners.ParentRunner.access$100(ParentRunner.java:66)
	at org.junit.runners.ParentRunner$2.evaluate(ParentRunner.java:293)
	at org.junit.runners.ParentRunner$3.evaluate(ParentRunner.java:306)
	at org.junit.runners.ParentRunner.run(ParentRunner.java:413)
	at org.gradle.api.internal.tasks.testing.junit.JUnitTestClassExecutor.runTestClass(JUnitTestClassExecutor.java:110)
	at org.gradle.api.internal.tasks.testing.junit.JUnitTestClassExecutor.execute(JUnitTestClassExecutor.java:58)
	at org.gradle.api.internal.tasks.testing.junit.JUnitTestClassExecutor.execute(JUnitTestClassExecutor.java:38)
	at org.gradle.api.internal.tasks.testing.junit.AbstractJUnitTestClassProcessor.processTestClass(AbstractJUnitTestClassProcessor.java:62)
	at org.gradle.api.internal.tasks.testing.SuiteTestClassProcessor.processTestClass(SuiteTestClassProcessor.java:51)
	at sun.reflect.NativeMethodAccessorImpl.invoke0(Native Method)
	at sun.reflect.NativeMethodAccessorImpl.invoke(NativeMethodAccessorImpl.java:62)
	at sun.reflect.DelegatingMethodAccessorImpl.invoke(DelegatingMethodAccessorImpl.java:43)
	at java.lang.reflect.Method.invoke(Method.java:498)
	at org.gradle.internal.dispatch.ReflectionDispatch.dispatch(ReflectionDispatch.java:36)
	at org.gradle.internal.dispatch.ReflectionDispatch.dispatch(ReflectionDispatch.java:24)
	at org.gradle.internal.dispatch.ContextClassLoaderDispatch.dispatch(ContextClassLoaderDispatch.java:33)
	at org.gradle.internal.dispatch.ProxyDispatchAdapter$DispatchingInvocationHandler.invoke(ProxyDispatchAdapter.java:94)
	at com.sun.proxy.$Proxy2.processTestClass(Unknown Source)
	at org.gradle.api.internal.tasks.testing.worker.TestWorker.processTestClass(TestWorker.java:119)
	at sun.reflect.NativeMethodAccessorImpl.invoke0(Native Method)
	at sun.reflect.NativeMethodAccessorImpl.invoke(NativeMethodAccessorImpl.java:62)
	at sun.reflect.DelegatingMethodAccessorImpl.invoke(DelegatingMethodAccessorImpl.java:43)
	at java.lang.reflect.Method.invoke(Method.java:498)
	at org.gradle.internal.dispatch.ReflectionDispatch.dispatch(ReflectionDispatch.java:36)
	at org.gradle.internal.dispatch.ReflectionDispatch.dispatch(ReflectionDispatch.java:24)
	at org.gradle.internal.remote.internal.hub.MessageHubBackedObjectConnection$DispatchWrapper.dispatch(MessageHubBackedObjectConnection.java:182)
	at org.gradle.internal.remote.internal.hub.MessageHubBackedObjectConnection$DispatchWrapper.dispatch(MessageHubBackedObjectConnection.java:164)
	at org.gradle.internal.remote.internal.hub.MessageHub$Handler.run(MessageHub.java:414)
	at org.gradle.internal.concurrent.ExecutorPolicy$CatchAndRecordFailures.onExecute(ExecutorPolicy.java:64)
	at org.gradle.internal.concurrent.ManagedExecutorImpl$1.run(ManagedExecutorImpl.java:48)
	at java.util.concurrent.ThreadPoolExecutor.runWorker(ThreadPoolExecutor.java:1149)
	at java.util.concurrent.ThreadPoolExecutor$Worker.run(ThreadPoolExecutor.java:624)
	at org.gradle.internal.concurrent.ThreadFactoryImpl$ManagedThreadRunnable.run(ThreadFactoryImpl.java:56)
	at java.lang.Thread.run(Thread.java:748)
</pre>
</span>
</div>
</div>
<div id="tab1" class="tab">
<h2>Tests</h2>
<table>
<thead>
<tr>
<th>Test</th>
<th>Duration</th>
<th>Result</th>
</tr>
</thead>
<tr>
<td class="success">oldSaslPlainPlaintextClientWithoutSaslAuthenticateHeader</td>
<td class="success">0.231s</td>
<td class="success">passed</td>
</tr>
<tr>
<td class="success">oldSaslPlainPlaintextClientWithoutSaslAuthenticateHeaderFailure</td>
<td class="success">0.584s</td>
<td class="success">passed</td>
</tr>
<tr>
<td class="success">oldSaslPlainPlaintextServerWithoutSaslAuthenticateHeader</td>
<td class="success">0.220s</td>
<td class="success">passed</td>
</tr>
<tr>
<td class="success">oldSaslPlainPlaintextServerWithoutSaslAuthenticateHeaderFailure</td>
<td class="success">0.494s</td>
<td class="success">passed</td>
</tr>
<tr>
<td class="success">oldSaslPlainSslClientWithoutSaslAuthenticateHeader</td>
<td class="success">0.417s</td>
<td class="success">passed</td>
</tr>
<tr>
<td class="success">oldSaslPlainSslClientWithoutSaslAuthenticateHeaderFailure</td>
<td class="success">0.445s</td>
<td class="success">passed</td>
</tr>
<tr>
<td class="success">oldSaslPlainSslServerWithoutSaslAuthenticateHeader</td>
<td class="success">0.749s</td>
<td class="success">passed</td>
</tr>
<tr>
<td class="success">oldSaslPlainSslServerWithoutSaslAuthenticateHeaderFailure</td>
<td class="success">0.684s</td>
<td class="success">passed</td>
</tr>
<tr>
<td class="success">oldSaslScramPlaintextClientWithoutSaslAuthenticateHeader</td>
<td class="success">0.262s</td>
<td class="success">passed</td>
</tr>
<tr>
<td class="success">oldSaslScramPlaintextClientWithoutSaslAuthenticateHeaderFailure</td>
<td class="success">0.906s</td>
<td class="success">passed</td>
</tr>
<tr>
<td class="success">oldSaslScramPlaintextServerWithoutSaslAuthenticateHeader</td>
<td class="success">0.461s</td>
<td class="success">passed</td>
</tr>
<tr>
<td class="success">oldSaslScramPlaintextServerWithoutSaslAuthenticateHeaderFailure</td>
<td class="success">1.145s</td>
<td class="success">passed</td>
</tr>
<tr>
<td class="success">oldSaslScramSslClientWithoutSaslAuthenticateHeader</td>
<td class="success">0.824s</td>
<td class="success">passed</td>
</tr>
<tr>
<td class="success">oldSaslScramSslClientWithoutSaslAuthenticateHeaderFailure</td>
<td class="success">0.783s</td>
<td class="success">passed</td>
</tr>
<tr>
<td class="success">oldSaslScramSslServerWithoutSaslAuthenticateHeader</td>
<td class="success">0.605s</td>
<td class="success">passed</td>
</tr>
<tr>
<td class="success">oldSaslScramSslServerWithoutSaslAuthenticateHeaderFailure</td>
<td class="success">1.018s</td>
<td class="success">passed</td>
</tr>
<tr>
<td class="success">testApiVersionsRequestWithServerUnsupportedVersion</td>
<td class="success">0.316s</td>
<td class="success">passed</td>
</tr>
<tr>
<td class="failures">testAuthenticateCallbackHandlerMechanisms</td>
<td class="failures">25.969s</td>
<td class="failures">failed</td>
</tr>
<tr>
<td class="success">testCannotReauthenticateAgainFasterThanOneSecond</td>
<td class="success">1.092s</td>
<td class="success">passed</td>
</tr>
<tr>
<td class="failures">testCannotReauthenticateWithDifferentMechanism</td>
<td class="failures">18.493s</td>
<td class="failures">failed</td>
</tr>
<tr>
<td class="success">testCannotReauthenticateWithDifferentPrincipal</td>
<td class="success">1.850s</td>
<td class="success">passed</td>
</tr>
<tr>
<td class="success">testClientAuthenticateCallbackHandler</td>
<td class="success">0.533s</td>
<td class="success">passed</td>
</tr>
<tr>
<td class="success">testClientDynamicJaasConfiguration</td>
<td class="success">1.141s</td>
<td class="success">passed</td>
</tr>
<tr>
<td class="success">testClientExceptionDoesNotContainSensitiveData</td>
<td class="success">0.662s</td>
<td class="success">passed</td>
</tr>
<tr>
<td class="success">testClientLoginCallbackOverride</td>
<td class="success">0.219s</td>
<td class="success">passed</td>
</tr>
<tr>
<td class="success">testClientLoginOverride</td>
<td class="success">0.515s</td>
<td class="success">passed</td>
</tr>
<tr>
<td class="success">testConvertListOffsetResponseToSaslHandshakeResponse</td>
<td class="success">0.453s</td>
<td class="success">passed</td>
</tr>
<tr>
<td class="success">testCorrelationId</td>
<td class="success">0.459s</td>
<td class="success">passed</td>
</tr>
<tr>
<td class="success">testDisabledMechanism</td>
<td class="success">0.366s</td>
<td class="success">passed</td>
</tr>
<tr>
<td class="success">testDisallowedKafkaRequestsBeforeAuthentication</td>
<td class="success">0.750s</td>
<td class="success">passed</td>
</tr>
<tr>
<td class="success">testForBrokenSaslHandshakeVersionBump</td>
<td class="success">0.125s</td>
<td class="success">passed</td>
</tr>
<tr>
<td class="success">testInsufficientScopeSaslOauthBearerMechanism</td>
<td class="success">0.610s</td>
<td class="success">passed</td>
</tr>
<tr>
<td class="success">testInvalidApiVersionsRequest</td>
<td class="success">0.379s</td>
<td class="success">passed</td>
</tr>
<tr>
<td class="success">testInvalidApiVersionsRequestSequence</td>
<td class="success">0.422s</td>
<td class="success">passed</td>
</tr>
<tr>
<td class="success">testInvalidLoginModule</td>
<td class="success">0.339s</td>
<td class="success">passed</td>
</tr>
<tr>
<td class="success">testInvalidMechanism</td>
<td class="success">0.306s</td>
<td class="success">passed</td>
</tr>
<tr>
<td class="success">testInvalidPasswordSaslPlain</td>
<td class="success">0.378s</td>
<td class="success">passed</td>
</tr>
<tr>
<td class="success">testInvalidPasswordSaslScram</td>
<td class="success">0.637s</td>
<td class="success">passed</td>
</tr>
<tr>
<td class="success">testInvalidSaslPacket</td>
<td class="success">0.559s</td>
<td class="success">passed</td>
</tr>
<tr>
<td class="success">testInvalidUsernameSaslPlain</td>
<td class="success">0.477s</td>
<td class="success">passed</td>
</tr>
<tr>
<td class="success">testJaasConfigurationForListener</td>
<td class="success">0.710s</td>
<td class="success">passed</td>
</tr>
<tr>
<td class="failures">testMechanismPluggability</td>
<td class="failures">19.556s</td>
<td class="failures">failed</td>
</tr>
<tr>
<td class="success">testMissingPasswordSaslPlain</td>
<td class="success">0.421s</td>
<td class="success">passed</td>
</tr>
<tr>
<td class="success">testMissingUsernameSaslPlain</td>
<td class="success">4.453s</td>
<td class="success">passed</td>
</tr>
<tr>
<td class="failures">testMultipleServerMechanisms</td>
<td class="failures">27.747s</td>
<td class="failures">failed</td>
</tr>
<tr>
<td class="success">testPacketSizeTooBig</td>
<td class="success">0.922s</td>
<td class="success">passed</td>
</tr>
<tr>
<td class="success">testRepeatedValidSaslPlainOverSsl</td>
<td class="success">7.046s</td>
<td class="success">passed</td>
</tr>
<tr>
<td class="success">testSaslHandshakeRequestWithUnsupportedVersion</td>
<td class="success">0.291s</td>
<td class="success">passed</td>
</tr>
<tr>
<td class="success">testSaslUnsupportedClientVersions</td>
<td class="success">0.455s</td>
<td class="success">passed</td>
</tr>
<tr>
<td class="success">testScramUsernameWithSpecialCharacters</td>
<td class="success">1.051s</td>
<td class="success">passed</td>
</tr>
<tr>
<td class="success">testServerAuthenticateCallbackHandler</td>
<td class="success">0.392s</td>
<td class="success">passed</td>
</tr>
<tr>
<td class="success">testServerDynamicJaasConfiguration</td>
<td class="success">0.672s</td>
<td class="success">passed</td>
</tr>
<tr>
<td class="success">testServerLoginCallbackOverride</td>
<td class="success">0.532s</td>
<td class="success">passed</td>
</tr>
<tr>
<td class="success">testServerLoginOverride</td>
<td class="success">0.925s</td>
<td class="success">passed</td>
</tr>
<tr>
<td class="success">testTokenAuthenticationOverSaslScram</td>
<td class="success">0.795s</td>
<td class="success">passed</td>
</tr>
<tr>
<td class="success">testTokenReauthenticationOverSaslScram</td>
<td class="success">1.654s</td>
<td class="success">passed</td>
</tr>
<tr>
<td class="success">testUnauthenticatedApiVersionsRequestOverPlaintextHandshakeVersion0</td>
<td class="success">1.124s</td>
<td class="success">passed</td>
</tr>
<tr>
<td class="success">testUnauthenticatedApiVersionsRequestOverPlaintextHandshakeVersion1</td>
<td class="success">0.454s</td>
<td class="success">passed</td>
</tr>
<tr>
<td class="success">testUnauthenticatedApiVersionsRequestOverSslHandshakeVersion0</td>
<td class="success">0.584s</td>
<td class="success">passed</td>
</tr>
<tr>
<td class="success">testUnauthenticatedApiVersionsRequestOverSslHandshakeVersion1</td>
<td class="success">0.609s</td>
<td class="success">passed</td>
</tr>
<tr>
<td class="success">testUnknownUserSaslScram</td>
<td class="success">0.587s</td>
<td class="success">passed</td>
</tr>
<tr>
<td class="success">testUserCredentialsUnavailableForScramMechanism</td>
<td class="success">0.631s</td>
<td class="success">passed</td>
</tr>
<tr>
<td class="success">testValidApiVersionsRequest</td>
<td class="success">1.087s</td>
<td class="success">passed</td>
</tr>
<tr>
<td class="success">testValidSaslOauthBearerMechanism</td>
<td class="success">2.478s</td>
<td class="success">passed</td>
</tr>
<tr>
<td class="success">testValidSaslOauthBearerMechanismWithoutServerTokens</td>
<td class="success">0.521s</td>
<td class="success">passed</td>
</tr>
<tr>
<td class="success">testValidSaslPlainOverPlaintext</td>
<td class="success">0.694s</td>
<td class="success">passed</td>
</tr>
<tr>
<td class="success">testValidSaslPlainOverSsl</td>
<td class="success">1.368s</td>
<td class="success">passed</td>
</tr>
<tr>
<td class="success">testValidSaslScramMechanisms</td>
<td class="success">1.593s</td>
<td class="success">passed</td>
</tr>
<tr>
<td class="success">testValidSaslScramSha256</td>
<td class="success">0.472s</td>
<td class="success">passed</td>
</tr>
</table>
</div>
<div id="tab2" class="tab">
<h2>Standard output</h2>
<span class="code">
<pre>[2022-09-03 18:38:48,380] ERROR Extensions provided in login context without a token (org.apache.kafka.common.security.oauthbearer.OAuthBearerLoginModule:318)
java.io.IOException: Extensions provided in login context without a token
	at org.apache.kafka.common.security.oauthbearer.internals.unsecured.OAuthBearerUnsecuredLoginCallbackHandler.handle(OAuthBearerUnsecuredLoginCallbackHandler.java:164)
	at org.apache.kafka.common.security.oauthbearer.OAuthBearerLoginModule.identifyToken(OAuthBearerLoginModule.java:316)
	at org.apache.kafka.common.security.oauthbearer.OAuthBearerLoginModule.login(OAuthBearerLoginModule.java:301)
	at sun.reflect.NativeMethodAccessorImpl.invoke0(Native Method)
	at sun.reflect.NativeMethodAccessorImpl.invoke(NativeMethodAccessorImpl.java:62)
	at sun.reflect.DelegatingMethodAccessorImpl.invoke(DelegatingMethodAccessorImpl.java:43)
	at java.lang.reflect.Method.invoke(Method.java:498)
	at javax.security.auth.login.LoginContext.invoke(LoginContext.java:755)
	at javax.security.auth.login.LoginContext.access$000(LoginContext.java:195)
	at javax.security.auth.login.LoginContext$4.run(LoginContext.java:682)
	at javax.security.auth.login.LoginContext$4.run(LoginContext.java:680)
	at java.security.AccessController.doPrivileged(Native Method)
	at javax.security.auth.login.LoginContext.invokePriv(LoginContext.java:680)
	at javax.security.auth.login.LoginContext.login(LoginContext.java:587)
	at org.apache.kafka.common.security.authenticator.AbstractLogin.login(AbstractLogin.java:60)
	at org.apache.kafka.common.security.authenticator.LoginManager.&lt;init&gt;(LoginManager.java:62)
	at org.apache.kafka.common.security.authenticator.LoginManager.acquireLoginManager(LoginManager.java:105)
	at org.apache.kafka.common.network.SaslChannelBuilder.configure(SaslChannelBuilder.java:158)
	at org.apache.kafka.common.network.ChannelBuilders.create(ChannelBuilders.java:157)
	at org.apache.kafka.common.network.ChannelBuilders.serverChannelBuilder(ChannelBuilders.java:97)
	at org.apache.kafka.common.network.NioEchoServer.&lt;init&gt;(NioEchoServer.java:119)
	at org.apache.kafka.common.network.NioEchoServer.&lt;init&gt;(NioEchoServer.java:94)
	at org.apache.kafka.common.network.NetworkTestUtils.createEchoServer(NetworkTestUtils.java:49)
	at org.apache.kafka.common.network.NetworkTestUtils.createEchoServer(NetworkTestUtils.java:43)
	at org.apache.kafka.common.security.authenticator.SaslAuthenticatorTest.createEchoServer(SaslAuthenticatorTest.java:2088)
	at org.apache.kafka.common.security.authenticator.SaslAuthenticatorTest.createEchoServer(SaslAuthenticatorTest.java:2084)
	at org.apache.kafka.common.security.authenticator.SaslAuthenticatorTest.testValidSaslOauthBearerMechanismWithoutServerTokens(SaslAuthenticatorTest.java:1766)
	at sun.reflect.NativeMethodAccessorImpl.invoke0(Native Method)
	at sun.reflect.NativeMethodAccessorImpl.invoke(NativeMethodAccessorImpl.java:62)
	at sun.reflect.DelegatingMethodAccessorImpl.invoke(DelegatingMethodAccessorImpl.java:43)
	at java.lang.reflect.Method.invoke(Method.java:498)
	at org.junit.runners.model.FrameworkMethod$1.runReflectiveCall(FrameworkMethod.java:59)
	at org.junit.internal.runners.model.ReflectiveCallable.run(ReflectiveCallable.java:12)
	at org.junit.runners.model.FrameworkMethod.invokeExplosively(FrameworkMethod.java:56)
	at org.junit.internal.runners.statements.InvokeMethod.evaluate(InvokeMethod.java:17)
	at org.junit.internal.runners.statements.RunBefores.evaluate(RunBefores.java:26)
	at org.junit.internal.runners.statements.RunAfters.evaluate(RunAfters.java:27)
	at org.junit.runners.ParentRunner$3.evaluate(ParentRunner.java:306)
	at org.junit.runners.BlockJUnit4ClassRunner$1.evaluate(BlockJUnit4ClassRunner.java:100)
	at org.junit.runners.ParentRunner.runLeaf(ParentRunner.java:366)
	at org.junit.runners.BlockJUnit4ClassRunner.runChild(BlockJUnit4ClassRunner.java:103)
	at org.junit.runners.BlockJUnit4ClassRunner.runChild(BlockJUnit4ClassRunner.java:63)
	at org.junit.runners.ParentRunner$4.run(ParentRunner.java:331)
	at org.junit.runners.ParentRunner$1.schedule(ParentRunner.java:79)
	at org.junit.runners.ParentRunner.runChildren(ParentRunner.java:329)
	at org.junit.runners.ParentRunner.access$100(ParentRunner.java:66)
	at org.junit.runners.ParentRunner$2.evaluate(ParentRunner.java:293)
	at org.junit.runners.ParentRunner$3.evaluate(ParentRunner.java:306)
	at org.junit.runners.ParentRunner.run(ParentRunner.java:413)
	at org.gradle.api.internal.tasks.testing.junit.JUnitTestClassExecutor.runTestClass(JUnitTestClassExecutor.java:110)
	at org.gradle.api.internal.tasks.testing.junit.JUnitTestClassExecutor.execute(JUnitTestClassExecutor.java:58)
	at org.gradle.api.internal.tasks.testing.junit.JUnitTestClassExecutor.execute(JUnitTestClassExecutor.java:38)
	at org.gradle.api.internal.tasks.testing.junit.AbstractJUnitTestClassProcessor.processTestClass(AbstractJUnitTestClassProcessor.java:62)
	at org.gradle.api.internal.tasks.testing.SuiteTestClassProcessor.processTestClass(SuiteTestClassProcessor.java:51)
	at sun.reflect.NativeMethodAccessorImpl.invoke0(Native Method)
	at sun.reflect.NativeMethodAccessorImpl.invoke(NativeMethodAccessorImpl.java:62)
	at sun.reflect.DelegatingMethodAccessorImpl.invoke(DelegatingMethodAccessorImpl.java:43)
	at java.lang.reflect.Method.invoke(Method.java:498)
	at org.gradle.internal.dispatch.ReflectionDispatch.dispatch(ReflectionDispatch.java:36)
	at org.gradle.internal.dispatch.ReflectionDispatch.dispatch(ReflectionDispatch.java:24)
	at org.gradle.internal.dispatch.ContextClassLoaderDispatch.dispatch(ContextClassLoaderDispatch.java:33)
	at org.gradle.internal.dispatch.ProxyDispatchAdapter$DispatchingInvocationHandler.invoke(ProxyDispatchAdapter.java:94)
	at com.sun.proxy.$Proxy2.processTestClass(Unknown Source)
	at org.gradle.api.internal.tasks.testing.worker.TestWorker.processTestClass(TestWorker.java:119)
	at sun.reflect.NativeMethodAccessorImpl.invoke0(Native Method)
	at sun.reflect.NativeMethodAccessorImpl.invoke(NativeMethodAccessorImpl.java:62)
	at sun.reflect.DelegatingMethodAccessorImpl.invoke(DelegatingMethodAccessorImpl.java:43)
	at java.lang.reflect.Method.invoke(Method.java:498)
	at org.gradle.internal.dispatch.ReflectionDispatch.dispatch(ReflectionDispatch.java:36)
	at org.gradle.internal.dispatch.ReflectionDispatch.dispatch(ReflectionDispatch.java:24)
	at org.gradle.internal.remote.internal.hub.MessageHubBackedObjectConnection$DispatchWrapper.dispatch(MessageHubBackedObjectConnection.java:182)
	at org.gradle.internal.remote.internal.hub.MessageHubBackedObjectConnection$DispatchWrapper.dispatch(MessageHubBackedObjectConnection.java:164)
	at org.gradle.internal.remote.internal.hub.MessageHub$Handler.run(MessageHub.java:414)
	at org.gradle.internal.concurrent.ExecutorPolicy$CatchAndRecordFailures.onExecute(ExecutorPolicy.java:64)
	at org.gradle.internal.concurrent.ManagedExecutorImpl$1.run(ManagedExecutorImpl.java:48)
	at java.util.concurrent.ThreadPoolExecutor.runWorker(ThreadPoolExecutor.java:1149)
	at java.util.concurrent.ThreadPoolExecutor$Worker.run(ThreadPoolExecutor.java:624)
	at org.gradle.internal.concurrent.ThreadFactoryImpl$ManagedThreadRunnable.run(ThreadFactoryImpl.java:56)
	at java.lang.Thread.run(Thread.java:748)
Caused by: org.apache.kafka.common.security.oauthbearer.internals.unsecured.OAuthBearerConfigException: Extensions provided in login context without a token
	at org.apache.kafka.common.security.oauthbearer.internals.unsecured.OAuthBearerUnsecuredLoginCallbackHandler.handleTokenCallback(OAuthBearerUnsecuredLoginCallbackHandler.java:191)
	at org.apache.kafka.common.security.oauthbearer.internals.unsecured.OAuthBearerUnsecuredLoginCallbackHandler.handle(OAuthBearerUnsecuredLoginCallbackHandler.java:162)
	... 78 more
</pre>
</span>
</div>
</div>
<div id="footer">
<p>
<div>
<label class="hidden" id="label-for-line-wrapping-toggle" for="line-wrapping-toggle">Wrap lines
<input id="line-wrapping-toggle" type="checkbox" autocomplete="off"/>
</label>
</div>Generated by 
<a href="http://www.gradle.org">Gradle 6.7</a> at 2022-9-3 18:41:18</p>
</div>
</div>
</body>
</html>
