<!DOCTYPE html>
<html>
<head>
<meta http-equiv="Content-Type" content="text/html; charset=utf-8"/>
<meta http-equiv="x-ua-compatible" content="IE=edge"/>
<title>Test results - Class org.apache.kafka.common.network.SslSelectorTest</title>
<link href="../css/base-style.css" rel="stylesheet" type="text/css"/>
<link href="../css/style.css" rel="stylesheet" type="text/css"/>
<script src="../js/report.js" type="text/javascript"></script>
</head>
<body>
<div id="content">
<h1>Class org.apache.kafka.common.network.SslSelectorTest</h1>
<div class="breadcrumbs">
<a href="../index.html">all</a> &gt; 
<a href="../packages/org.apache.kafka.common.network.html">org.apache.kafka.common.network</a> &gt; SslSelectorTest</div>
<div id="summary">
<table>
<tr>
<td>
<div class="summaryGroup">
<table>
<tr>
<td>
<div class="infoBox" id="tests">
<div class="counter">38</div>
<p>tests</p>
</div>
</td>
<td>
<div class="infoBox" id="failures">
<div class="counter">0</div>
<p>failures</p>
</div>
</td>
<td>
<div class="infoBox" id="ignored">
<div class="counter">0</div>
<p>ignored</p>
</div>
</td>
<td>
<div class="infoBox" id="duration">
<div class="counter">24.447s</div>
<p>duration</p>
</div>
</td>
</tr>
</table>
</div>
</td>
<td>
<div class="infoBox success" id="successRate">
<div class="percent">100%</div>
<p>successful</p>
</div>
</td>
</tr>
</table>
</div>
<div id="tabs">
<ul class="tabLinks">
<li>
<a href="#tab0">Tests</a>
</li>
<li>
<a href="#tab1">Standard output</a>
</li>
</ul>
<div id="tab0" class="tab">
<h2>Tests</h2>
<table>
<thead>
<tr>
<th>Test</th>
<th>Duration</th>
<th>Result</th>
</tr>
</thead>
<tr>
<td class="success">registerFailure</td>
<td class="success">0.197s</td>
<td class="success">passed</td>
</tr>
<tr>
<td class="success">testBytesBufferedChannelAfterMute</td>
<td class="success">0.435s</td>
<td class="success">passed</td>
</tr>
<tr>
<td class="success">testBytesBufferedChannelWithNoIncomingBytes</td>
<td class="success">0.565s</td>
<td class="success">passed</td>
</tr>
<tr>
<td class="success">testCantSendWithInProgress</td>
<td class="success">0.348s</td>
<td class="success">passed</td>
</tr>
<tr>
<td class="success">testCantSendWithoutConnecting</td>
<td class="success">0.058s</td>
<td class="success">passed</td>
</tr>
<tr>
<td class="success">testChannelCloseWhileProcessingReceives</td>
<td class="success">0.143s</td>
<td class="success">passed</td>
</tr>
<tr>
<td class="success">testClearCompletedSendsAndReceives</td>
<td class="success">0.176s</td>
<td class="success">passed</td>
</tr>
<tr>
<td class="success">testCloseAllChannels</td>
<td class="success">0.224s</td>
<td class="success">passed</td>
</tr>
<tr>
<td class="success">testCloseOldestConnection</td>
<td class="success">0.227s</td>
<td class="success">passed</td>
</tr>
<tr>
<td class="success">testCloseOldestConnectionWithMultiplePendingReceives</td>
<td class="success">0.331s</td>
<td class="success">passed</td>
</tr>
<tr>
<td class="success">testConnectDisconnectDuringInSinglePoll</td>
<td class="success">0.166s</td>
<td class="success">passed</td>
</tr>
<tr>
<td class="success">testConnectException</td>
<td class="success">0.120s</td>
<td class="success">passed</td>
</tr>
<tr>
<td class="success">testConnectionRefused</td>
<td class="success">0.106s</td>
<td class="success">passed</td>
</tr>
<tr>
<td class="success">testConnectionWithCustomKeyManager</td>
<td class="success">0.951s</td>
<td class="success">passed</td>
</tr>
<tr>
<td class="success">testConnectionsByClientMetric</td>
<td class="success">0.221s</td>
<td class="success">passed</td>
</tr>
<tr>
<td class="success">testDisconnectWithIntermediateBufferedBytes</td>
<td class="success">0.515s</td>
<td class="success">passed</td>
</tr>
<tr>
<td class="success">testEmptyRequest</td>
<td class="success">0.140s</td>
<td class="success">passed</td>
</tr>
<tr>
<td class="success">testExistingConnectionId</td>
<td class="success">0.349s</td>
<td class="success">passed</td>
</tr>
<tr>
<td class="success">testExpireClosedConnectionWithPendingReceives</td>
<td class="success">0.169s</td>
<td class="success">passed</td>
</tr>
<tr>
<td class="success">testExpireConnectionWithPendingReceives</td>
<td class="success">0.102s</td>
<td class="success">passed</td>
</tr>
<tr>
<td class="success">testGracefulClose</td>
<td class="success">0.227s</td>
<td class="success">passed</td>
</tr>
<tr>
<td class="success">testIdleExpiryWithoutReadyKeys</td>
<td class="success">0.513s</td>
<td class="success">passed</td>
</tr>
<tr>
<td class="success">testImmediatelyConnectedCleaned</td>
<td class="success">0.168s</td>
<td class="success">passed</td>
</tr>
<tr>
<td class="success">testInboundConnectionsCountInConnectionCreationMetric</td>
<td class="success">0.331s</td>
<td class="success">passed</td>
</tr>
<tr>
<td class="success">testLargeMessageSequence</td>
<td class="success">1.025s</td>
<td class="success">passed</td>
</tr>
<tr>
<td class="success">testLowestPriorityChannel</td>
<td class="success">0.261s</td>
<td class="success">passed</td>
</tr>
<tr>
<td class="success">testMetricsCleanupOnSelectorClose</td>
<td class="success">0.569s</td>
<td class="success">passed</td>
</tr>
<tr>
<td class="success">testMute</td>
<td class="success">0.072s</td>
<td class="success">passed</td>
</tr>
<tr>
<td class="success">testMuteOnOOM</td>
<td class="success">0.517s</td>
<td class="success">passed</td>
</tr>
<tr>
<td class="success">testNoRouteToHost</td>
<td class="success">11.456s</td>
<td class="success">passed</td>
</tr>
<tr>
<td class="success">testNormalOperation</td>
<td class="success">0.655s</td>
<td class="success">passed</td>
</tr>
<tr>
<td class="success">testOutboundConnectionsCountInConnectionCreationMetric</td>
<td class="success">1.197s</td>
<td class="success">passed</td>
</tr>
<tr>
<td class="success">testPartialReceiveGracefulClose</td>
<td class="success">0.234s</td>
<td class="success">passed</td>
</tr>
<tr>
<td class="success">testPartialSendAndReceiveReflectedInMetrics</td>
<td class="success">0.643s</td>
<td class="success">passed</td>
</tr>
<tr>
<td class="success">testRenegotiationFails</td>
<td class="success">0.225s</td>
<td class="success">passed</td>
</tr>
<tr>
<td class="success">testSendLargeRequest</td>
<td class="success">0.178s</td>
<td class="success">passed</td>
</tr>
<tr>
<td class="success">testServerDisconnect</td>
<td class="success">0.489s</td>
<td class="success">passed</td>
</tr>
<tr>
<td class="success">testWriteCompletesSendWithNoBytesWritten</td>
<td class="success">0.144s</td>
<td class="success">passed</td>
</tr>
</table>
</div>
<div id="tab1" class="tab">
<h2>Standard output</h2>
<span class="code">
<pre>[2022-09-03 18:40:52,813] ERROR [SslTransportLayer channelId=0 key=sun.nio.ch.SelectionKeyImpl@6e7368e] Renegotiation requested, but it is not supported, channelId 0, appReadBuffer pos 0, netReadBuffer pos 0, netWriteBuffer pos 69 handshakeStatus NEED_TASK (org.apache.kafka.common.network.SslTransportLayer:585)
[2022-09-03 18:40:52,813] ERROR [SslTransportLayer channelId=0 key=sun.nio.ch.SelectionKeyImpl@6e7368e] Renegotiation requested, but it is not supported, channelId 0, appReadBuffer pos 0, netReadBuffer pos 690, netWriteBuffer pos 69 handshakeStatus NEED_TASK (org.apache.kafka.common.network.SslTransportLayer:585)
[2022-09-03 18:40:56,747] ERROR Failed to close release connections with type org.apache.kafka.common.network.Selector$$Lambda$25/230423981 (org.apache.kafka.common.utils.Utils:981)
java.lang.RuntimeException: you should fail
	at org.apache.kafka.common.network.SelectorTest$2$1.close(SelectorTest.java:419)
	at org.apache.kafka.common.network.Selector.doClose(Selector.java:951)
	at org.apache.kafka.common.network.Selector.close(Selector.java:935)
	at org.apache.kafka.common.network.Selector.close(Selector.java:881)
	at org.apache.kafka.common.network.Selector.lambda$null$0(Selector.java:368)
	at org.apache.kafka.common.utils.Utils.closeQuietly(Utils.java:978)
	at org.apache.kafka.common.utils.Utils.closeAllQuietly(Utils.java:993)
	at org.apache.kafka.common.network.Selector.close(Selector.java:367)
	at org.junit.Assert.assertThrows(Assert.java:1001)
	at org.junit.Assert.assertThrows(Assert.java:981)
	at org.apache.kafka.common.network.SelectorTest.testCloseAllChannels(SelectorTest.java:429)
	at sun.reflect.NativeMethodAccessorImpl.invoke0(Native Method)
	at sun.reflect.NativeMethodAccessorImpl.invoke(NativeMethodAccessorImpl.java:62)
	at sun.reflect.DelegatingMethodAccessorImpl.invoke(DelegatingMethodAccessorImpl.java:43)
	at java.lang.reflect.Method.invoke(Method.java:498)
	at org.junit.runners.model.FrameworkMethod$1.runReflectiveCall(FrameworkMethod.java:59)
	at org.junit.internal.runners.model.ReflectiveCallable.run(ReflectiveCallable.java:12)
	at org.junit.runners.model.FrameworkMethod.invokeExplosively(FrameworkMethod.java:56)
	at org.junit.internal.runners.statements.InvokeMethod.evaluate(InvokeMethod.java:17)
	at org.junit.internal.runners.statements.RunBefores.evaluate(RunBefores.java:26)
	at org.junit.internal.runners.statements.RunAfters.evaluate(RunAfters.java:27)
	at org.junit.internal.runners.statements.FailOnTimeout$CallableStatement.call(FailOnTimeout.java:288)
	at org.junit.internal.runners.statements.FailOnTimeout$CallableStatement.call(FailOnTimeout.java:282)
	at java.util.concurrent.FutureTask.run(FutureTask.java:266)
	at java.lang.Thread.run(Thread.java:748)
[2022-09-03 18:40:57,199] ERROR Unexpected exception during send, closing connection 0 and rethrowing exception {} (org.apache.kafka.common.network.Selector:402)
java.lang.IllegalStateException: Attempt to begin a send operation with prior send operation still in progress, connection id is 0
	at org.apache.kafka.common.network.KafkaChannel.setSend(KafkaChannel.java:376)
	at org.apache.kafka.common.network.Selector.send(Selector.java:394)
	at org.apache.kafka.common.network.SelectorTest.testCantSendWithInProgress(SelectorTest.java:167)
	at sun.reflect.NativeMethodAccessorImpl.invoke0(Native Method)
	at sun.reflect.NativeMethodAccessorImpl.invoke(NativeMethodAccessorImpl.java:62)
	at sun.reflect.DelegatingMethodAccessorImpl.invoke(DelegatingMethodAccessorImpl.java:43)
	at java.lang.reflect.Method.invoke(Method.java:498)
	at org.junit.runners.model.FrameworkMethod$1.runReflectiveCall(FrameworkMethod.java:59)
	at org.junit.internal.runners.model.ReflectiveCallable.run(ReflectiveCallable.java:12)
	at org.junit.runners.model.FrameworkMethod.invokeExplosively(FrameworkMethod.java:56)
	at org.junit.internal.runners.statements.InvokeMethod.evaluate(InvokeMethod.java:17)
	at org.junit.internal.runners.statements.RunBefores.evaluate(RunBefores.java:26)
	at org.junit.internal.runners.statements.RunAfters.evaluate(RunAfters.java:27)
	at org.junit.internal.runners.statements.FailOnTimeout$CallableStatement.call(FailOnTimeout.java:288)
	at org.junit.internal.runners.statements.FailOnTimeout$CallableStatement.call(FailOnTimeout.java:282)
	at java.util.concurrent.FutureTask.run(FutureTask.java:266)
	at java.lang.Thread.run(Thread.java:748)
[2022-09-03 18:41:00,257] ERROR Failed to close release connections with type org.apache.kafka.common.network.Selector$$Lambda$25/230423981 (org.apache.kafka.common.utils.Utils:981)
java.lang.RuntimeException
	at org.apache.kafka.common.network.SelectorTest$5.close(SelectorTest.java:942)
	at org.apache.kafka.common.network.Selector.lambda$null$0(Selector.java:368)
	at org.apache.kafka.common.utils.Utils.closeQuietly(Utils.java:978)
	at org.apache.kafka.common.utils.Utils.closeAllQuietly(Utils.java:993)
	at org.apache.kafka.common.network.Selector.close(Selector.java:367)
	at org.junit.Assert.assertThrows(Assert.java:1001)
	at org.junit.Assert.assertThrows(Assert.java:981)
	at org.apache.kafka.common.network.SelectorTest.testMetricsCleanupOnSelectorClose(SelectorTest.java:950)
	at sun.reflect.NativeMethodAccessorImpl.invoke0(Native Method)
	at sun.reflect.NativeMethodAccessorImpl.invoke(NativeMethodAccessorImpl.java:62)
	at sun.reflect.DelegatingMethodAccessorImpl.invoke(DelegatingMethodAccessorImpl.java:43)
	at java.lang.reflect.Method.invoke(Method.java:498)
	at org.junit.runners.model.FrameworkMethod$1.runReflectiveCall(FrameworkMethod.java:59)
	at org.junit.internal.runners.model.ReflectiveCallable.run(ReflectiveCallable.java:12)
	at org.junit.runners.model.FrameworkMethod.invokeExplosively(FrameworkMethod.java:56)
	at org.junit.internal.runners.statements.InvokeMethod.evaluate(InvokeMethod.java:17)
	at org.junit.internal.runners.statements.RunBefores.evaluate(RunBefores.java:26)
	at org.junit.internal.runners.statements.RunAfters.evaluate(RunAfters.java:27)
	at org.junit.internal.runners.statements.FailOnTimeout$CallableStatement.call(FailOnTimeout.java:288)
	at org.junit.internal.runners.statements.FailOnTimeout$CallableStatement.call(FailOnTimeout.java:282)
	at java.util.concurrent.FutureTask.run(FutureTask.java:266)
	at java.lang.Thread.run(Thread.java:748)
</pre>
</span>
</div>
</div>
<div id="footer">
<p>
<div>
<label class="hidden" id="label-for-line-wrapping-toggle" for="line-wrapping-toggle">Wrap lines
<input id="line-wrapping-toggle" type="checkbox" autocomplete="off"/>
</label>
</div>Generated by 
<a href="http://www.gradle.org">Gradle 6.7</a> at 2022-9-3 18:41:18</p>
</div>
</div>
</body>
</html>
