<!DOCTYPE html>
<html>
<head>
<meta http-equiv="Content-Type" content="text/html; charset=utf-8"/>
<meta http-equiv="x-ua-compatible" content="IE=edge"/>
<title>Test results - Class org.apache.kafka.common.network.SslTransportLayerTest</title>
<link href="../css/base-style.css" rel="stylesheet" type="text/css"/>
<link href="../css/style.css" rel="stylesheet" type="text/css"/>
<script src="../js/report.js" type="text/javascript"></script>
</head>
<body>
<div id="content">
<h1>Class org.apache.kafka.common.network.SslTransportLayerTest</h1>
<div class="breadcrumbs">
<a href="../index.html">all</a> &gt; 
<a href="../packages/org.apache.kafka.common.network.html">org.apache.kafka.common.network</a> &gt; SslTransportLayerTest</div>
<div id="summary">
<table>
<tr>
<td>
<div class="summaryGroup">
<table>
<tr>
<td>
<div class="infoBox" id="tests">
<div class="counter">104</div>
<p>tests</p>
</div>
</td>
<td>
<div class="infoBox" id="failures">
<div class="counter">0</div>
<p>failures</p>
</div>
</td>
<td>
<div class="infoBox" id="ignored">
<div class="counter">0</div>
<p>ignored</p>
</div>
</td>
<td>
<div class="infoBox" id="duration">
<div class="counter">3m38.85s</div>
<p>duration</p>
</div>
</td>
</tr>
</table>
</div>
</td>
<td>
<div class="infoBox success" id="successRate">
<div class="percent">100%</div>
<p>successful</p>
</div>
</td>
</tr>
</table>
</div>
<div id="tabs">
<ul class="tabLinks">
<li>
<a href="#tab0">Tests</a>
</li>
<li>
<a href="#tab1">Standard output</a>
</li>
</ul>
<div id="tab0" class="tab">
<h2>Tests</h2>
<table>
<thead>
<tr>
<th>Test</th>
<th>Duration</th>
<th>Result</th>
</tr>
</thead>
<tr>
<td class="success">testApplicationBufferResize[tlsProtocol=TLSv1.2, useInlinePem=false]</td>
<td class="success">0.755s</td>
<td class="success">passed</td>
</tr>
<tr>
<td class="success">testApplicationBufferResize[tlsProtocol=TLSv1.2, useInlinePem=true]</td>
<td class="success">0.681s</td>
<td class="success">passed</td>
</tr>
<tr>
<td class="success">testClientAuthenticationDisabledNotProvided[tlsProtocol=TLSv1.2, useInlinePem=false]</td>
<td class="success">1.053s</td>
<td class="success">passed</td>
</tr>
<tr>
<td class="success">testClientAuthenticationDisabledNotProvided[tlsProtocol=TLSv1.2, useInlinePem=true]</td>
<td class="success">0.914s</td>
<td class="success">passed</td>
</tr>
<tr>
<td class="success">testClientAuthenticationDisabledUntrustedProvided[tlsProtocol=TLSv1.2, useInlinePem=false]</td>
<td class="success">0.648s</td>
<td class="success">passed</td>
</tr>
<tr>
<td class="success">testClientAuthenticationDisabledUntrustedProvided[tlsProtocol=TLSv1.2, useInlinePem=true]</td>
<td class="success">0.693s</td>
<td class="success">passed</td>
</tr>
<tr>
<td class="success">testClientAuthenticationRequestedNotProvided[tlsProtocol=TLSv1.2, useInlinePem=false]</td>
<td class="success">0.968s</td>
<td class="success">passed</td>
</tr>
<tr>
<td class="success">testClientAuthenticationRequestedNotProvided[tlsProtocol=TLSv1.2, useInlinePem=true]</td>
<td class="success">1.216s</td>
<td class="success">passed</td>
</tr>
<tr>
<td class="success">testClientAuthenticationRequestedValidProvided[tlsProtocol=TLSv1.2, useInlinePem=false]</td>
<td class="success">0.497s</td>
<td class="success">passed</td>
</tr>
<tr>
<td class="success">testClientAuthenticationRequestedValidProvided[tlsProtocol=TLSv1.2, useInlinePem=true]</td>
<td class="success">0.913s</td>
<td class="success">passed</td>
</tr>
<tr>
<td class="success">testClientAuthenticationRequiredNotProvided[tlsProtocol=TLSv1.2, useInlinePem=false]</td>
<td class="success">0.418s</td>
<td class="success">passed</td>
</tr>
<tr>
<td class="success">testClientAuthenticationRequiredNotProvided[tlsProtocol=TLSv1.2, useInlinePem=true]</td>
<td class="success">1.104s</td>
<td class="success">passed</td>
</tr>
<tr>
<td class="success">testClientAuthenticationRequiredUntrustedProvided[tlsProtocol=TLSv1.2, useInlinePem=false]</td>
<td class="success">0.771s</td>
<td class="success">passed</td>
</tr>
<tr>
<td class="success">testClientAuthenticationRequiredUntrustedProvided[tlsProtocol=TLSv1.2, useInlinePem=true]</td>
<td class="success">0.518s</td>
<td class="success">passed</td>
</tr>
<tr>
<td class="success">testClientAuthenticationRequiredValidProvided[tlsProtocol=TLSv1.2, useInlinePem=false]</td>
<td class="success">0.680s</td>
<td class="success">passed</td>
</tr>
<tr>
<td class="success">testClientAuthenticationRequiredValidProvided[tlsProtocol=TLSv1.2, useInlinePem=true]</td>
<td class="success">0.613s</td>
<td class="success">passed</td>
</tr>
<tr>
<td class="success">testClientEndpointNotValidated[tlsProtocol=TLSv1.2, useInlinePem=false]</td>
<td class="success">1.047s</td>
<td class="success">passed</td>
</tr>
<tr>
<td class="success">testClientEndpointNotValidated[tlsProtocol=TLSv1.2, useInlinePem=true]</td>
<td class="success">1.944s</td>
<td class="success">passed</td>
</tr>
<tr>
<td class="success">testClosePlaintext[tlsProtocol=TLSv1.2, useInlinePem=false]</td>
<td class="success">0.430s</td>
<td class="success">passed</td>
</tr>
<tr>
<td class="success">testClosePlaintext[tlsProtocol=TLSv1.2, useInlinePem=true]</td>
<td class="success">0.645s</td>
<td class="success">passed</td>
</tr>
<tr>
<td class="success">testCloseSsl[tlsProtocol=TLSv1.2, useInlinePem=false]</td>
<td class="success">1.347s</td>
<td class="success">passed</td>
</tr>
<tr>
<td class="success">testCloseSsl[tlsProtocol=TLSv1.2, useInlinePem=true]</td>
<td class="success">1.295s</td>
<td class="success">passed</td>
</tr>
<tr>
<td class="success">testCustomClientAndServerSslEngineFactory[tlsProtocol=TLSv1.2, useInlinePem=false]</td>
<td class="success">1.077s</td>
<td class="success">passed</td>
</tr>
<tr>
<td class="success">testCustomClientAndServerSslEngineFactory[tlsProtocol=TLSv1.2, useInlinePem=true]</td>
<td class="success">0.914s</td>
<td class="success">passed</td>
</tr>
<tr>
<td class="success">testCustomClientSslEngineFactory[tlsProtocol=TLSv1.2, useInlinePem=false]</td>
<td class="success">1.080s</td>
<td class="success">passed</td>
</tr>
<tr>
<td class="success">testCustomClientSslEngineFactory[tlsProtocol=TLSv1.2, useInlinePem=true]</td>
<td class="success">1.134s</td>
<td class="success">passed</td>
</tr>
<tr>
<td class="success">testCustomServerSslEngineFactory[tlsProtocol=TLSv1.2, useInlinePem=false]</td>
<td class="success">0.336s</td>
<td class="success">passed</td>
</tr>
<tr>
<td class="success">testCustomServerSslEngineFactory[tlsProtocol=TLSv1.2, useInlinePem=true]</td>
<td class="success">0.848s</td>
<td class="success">passed</td>
</tr>
<tr>
<td class="success">testDsaKeyPair[tlsProtocol=TLSv1.2, useInlinePem=false]</td>
<td class="success">0.867s</td>
<td class="success">passed</td>
</tr>
<tr>
<td class="success">testDsaKeyPair[tlsProtocol=TLSv1.2, useInlinePem=true]</td>
<td class="success">1.259s</td>
<td class="success">passed</td>
</tr>
<tr>
<td class="success">testECKeyPair[tlsProtocol=TLSv1.2, useInlinePem=false]</td>
<td class="success">1.161s</td>
<td class="success">passed</td>
</tr>
<tr>
<td class="success">testECKeyPair[tlsProtocol=TLSv1.2, useInlinePem=true]</td>
<td class="success">0.740s</td>
<td class="success">passed</td>
</tr>
<tr>
<td class="success">testEndpointIdentificationDisabled[tlsProtocol=TLSv1.2, useInlinePem=false]</td>
<td class="success">0.990s</td>
<td class="success">passed</td>
</tr>
<tr>
<td class="success">testEndpointIdentificationDisabled[tlsProtocol=TLSv1.2, useInlinePem=true]</td>
<td class="success">1.748s</td>
<td class="success">passed</td>
</tr>
<tr>
<td class="success">testEndpointIdentificationNoReverseLookup[tlsProtocol=TLSv1.2, useInlinePem=false]</td>
<td class="success">0.738s</td>
<td class="success">passed</td>
</tr>
<tr>
<td class="success">testEndpointIdentificationNoReverseLookup[tlsProtocol=TLSv1.2, useInlinePem=true]</td>
<td class="success">1.137s</td>
<td class="success">passed</td>
</tr>
<tr>
<td class="success">testGracefulRemoteCloseDuringHandshakeRead[tlsProtocol=TLSv1.2, useInlinePem=false]</td>
<td class="success">3.315s</td>
<td class="success">passed</td>
</tr>
<tr>
<td class="success">testGracefulRemoteCloseDuringHandshakeRead[tlsProtocol=TLSv1.2, useInlinePem=true]</td>
<td class="success">16.735s</td>
<td class="success">passed</td>
</tr>
<tr>
<td class="success">testGracefulRemoteCloseDuringHandshakeWrite[tlsProtocol=TLSv1.2, useInlinePem=false]</td>
<td class="success">3.447s</td>
<td class="success">passed</td>
</tr>
<tr>
<td class="success">testGracefulRemoteCloseDuringHandshakeWrite[tlsProtocol=TLSv1.2, useInlinePem=true]</td>
<td class="success">20.946s</td>
<td class="success">passed</td>
</tr>
<tr>
<td class="success">testIOExceptionsDuringHandshakeRead[tlsProtocol=TLSv1.2, useInlinePem=false]</td>
<td class="success">2.630s</td>
<td class="success">passed</td>
</tr>
<tr>
<td class="success">testIOExceptionsDuringHandshakeRead[tlsProtocol=TLSv1.2, useInlinePem=true]</td>
<td class="success">26.664s</td>
<td class="success">passed</td>
</tr>
<tr>
<td class="success">testIOExceptionsDuringHandshakeWrite[tlsProtocol=TLSv1.2, useInlinePem=false]</td>
<td class="success">2.435s</td>
<td class="success">passed</td>
</tr>
<tr>
<td class="success">testIOExceptionsDuringHandshakeWrite[tlsProtocol=TLSv1.2, useInlinePem=true]</td>
<td class="success">18.166s</td>
<td class="success">passed</td>
</tr>
<tr>
<td class="success">testInterBrokerSslConfigValidationFailure[tlsProtocol=TLSv1.2, useInlinePem=false]</td>
<td class="success">0.993s</td>
<td class="success">passed</td>
</tr>
<tr>
<td class="success">testInterBrokerSslConfigValidationFailure[tlsProtocol=TLSv1.2, useInlinePem=true]</td>
<td class="success">0.804s</td>
<td class="success">passed</td>
</tr>
<tr>
<td class="success">testInterBrokerSslConfigValidation[tlsProtocol=TLSv1.2, useInlinePem=false]</td>
<td class="success">0.341s</td>
<td class="success">passed</td>
</tr>
<tr>
<td class="success">testInterBrokerSslConfigValidation[tlsProtocol=TLSv1.2, useInlinePem=true]</td>
<td class="success">1.132s</td>
<td class="success">passed</td>
</tr>
<tr>
<td class="success">testInvalidEndpointIdentification[tlsProtocol=TLSv1.2, useInlinePem=false]</td>
<td class="success">0.929s</td>
<td class="success">passed</td>
</tr>
<tr>
<td class="success">testInvalidEndpointIdentification[tlsProtocol=TLSv1.2, useInlinePem=true]</td>
<td class="success">0.728s</td>
<td class="success">passed</td>
</tr>
<tr>
<td class="success">testInvalidKeyPassword[tlsProtocol=TLSv1.2, useInlinePem=false]</td>
<td class="success">0.549s</td>
<td class="success">passed</td>
</tr>
<tr>
<td class="success">testInvalidKeyPassword[tlsProtocol=TLSv1.2, useInlinePem=true]</td>
<td class="success">0.556s</td>
<td class="success">passed</td>
</tr>
<tr>
<td class="success">testInvalidKeystorePassword[tlsProtocol=TLSv1.2, useInlinePem=false]</td>
<td class="success">0.784s</td>
<td class="success">passed</td>
</tr>
<tr>
<td class="success">testInvalidKeystorePassword[tlsProtocol=TLSv1.2, useInlinePem=true]</td>
<td class="success">0.350s</td>
<td class="success">passed</td>
</tr>
<tr>
<td class="success">testInvalidSecureRandomImplementation[tlsProtocol=TLSv1.2, useInlinePem=false]</td>
<td class="success">0.687s</td>
<td class="success">passed</td>
</tr>
<tr>
<td class="success">testInvalidSecureRandomImplementation[tlsProtocol=TLSv1.2, useInlinePem=true]</td>
<td class="success">0.758s</td>
<td class="success">passed</td>
</tr>
<tr>
<td class="success">testInvalidSslEngineFactory[tlsProtocol=TLSv1.2, useInlinePem=false]</td>
<td class="success">0.242s</td>
<td class="success">passed</td>
</tr>
<tr>
<td class="success">testInvalidSslEngineFactory[tlsProtocol=TLSv1.2, useInlinePem=true]</td>
<td class="success">0.862s</td>
<td class="success">passed</td>
</tr>
<tr>
<td class="success">testInvalidTruststorePassword[tlsProtocol=TLSv1.2, useInlinePem=false]</td>
<td class="success">0.555s</td>
<td class="success">passed</td>
</tr>
<tr>
<td class="success">testInvalidTruststorePassword[tlsProtocol=TLSv1.2, useInlinePem=true]</td>
<td class="success">1.007s</td>
<td class="success">passed</td>
</tr>
<tr>
<td class="success">testListenerConfigOverride[tlsProtocol=TLSv1.2, useInlinePem=false]</td>
<td class="success">0.758s</td>
<td class="success">passed</td>
</tr>
<tr>
<td class="success">testListenerConfigOverride[tlsProtocol=TLSv1.2, useInlinePem=true]</td>
<td class="success">1.121s</td>
<td class="success">passed</td>
</tr>
<tr>
<td class="success">testNetReadBufferResize[tlsProtocol=TLSv1.2, useInlinePem=false]</td>
<td class="success">0.414s</td>
<td class="success">passed</td>
</tr>
<tr>
<td class="success">testNetReadBufferResize[tlsProtocol=TLSv1.2, useInlinePem=true]</td>
<td class="success">0.947s</td>
<td class="success">passed</td>
</tr>
<tr>
<td class="success">testNetWriteBufferResize[tlsProtocol=TLSv1.2, useInlinePem=false]</td>
<td class="success">0.914s</td>
<td class="success">passed</td>
</tr>
<tr>
<td class="success">testNetWriteBufferResize[tlsProtocol=TLSv1.2, useInlinePem=true]</td>
<td class="success">0.740s</td>
<td class="success">passed</td>
</tr>
<tr>
<td class="success">testNetworkThreadTimeRecorded[tlsProtocol=TLSv1.2, useInlinePem=false]</td>
<td class="success">0.601s</td>
<td class="success">passed</td>
</tr>
<tr>
<td class="success">testNetworkThreadTimeRecorded[tlsProtocol=TLSv1.2, useInlinePem=true]</td>
<td class="success">1.354s</td>
<td class="success">passed</td>
</tr>
<tr>
<td class="success">testNullTruststorePassword[tlsProtocol=TLSv1.2, useInlinePem=false]</td>
<td class="success">1.312s</td>
<td class="success">passed</td>
</tr>
<tr>
<td class="success">testNullTruststorePassword[tlsProtocol=TLSv1.2, useInlinePem=true]</td>
<td class="success">0.698s</td>
<td class="success">passed</td>
</tr>
<tr>
<td class="success">testPeerNotifiedOfHandshakeFailure[tlsProtocol=TLSv1.2, useInlinePem=false]</td>
<td class="success">0.727s</td>
<td class="success">passed</td>
</tr>
<tr>
<td class="success">testPeerNotifiedOfHandshakeFailure[tlsProtocol=TLSv1.2, useInlinePem=true]</td>
<td class="success">2.155s</td>
<td class="success">passed</td>
</tr>
<tr>
<td class="success">testPemFilesWithoutClientKeyPassword[tlsProtocol=TLSv1.2, useInlinePem=false]</td>
<td class="success">0.676s</td>
<td class="success">passed</td>
</tr>
<tr>
<td class="success">testPemFilesWithoutClientKeyPassword[tlsProtocol=TLSv1.2, useInlinePem=true]</td>
<td class="success">0.838s</td>
<td class="success">passed</td>
</tr>
<tr>
<td class="success">testPemFilesWithoutServerKeyPassword[tlsProtocol=TLSv1.2, useInlinePem=false]</td>
<td class="success">0.662s</td>
<td class="success">passed</td>
</tr>
<tr>
<td class="success">testPemFilesWithoutServerKeyPassword[tlsProtocol=TLSv1.2, useInlinePem=true]</td>
<td class="success">0.913s</td>
<td class="success">passed</td>
</tr>
<tr>
<td class="success">testPemFiles[tlsProtocol=TLSv1.2, useInlinePem=false]</td>
<td class="success">1.483s</td>
<td class="success">passed</td>
</tr>
<tr>
<td class="success">testPemFiles[tlsProtocol=TLSv1.2, useInlinePem=true]</td>
<td class="success">0.924s</td>
<td class="success">passed</td>
</tr>
<tr>
<td class="success">testSelectorPollReadSize[tlsProtocol=TLSv1.2, useInlinePem=false]</td>
<td class="success">0.358s</td>
<td class="success">passed</td>
</tr>
<tr>
<td class="success">testSelectorPollReadSize[tlsProtocol=TLSv1.2, useInlinePem=true]</td>
<td class="success">0.864s</td>
<td class="success">passed</td>
</tr>
<tr>
<td class="success">testServerKeystoreDynamicUpdateWithNewSubjectAltName[tlsProtocol=TLSv1.2, useInlinePem=false]</td>
<td class="success">1.088s</td>
<td class="success">passed</td>
</tr>
<tr>
<td class="success">testServerKeystoreDynamicUpdateWithNewSubjectAltName[tlsProtocol=TLSv1.2, useInlinePem=true]</td>
<td class="success">1.799s</td>
<td class="success">passed</td>
</tr>
<tr>
<td class="success">testServerKeystoreDynamicUpdate[tlsProtocol=TLSv1.2, useInlinePem=false]</td>
<td class="success">1.000s</td>
<td class="success">passed</td>
</tr>
<tr>
<td class="success">testServerKeystoreDynamicUpdate[tlsProtocol=TLSv1.2, useInlinePem=true]</td>
<td class="success">2.483s</td>
<td class="success">passed</td>
</tr>
<tr>
<td class="success">testServerRequestMetrics[tlsProtocol=TLSv1.2, useInlinePem=false]</td>
<td class="success">0.631s</td>
<td class="success">passed</td>
</tr>
<tr>
<td class="success">testServerRequestMetrics[tlsProtocol=TLSv1.2, useInlinePem=true]</td>
<td class="success">1.004s</td>
<td class="success">passed</td>
</tr>
<tr>
<td class="success">testServerTruststoreDynamicUpdate[tlsProtocol=TLSv1.2, useInlinePem=false]</td>
<td class="success">0.701s</td>
<td class="success">passed</td>
</tr>
<tr>
<td class="success">testServerTruststoreDynamicUpdate[tlsProtocol=TLSv1.2, useInlinePem=true]</td>
<td class="success">2.879s</td>
<td class="success">passed</td>
</tr>
<tr>
<td class="success">testTlsDefaults[tlsProtocol=TLSv1.2, useInlinePem=false]</td>
<td class="success">0.456s</td>
<td class="success">passed</td>
</tr>
<tr>
<td class="success">testTlsDefaults[tlsProtocol=TLSv1.2, useInlinePem=true]</td>
<td class="success">1.281s</td>
<td class="success">passed</td>
</tr>
<tr>
<td class="success">testUngracefulRemoteCloseDuringHandshakeRead[tlsProtocol=TLSv1.2, useInlinePem=false]</td>
<td class="success">2.965s</td>
<td class="success">passed</td>
</tr>
<tr>
<td class="success">testUngracefulRemoteCloseDuringHandshakeRead[tlsProtocol=TLSv1.2, useInlinePem=true]</td>
<td class="success">14.841s</td>
<td class="success">passed</td>
</tr>
<tr>
<td class="success">testUngracefulRemoteCloseDuringHandshakeWrite[tlsProtocol=TLSv1.2, useInlinePem=false]</td>
<td class="success">2.354s</td>
<td class="success">passed</td>
</tr>
<tr>
<td class="success">testUngracefulRemoteCloseDuringHandshakeWrite[tlsProtocol=TLSv1.2, useInlinePem=true]</td>
<td class="success">17.781s</td>
<td class="success">passed</td>
</tr>
<tr>
<td class="success">testUnsupportedCiphers[tlsProtocol=TLSv1.2, useInlinePem=false]</td>
<td class="success">0.608s</td>
<td class="success">passed</td>
</tr>
<tr>
<td class="success">testUnsupportedCiphers[tlsProtocol=TLSv1.2, useInlinePem=true]</td>
<td class="success">1.272s</td>
<td class="success">passed</td>
</tr>
<tr>
<td class="success">testUnsupportedTLSVersion[tlsProtocol=TLSv1.2, useInlinePem=false]</td>
<td class="success">0.472s</td>
<td class="success">passed</td>
</tr>
<tr>
<td class="success">testUnsupportedTLSVersion[tlsProtocol=TLSv1.2, useInlinePem=true]</td>
<td class="success">1.221s</td>
<td class="success">passed</td>
</tr>
<tr>
<td class="success">testValidEndpointIdentificationCN[tlsProtocol=TLSv1.2, useInlinePem=false]</td>
<td class="success">0.988s</td>
<td class="success">passed</td>
</tr>
<tr>
<td class="success">testValidEndpointIdentificationCN[tlsProtocol=TLSv1.2, useInlinePem=true]</td>
<td class="success">1.789s</td>
<td class="success">passed</td>
</tr>
<tr>
<td class="success">testValidEndpointIdentificationSanDns[tlsProtocol=TLSv1.2, useInlinePem=false]</td>
<td class="success">1.167s</td>
<td class="success">passed</td>
</tr>
<tr>
<td class="success">testValidEndpointIdentificationSanDns[tlsProtocol=TLSv1.2, useInlinePem=true]</td>
<td class="success">0.647s</td>
<td class="success">passed</td>
</tr>
<tr>
<td class="success">testValidEndpointIdentificationSanIp[tlsProtocol=TLSv1.2, useInlinePem=false]</td>
<td class="success">1.013s</td>
<td class="success">passed</td>
</tr>
<tr>
<td class="success">testValidEndpointIdentificationSanIp[tlsProtocol=TLSv1.2, useInlinePem=true]</td>
<td class="success">1.161s</td>
<td class="success">passed</td>
</tr>
</table>
</div>
<div id="tab1" class="tab">
<h2>Standard output</h2>
<span class="code">
<pre>[2020-10-29 10:33:03,926] ERROR Modification time of key store could not be obtained: some.truststore.path (org.apache.kafka.common.security.ssl.DefaultSslEngineFactory:385)
java.nio.file.NoSuchFileException: some.truststore.path
	at sun.nio.fs.UnixException.translateToIOException(UnixException.java:86)
	at sun.nio.fs.UnixException.rethrowAsIOException(UnixException.java:102)
	at sun.nio.fs.UnixException.rethrowAsIOException(UnixException.java:107)
	at sun.nio.fs.UnixFileAttributeViews$Basic.readAttributes(UnixFileAttributeViews.java:55)
	at sun.nio.fs.UnixFileSystemProvider.readAttributes(UnixFileSystemProvider.java:144)
	at java.nio.file.Files.readAttributes(Files.java:1737)
	at java.nio.file.Files.getLastModifiedTime(Files.java:2266)
	at org.apache.kafka.common.security.ssl.DefaultSslEngineFactory$FileBasedStore.lastModifiedMs(DefaultSslEngineFactory.java:383)
	at org.apache.kafka.common.security.ssl.DefaultSslEngineFactory$FileBasedStore.&lt;init&gt;(DefaultSslEngineFactory.java:348)
	at org.apache.kafka.common.security.ssl.DefaultSslEngineFactory.createTruststore(DefaultSslEngineFactory.java:322)
	at org.apache.kafka.common.security.ssl.DefaultSslEngineFactory.configure(DefaultSslEngineFactory.java:168)
	at org.apache.kafka.common.security.ssl.SslFactory.instantiateSslEngineFactory(SslFactory.java:136)
	at org.apache.kafka.common.security.ssl.SslFactory.createNewSslEngineFactory(SslFactory.java:154)
	at org.apache.kafka.common.security.ssl.SslFactory.validateReconfiguration(SslFactory.java:112)
	at org.apache.kafka.common.network.SslChannelBuilder.validateReconfiguration(SslChannelBuilder.java:87)
	at org.apache.kafka.common.network.SslTransportLayerTest.verifyInvalidReconfigure(SslTransportLayerTest.java:1232)
	at org.apache.kafka.common.network.SslTransportLayerTest.testServerTruststoreDynamicUpdate(SslTransportLayerTest.java:1185)
	at sun.reflect.NativeMethodAccessorImpl.invoke0(Native Method)
	at sun.reflect.NativeMethodAccessorImpl.invoke(NativeMethodAccessorImpl.java:62)
	at sun.reflect.DelegatingMethodAccessorImpl.invoke(DelegatingMethodAccessorImpl.java:43)
	at java.lang.reflect.Method.invoke(Method.java:498)
	at org.junit.runners.model.FrameworkMethod$1.runReflectiveCall(FrameworkMethod.java:59)
	at org.junit.internal.runners.model.ReflectiveCallable.run(ReflectiveCallable.java:12)
	at org.junit.runners.model.FrameworkMethod.invokeExplosively(FrameworkMethod.java:56)
	at org.junit.internal.runners.statements.InvokeMethod.evaluate(InvokeMethod.java:17)
	at org.junit.internal.runners.statements.RunBefores.evaluate(RunBefores.java:26)
	at org.junit.internal.runners.statements.RunAfters.evaluate(RunAfters.java:27)
	at org.junit.runners.ParentRunner$3.evaluate(ParentRunner.java:306)
	at org.junit.runners.BlockJUnit4ClassRunner$1.evaluate(BlockJUnit4ClassRunner.java:100)
	at org.junit.runners.ParentRunner.runLeaf(ParentRunner.java:366)
	at org.junit.runners.BlockJUnit4ClassRunner.runChild(BlockJUnit4ClassRunner.java:103)
	at org.junit.runners.BlockJUnit4ClassRunner.runChild(BlockJUnit4ClassRunner.java:63)
	at org.junit.runners.ParentRunner$4.run(ParentRunner.java:331)
	at org.junit.runners.ParentRunner$1.schedule(ParentRunner.java:79)
	at org.junit.runners.ParentRunner.runChildren(ParentRunner.java:329)
	at org.junit.runners.ParentRunner.access$100(ParentRunner.java:66)
	at org.junit.runners.ParentRunner$2.evaluate(ParentRunner.java:293)
	at org.junit.runners.ParentRunner.run(ParentRunner.java:413)
	at org.junit.runners.Suite.runChild(Suite.java:128)
	at org.junit.runners.Suite.runChild(Suite.java:27)
	at org.junit.runners.ParentRunner$4.run(ParentRunner.java:331)
	at org.junit.runners.ParentRunner$1.schedule(ParentRunner.java:79)
	at org.junit.runners.ParentRunner.runChildren(ParentRunner.java:329)
	at org.junit.runners.ParentRunner.access$100(ParentRunner.java:66)
	at org.junit.runners.ParentRunner$2.evaluate(ParentRunner.java:293)
	at org.junit.runners.ParentRunner$3.evaluate(ParentRunner.java:306)
	at org.junit.runners.ParentRunner.run(ParentRunner.java:413)
	at org.gradle.api.internal.tasks.testing.junit.JUnitTestClassExecutor.runTestClass(JUnitTestClassExecutor.java:110)
	at org.gradle.api.internal.tasks.testing.junit.JUnitTestClassExecutor.execute(JUnitTestClassExecutor.java:58)
	at org.gradle.api.internal.tasks.testing.junit.JUnitTestClassExecutor.execute(JUnitTestClassExecutor.java:38)
	at org.gradle.api.internal.tasks.testing.junit.AbstractJUnitTestClassProcessor.processTestClass(AbstractJUnitTestClassProcessor.java:62)
	at org.gradle.api.internal.tasks.testing.SuiteTestClassProcessor.processTestClass(SuiteTestClassProcessor.java:51)
	at sun.reflect.GeneratedMethodAccessor35.invoke(Unknown Source)
	at sun.reflect.DelegatingMethodAccessorImpl.invoke(DelegatingMethodAccessorImpl.java:43)
	at java.lang.reflect.Method.invoke(Method.java:498)
	at org.gradle.internal.dispatch.ReflectionDispatch.dispatch(ReflectionDispatch.java:36)
	at org.gradle.internal.dispatch.ReflectionDispatch.dispatch(ReflectionDispatch.java:24)
	at org.gradle.internal.dispatch.ContextClassLoaderDispatch.dispatch(ContextClassLoaderDispatch.java:33)
	at org.gradle.internal.dispatch.ProxyDispatchAdapter$DispatchingInvocationHandler.invoke(ProxyDispatchAdapter.java:94)
	at com.sun.proxy.$Proxy2.processTestClass(Unknown Source)
	at org.gradle.api.internal.tasks.testing.worker.TestWorker.processTestClass(TestWorker.java:119)
	at sun.reflect.GeneratedMethodAccessor34.invoke(Unknown Source)
	at sun.reflect.DelegatingMethodAccessorImpl.invoke(DelegatingMethodAccessorImpl.java:43)
	at java.lang.reflect.Method.invoke(Method.java:498)
	at org.gradle.internal.dispatch.ReflectionDispatch.dispatch(ReflectionDispatch.java:36)
	at org.gradle.internal.dispatch.ReflectionDispatch.dispatch(ReflectionDispatch.java:24)
	at org.gradle.internal.remote.internal.hub.MessageHubBackedObjectConnection$DispatchWrapper.dispatch(MessageHubBackedObjectConnection.java:182)
	at org.gradle.internal.remote.internal.hub.MessageHubBackedObjectConnection$DispatchWrapper.dispatch(MessageHubBackedObjectConnection.java:164)
	at org.gradle.internal.remote.internal.hub.MessageHub$Handler.run(MessageHub.java:414)
	at org.gradle.internal.concurrent.ExecutorPolicy$CatchAndRecordFailures.onExecute(ExecutorPolicy.java:64)
	at org.gradle.internal.concurrent.ManagedExecutorImpl$1.run(ManagedExecutorImpl.java:48)
	at java.util.concurrent.ThreadPoolExecutor.runWorker(ThreadPoolExecutor.java:1149)
	at java.util.concurrent.ThreadPoolExecutor$Worker.run(ThreadPoolExecutor.java:624)
	at org.gradle.internal.concurrent.ThreadFactoryImpl$ManagedThreadRunnable.run(ThreadFactoryImpl.java:56)
	at java.lang.Thread.run(Thread.java:748)
[2020-10-29 10:33:03,967] ERROR Modification time of key store could not be obtained: some.truststore.path (org.apache.kafka.common.security.ssl.DefaultSslEngineFactory:385)
java.nio.file.NoSuchFileException: some.truststore.path
	at sun.nio.fs.UnixException.translateToIOException(UnixException.java:86)
	at sun.nio.fs.UnixException.rethrowAsIOException(UnixException.java:102)
	at sun.nio.fs.UnixException.rethrowAsIOException(UnixException.java:107)
	at sun.nio.fs.UnixFileAttributeViews$Basic.readAttributes(UnixFileAttributeViews.java:55)
	at sun.nio.fs.UnixFileSystemProvider.readAttributes(UnixFileSystemProvider.java:144)
	at java.nio.file.Files.readAttributes(Files.java:1737)
	at java.nio.file.Files.getLastModifiedTime(Files.java:2266)
	at org.apache.kafka.common.security.ssl.DefaultSslEngineFactory$FileBasedStore.lastModifiedMs(DefaultSslEngineFactory.java:383)
	at org.apache.kafka.common.security.ssl.DefaultSslEngineFactory$FileBasedStore.&lt;init&gt;(DefaultSslEngineFactory.java:348)
	at org.apache.kafka.common.security.ssl.DefaultSslEngineFactory.createTruststore(DefaultSslEngineFactory.java:322)
	at org.apache.kafka.common.security.ssl.DefaultSslEngineFactory.configure(DefaultSslEngineFactory.java:168)
	at org.apache.kafka.common.security.ssl.SslFactory.instantiateSslEngineFactory(SslFactory.java:136)
	at org.apache.kafka.common.security.ssl.SslFactory.createNewSslEngineFactory(SslFactory.java:154)
	at org.apache.kafka.common.security.ssl.SslFactory.reconfigure(SslFactory.java:117)
	at org.apache.kafka.common.network.SslChannelBuilder.reconfigure(SslChannelBuilder.java:92)
	at org.apache.kafka.common.network.SslTransportLayerTest.verifyInvalidReconfigure(SslTransportLayerTest.java:1238)
	at org.apache.kafka.common.network.SslTransportLayerTest.testServerTruststoreDynamicUpdate(SslTransportLayerTest.java:1185)
	at sun.reflect.NativeMethodAccessorImpl.invoke0(Native Method)
	at sun.reflect.NativeMethodAccessorImpl.invoke(NativeMethodAccessorImpl.java:62)
	at sun.reflect.DelegatingMethodAccessorImpl.invoke(DelegatingMethodAccessorImpl.java:43)
	at java.lang.reflect.Method.invoke(Method.java:498)
	at org.junit.runners.model.FrameworkMethod$1.runReflectiveCall(FrameworkMethod.java:59)
	at org.junit.internal.runners.model.ReflectiveCallable.run(ReflectiveCallable.java:12)
	at org.junit.runners.model.FrameworkMethod.invokeExplosively(FrameworkMethod.java:56)
	at org.junit.internal.runners.statements.InvokeMethod.evaluate(InvokeMethod.java:17)
	at org.junit.internal.runners.statements.RunBefores.evaluate(RunBefores.java:26)
	at org.junit.internal.runners.statements.RunAfters.evaluate(RunAfters.java:27)
	at org.junit.runners.ParentRunner$3.evaluate(ParentRunner.java:306)
	at org.junit.runners.BlockJUnit4ClassRunner$1.evaluate(BlockJUnit4ClassRunner.java:100)
	at org.junit.runners.ParentRunner.runLeaf(ParentRunner.java:366)
	at org.junit.runners.BlockJUnit4ClassRunner.runChild(BlockJUnit4ClassRunner.java:103)
	at org.junit.runners.BlockJUnit4ClassRunner.runChild(BlockJUnit4ClassRunner.java:63)
	at org.junit.runners.ParentRunner$4.run(ParentRunner.java:331)
	at org.junit.runners.ParentRunner$1.schedule(ParentRunner.java:79)
	at org.junit.runners.ParentRunner.runChildren(ParentRunner.java:329)
	at org.junit.runners.ParentRunner.access$100(ParentRunner.java:66)
	at org.junit.runners.ParentRunner$2.evaluate(ParentRunner.java:293)
	at org.junit.runners.ParentRunner.run(ParentRunner.java:413)
	at org.junit.runners.Suite.runChild(Suite.java:128)
	at org.junit.runners.Suite.runChild(Suite.java:27)
	at org.junit.runners.ParentRunner$4.run(ParentRunner.java:331)
	at org.junit.runners.ParentRunner$1.schedule(ParentRunner.java:79)
	at org.junit.runners.ParentRunner.runChildren(ParentRunner.java:329)
	at org.junit.runners.ParentRunner.access$100(ParentRunner.java:66)
	at org.junit.runners.ParentRunner$2.evaluate(ParentRunner.java:293)
	at org.junit.runners.ParentRunner$3.evaluate(ParentRunner.java:306)
	at org.junit.runners.ParentRunner.run(ParentRunner.java:413)
	at org.gradle.api.internal.tasks.testing.junit.JUnitTestClassExecutor.runTestClass(JUnitTestClassExecutor.java:110)
	at org.gradle.api.internal.tasks.testing.junit.JUnitTestClassExecutor.execute(JUnitTestClassExecutor.java:58)
	at org.gradle.api.internal.tasks.testing.junit.JUnitTestClassExecutor.execute(JUnitTestClassExecutor.java:38)
	at org.gradle.api.internal.tasks.testing.junit.AbstractJUnitTestClassProcessor.processTestClass(AbstractJUnitTestClassProcessor.java:62)
	at org.gradle.api.internal.tasks.testing.SuiteTestClassProcessor.processTestClass(SuiteTestClassProcessor.java:51)
	at sun.reflect.GeneratedMethodAccessor35.invoke(Unknown Source)
	at sun.reflect.DelegatingMethodAccessorImpl.invoke(DelegatingMethodAccessorImpl.java:43)
	at java.lang.reflect.Method.invoke(Method.java:498)
	at org.gradle.internal.dispatch.ReflectionDispatch.dispatch(ReflectionDispatch.java:36)
	at org.gradle.internal.dispatch.ReflectionDispatch.dispatch(ReflectionDispatch.java:24)
	at org.gradle.internal.dispatch.ContextClassLoaderDispatch.dispatch(ContextClassLoaderDispatch.java:33)
	at org.gradle.internal.dispatch.ProxyDispatchAdapter$DispatchingInvocationHandler.invoke(ProxyDispatchAdapter.java:94)
	at com.sun.proxy.$Proxy2.processTestClass(Unknown Source)
	at org.gradle.api.internal.tasks.testing.worker.TestWorker.processTestClass(TestWorker.java:119)
	at sun.reflect.GeneratedMethodAccessor34.invoke(Unknown Source)
	at sun.reflect.DelegatingMethodAccessorImpl.invoke(DelegatingMethodAccessorImpl.java:43)
	at java.lang.reflect.Method.invoke(Method.java:498)
	at org.gradle.internal.dispatch.ReflectionDispatch.dispatch(ReflectionDispatch.java:36)
	at org.gradle.internal.dispatch.ReflectionDispatch.dispatch(ReflectionDispatch.java:24)
	at org.gradle.internal.remote.internal.hub.MessageHubBackedObjectConnection$DispatchWrapper.dispatch(MessageHubBackedObjectConnection.java:182)
	at org.gradle.internal.remote.internal.hub.MessageHubBackedObjectConnection$DispatchWrapper.dispatch(MessageHubBackedObjectConnection.java:164)
	at org.gradle.internal.remote.internal.hub.MessageHub$Handler.run(MessageHub.java:414)
	at org.gradle.internal.concurrent.ExecutorPolicy$CatchAndRecordFailures.onExecute(ExecutorPolicy.java:64)
	at org.gradle.internal.concurrent.ManagedExecutorImpl$1.run(ManagedExecutorImpl.java:48)
	at java.util.concurrent.ThreadPoolExecutor.runWorker(ThreadPoolExecutor.java:1149)
	at java.util.concurrent.ThreadPoolExecutor$Worker.run(ThreadPoolExecutor.java:624)
	at org.gradle.internal.concurrent.ThreadFactoryImpl$ManagedThreadRunnable.run(ThreadFactoryImpl.java:56)
	at java.lang.Thread.run(Thread.java:748)
[2020-10-29 10:33:19,856] ERROR Modification time of key store could not be obtained: some.keystore.path (org.apache.kafka.common.security.ssl.DefaultSslEngineFactory:385)
java.nio.file.NoSuchFileException: some.keystore.path
	at sun.nio.fs.UnixException.translateToIOException(UnixException.java:86)
	at sun.nio.fs.UnixException.rethrowAsIOException(UnixException.java:102)
	at sun.nio.fs.UnixException.rethrowAsIOException(UnixException.java:107)
	at sun.nio.fs.UnixFileAttributeViews$Basic.readAttributes(UnixFileAttributeViews.java:55)
	at sun.nio.fs.UnixFileSystemProvider.readAttributes(UnixFileSystemProvider.java:144)
	at java.nio.file.Files.readAttributes(Files.java:1737)
	at java.nio.file.Files.getLastModifiedTime(Files.java:2266)
	at org.apache.kafka.common.security.ssl.DefaultSslEngineFactory$FileBasedStore.lastModifiedMs(DefaultSslEngineFactory.java:383)
	at org.apache.kafka.common.security.ssl.DefaultSslEngineFactory$FileBasedStore.&lt;init&gt;(DefaultSslEngineFactory.java:348)
	at org.apache.kafka.common.security.ssl.DefaultSslEngineFactory.createKeystore(DefaultSslEngineFactory.java:299)
	at org.apache.kafka.common.security.ssl.DefaultSslEngineFactory.configure(DefaultSslEngineFactory.java:161)
	at org.apache.kafka.common.security.ssl.SslFactory.instantiateSslEngineFactory(SslFactory.java:136)
	at org.apache.kafka.common.security.ssl.SslFactory.createNewSslEngineFactory(SslFactory.java:154)
	at org.apache.kafka.common.security.ssl.SslFactory.validateReconfiguration(SslFactory.java:112)
	at org.apache.kafka.common.network.SslChannelBuilder.validateReconfiguration(SslChannelBuilder.java:87)
	at org.apache.kafka.common.network.SslTransportLayerTest.verifyInvalidReconfigure(SslTransportLayerTest.java:1232)
	at org.apache.kafka.common.network.SslTransportLayerTest.testServerKeystoreDynamicUpdate(SslTransportLayerTest.java:1067)
	at sun.reflect.NativeMethodAccessorImpl.invoke0(Native Method)
	at sun.reflect.NativeMethodAccessorImpl.invoke(NativeMethodAccessorImpl.java:62)
	at sun.reflect.DelegatingMethodAccessorImpl.invoke(DelegatingMethodAccessorImpl.java:43)
	at java.lang.reflect.Method.invoke(Method.java:498)
	at org.junit.runners.model.FrameworkMethod$1.runReflectiveCall(FrameworkMethod.java:59)
	at org.junit.internal.runners.model.ReflectiveCallable.run(ReflectiveCallable.java:12)
	at org.junit.runners.model.FrameworkMethod.invokeExplosively(FrameworkMethod.java:56)
	at org.junit.internal.runners.statements.InvokeMethod.evaluate(InvokeMethod.java:17)
	at org.junit.internal.runners.statements.RunBefores.evaluate(RunBefores.java:26)
	at org.junit.internal.runners.statements.RunAfters.evaluate(RunAfters.java:27)
	at org.junit.runners.ParentRunner$3.evaluate(ParentRunner.java:306)
	at org.junit.runners.BlockJUnit4ClassRunner$1.evaluate(BlockJUnit4ClassRunner.java:100)
	at org.junit.runners.ParentRunner.runLeaf(ParentRunner.java:366)
	at org.junit.runners.BlockJUnit4ClassRunner.runChild(BlockJUnit4ClassRunner.java:103)
	at org.junit.runners.BlockJUnit4ClassRunner.runChild(BlockJUnit4ClassRunner.java:63)
	at org.junit.runners.ParentRunner$4.run(ParentRunner.java:331)
	at org.junit.runners.ParentRunner$1.schedule(ParentRunner.java:79)
	at org.junit.runners.ParentRunner.runChildren(ParentRunner.java:329)
	at org.junit.runners.ParentRunner.access$100(ParentRunner.java:66)
	at org.junit.runners.ParentRunner$2.evaluate(ParentRunner.java:293)
	at org.junit.runners.ParentRunner.run(ParentRunner.java:413)
	at org.junit.runners.Suite.runChild(Suite.java:128)
	at org.junit.runners.Suite.runChild(Suite.java:27)
	at org.junit.runners.ParentRunner$4.run(ParentRunner.java:331)
	at org.junit.runners.ParentRunner$1.schedule(ParentRunner.java:79)
	at org.junit.runners.ParentRunner.runChildren(ParentRunner.java:329)
	at org.junit.runners.ParentRunner.access$100(ParentRunner.java:66)
	at org.junit.runners.ParentRunner$2.evaluate(ParentRunner.java:293)
	at org.junit.runners.ParentRunner$3.evaluate(ParentRunner.java:306)
	at org.junit.runners.ParentRunner.run(ParentRunner.java:413)
	at org.gradle.api.internal.tasks.testing.junit.JUnitTestClassExecutor.runTestClass(JUnitTestClassExecutor.java:110)
	at org.gradle.api.internal.tasks.testing.junit.JUnitTestClassExecutor.execute(JUnitTestClassExecutor.java:58)
	at org.gradle.api.internal.tasks.testing.junit.JUnitTestClassExecutor.execute(JUnitTestClassExecutor.java:38)
	at org.gradle.api.internal.tasks.testing.junit.AbstractJUnitTestClassProcessor.processTestClass(AbstractJUnitTestClassProcessor.java:62)
	at org.gradle.api.internal.tasks.testing.SuiteTestClassProcessor.processTestClass(SuiteTestClassProcessor.java:51)
	at sun.reflect.GeneratedMethodAccessor35.invoke(Unknown Source)
	at sun.reflect.DelegatingMethodAccessorImpl.invoke(DelegatingMethodAccessorImpl.java:43)
	at java.lang.reflect.Method.invoke(Method.java:498)
	at org.gradle.internal.dispatch.ReflectionDispatch.dispatch(ReflectionDispatch.java:36)
	at org.gradle.internal.dispatch.ReflectionDispatch.dispatch(ReflectionDispatch.java:24)
	at org.gradle.internal.dispatch.ContextClassLoaderDispatch.dispatch(ContextClassLoaderDispatch.java:33)
	at org.gradle.internal.dispatch.ProxyDispatchAdapter$DispatchingInvocationHandler.invoke(ProxyDispatchAdapter.java:94)
	at com.sun.proxy.$Proxy2.processTestClass(Unknown Source)
	at org.gradle.api.internal.tasks.testing.worker.TestWorker.processTestClass(TestWorker.java:119)
	at sun.reflect.GeneratedMethodAccessor34.invoke(Unknown Source)
	at sun.reflect.DelegatingMethodAccessorImpl.invoke(DelegatingMethodAccessorImpl.java:43)
	at java.lang.reflect.Method.invoke(Method.java:498)
	at org.gradle.internal.dispatch.ReflectionDispatch.dispatch(ReflectionDispatch.java:36)
	at org.gradle.internal.dispatch.ReflectionDispatch.dispatch(ReflectionDispatch.java:24)
	at org.gradle.internal.remote.internal.hub.MessageHubBackedObjectConnection$DispatchWrapper.dispatch(MessageHubBackedObjectConnection.java:182)
	at org.gradle.internal.remote.internal.hub.MessageHubBackedObjectConnection$DispatchWrapper.dispatch(MessageHubBackedObjectConnection.java:164)
	at org.gradle.internal.remote.internal.hub.MessageHub$Handler.run(MessageHub.java:414)
	at org.gradle.internal.concurrent.ExecutorPolicy$CatchAndRecordFailures.onExecute(ExecutorPolicy.java:64)
	at org.gradle.internal.concurrent.ManagedExecutorImpl$1.run(ManagedExecutorImpl.java:48)
	at java.util.concurrent.ThreadPoolExecutor.runWorker(ThreadPoolExecutor.java:1149)
	at java.util.concurrent.ThreadPoolExecutor$Worker.run(ThreadPoolExecutor.java:624)
	at org.gradle.internal.concurrent.ThreadFactoryImpl$ManagedThreadRunnable.run(ThreadFactoryImpl.java:56)
	at java.lang.Thread.run(Thread.java:748)
[2020-10-29 10:33:19,865] ERROR Modification time of key store could not be obtained: some.keystore.path (org.apache.kafka.common.security.ssl.DefaultSslEngineFactory:385)
java.nio.file.NoSuchFileException: some.keystore.path
	at sun.nio.fs.UnixException.translateToIOException(UnixException.java:86)
	at sun.nio.fs.UnixException.rethrowAsIOException(UnixException.java:102)
	at sun.nio.fs.UnixException.rethrowAsIOException(UnixException.java:107)
	at sun.nio.fs.UnixFileAttributeViews$Basic.readAttributes(UnixFileAttributeViews.java:55)
	at sun.nio.fs.UnixFileSystemProvider.readAttributes(UnixFileSystemProvider.java:144)
	at java.nio.file.Files.readAttributes(Files.java:1737)
	at java.nio.file.Files.getLastModifiedTime(Files.java:2266)
	at org.apache.kafka.common.security.ssl.DefaultSslEngineFactory$FileBasedStore.lastModifiedMs(DefaultSslEngineFactory.java:383)
	at org.apache.kafka.common.security.ssl.DefaultSslEngineFactory$FileBasedStore.&lt;init&gt;(DefaultSslEngineFactory.java:348)
	at org.apache.kafka.common.security.ssl.DefaultSslEngineFactory.createKeystore(DefaultSslEngineFactory.java:299)
	at org.apache.kafka.common.security.ssl.DefaultSslEngineFactory.configure(DefaultSslEngineFactory.java:161)
	at org.apache.kafka.common.security.ssl.SslFactory.instantiateSslEngineFactory(SslFactory.java:136)
	at org.apache.kafka.common.security.ssl.SslFactory.createNewSslEngineFactory(SslFactory.java:154)
	at org.apache.kafka.common.security.ssl.SslFactory.reconfigure(SslFactory.java:117)
	at org.apache.kafka.common.network.SslChannelBuilder.reconfigure(SslChannelBuilder.java:92)
	at org.apache.kafka.common.network.SslTransportLayerTest.verifyInvalidReconfigure(SslTransportLayerTest.java:1238)
	at org.apache.kafka.common.network.SslTransportLayerTest.testServerKeystoreDynamicUpdate(SslTransportLayerTest.java:1067)
	at sun.reflect.NativeMethodAccessorImpl.invoke0(Native Method)
	at sun.reflect.NativeMethodAccessorImpl.invoke(NativeMethodAccessorImpl.java:62)
	at sun.reflect.DelegatingMethodAccessorImpl.invoke(DelegatingMethodAccessorImpl.java:43)
	at java.lang.reflect.Method.invoke(Method.java:498)
	at org.junit.runners.model.FrameworkMethod$1.runReflectiveCall(FrameworkMethod.java:59)
	at org.junit.internal.runners.model.ReflectiveCallable.run(ReflectiveCallable.java:12)
	at org.junit.runners.model.FrameworkMethod.invokeExplosively(FrameworkMethod.java:56)
	at org.junit.internal.runners.statements.InvokeMethod.evaluate(InvokeMethod.java:17)
	at org.junit.internal.runners.statements.RunBefores.evaluate(RunBefores.java:26)
	at org.junit.internal.runners.statements.RunAfters.evaluate(RunAfters.java:27)
	at org.junit.runners.ParentRunner$3.evaluate(ParentRunner.java:306)
	at org.junit.runners.BlockJUnit4ClassRunner$1.evaluate(BlockJUnit4ClassRunner.java:100)
	at org.junit.runners.ParentRunner.runLeaf(ParentRunner.java:366)
	at org.junit.runners.BlockJUnit4ClassRunner.runChild(BlockJUnit4ClassRunner.java:103)
	at org.junit.runners.BlockJUnit4ClassRunner.runChild(BlockJUnit4ClassRunner.java:63)
	at org.junit.runners.ParentRunner$4.run(ParentRunner.java:331)
	at org.junit.runners.ParentRunner$1.schedule(ParentRunner.java:79)
	at org.junit.runners.ParentRunner.runChildren(ParentRunner.java:329)
	at org.junit.runners.ParentRunner.access$100(ParentRunner.java:66)
	at org.junit.runners.ParentRunner$2.evaluate(ParentRunner.java:293)
	at org.junit.runners.ParentRunner.run(ParentRunner.java:413)
	at org.junit.runners.Suite.runChild(Suite.java:128)
	at org.junit.runners.Suite.runChild(Suite.java:27)
	at org.junit.runners.ParentRunner$4.run(ParentRunner.java:331)
	at org.junit.runners.ParentRunner$1.schedule(ParentRunner.java:79)
	at org.junit.runners.ParentRunner.runChildren(ParentRunner.java:329)
	at org.junit.runners.ParentRunner.access$100(ParentRunner.java:66)
	at org.junit.runners.ParentRunner$2.evaluate(ParentRunner.java:293)
	at org.junit.runners.ParentRunner$3.evaluate(ParentRunner.java:306)
	at org.junit.runners.ParentRunner.run(ParentRunner.java:413)
	at org.gradle.api.internal.tasks.testing.junit.JUnitTestClassExecutor.runTestClass(JUnitTestClassExecutor.java:110)
	at org.gradle.api.internal.tasks.testing.junit.JUnitTestClassExecutor.execute(JUnitTestClassExecutor.java:58)
	at org.gradle.api.internal.tasks.testing.junit.JUnitTestClassExecutor.execute(JUnitTestClassExecutor.java:38)
	at org.gradle.api.internal.tasks.testing.junit.AbstractJUnitTestClassProcessor.processTestClass(AbstractJUnitTestClassProcessor.java:62)
	at org.gradle.api.internal.tasks.testing.SuiteTestClassProcessor.processTestClass(SuiteTestClassProcessor.java:51)
	at sun.reflect.GeneratedMethodAccessor35.invoke(Unknown Source)
	at sun.reflect.DelegatingMethodAccessorImpl.invoke(DelegatingMethodAccessorImpl.java:43)
	at java.lang.reflect.Method.invoke(Method.java:498)
	at org.gradle.internal.dispatch.ReflectionDispatch.dispatch(ReflectionDispatch.java:36)
	at org.gradle.internal.dispatch.ReflectionDispatch.dispatch(ReflectionDispatch.java:24)
	at org.gradle.internal.dispatch.ContextClassLoaderDispatch.dispatch(ContextClassLoaderDispatch.java:33)
	at org.gradle.internal.dispatch.ProxyDispatchAdapter$DispatchingInvocationHandler.invoke(ProxyDispatchAdapter.java:94)
	at com.sun.proxy.$Proxy2.processTestClass(Unknown Source)
	at org.gradle.api.internal.tasks.testing.worker.TestWorker.processTestClass(TestWorker.java:119)
	at sun.reflect.GeneratedMethodAccessor34.invoke(Unknown Source)
	at sun.reflect.DelegatingMethodAccessorImpl.invoke(DelegatingMethodAccessorImpl.java:43)
	at java.lang.reflect.Method.invoke(Method.java:498)
	at org.gradle.internal.dispatch.ReflectionDispatch.dispatch(ReflectionDispatch.java:36)
	at org.gradle.internal.dispatch.ReflectionDispatch.dispatch(ReflectionDispatch.java:24)
	at org.gradle.internal.remote.internal.hub.MessageHubBackedObjectConnection$DispatchWrapper.dispatch(MessageHubBackedObjectConnection.java:182)
	at org.gradle.internal.remote.internal.hub.MessageHubBackedObjectConnection$DispatchWrapper.dispatch(MessageHubBackedObjectConnection.java:164)
	at org.gradle.internal.remote.internal.hub.MessageHub$Handler.run(MessageHub.java:414)
	at org.gradle.internal.concurrent.ExecutorPolicy$CatchAndRecordFailures.onExecute(ExecutorPolicy.java:64)
	at org.gradle.internal.concurrent.ManagedExecutorImpl$1.run(ManagedExecutorImpl.java:48)
	at java.util.concurrent.ThreadPoolExecutor.runWorker(ThreadPoolExecutor.java:1149)
	at java.util.concurrent.ThreadPoolExecutor$Worker.run(ThreadPoolExecutor.java:624)
	at org.gradle.internal.concurrent.ThreadFactoryImpl$ManagedThreadRunnable.run(ThreadFactoryImpl.java:56)
	at java.lang.Thread.run(Thread.java:748)
</pre>
</span>
</div>
</div>
<div id="footer">
<p>
<div>
<label class="hidden" id="label-for-line-wrapping-toggle" for="line-wrapping-toggle">Wrap lines
<input id="line-wrapping-toggle" type="checkbox" autocomplete="off"/>
</label>
</div>Generated by 
<a href="http://www.gradle.org">Gradle 6.7</a> at 2020-10-29 10:36:13</p>
</div>
</div>
</body>
</html>
